<?xml version="1.0" encoding="utf-8"?>
<CoverageSession xmlns:xsd="http://www.w3.org/2001/XMLSchema" xmlns:xsi="http://www.w3.org/2001/XMLSchema-instance">
  <Summary numSequencePoints="465" visitedSequencePoints="306" numBranchPoints="217" visitedBranchPoints="133" sequenceCoverage="65.81" branchCoverage="61.29" maxCyclomaticComplexity="12" minCyclomaticComplexity="1" visitedClasses="15" numClasses="18" visitedMethods="80" numMethods="105" />
  <Modules>
    <Module skippedDueTo="Filter" hash="D8-53-B0-07-8D-F9-9A-13-7D-98-00-E6-F2-C4-C4-74-70-5D-80-7A">
      <FullName>C:\Windows\Microsoft.Net\assembly\GAC_64\mscorlib\v4.0_4.0.0.0__b77a5c561934e089\mscorlib.dll</FullName>
      <ModuleName>mscorlib</ModuleName>
      <Classes />
    </Module>
    <Module skippedDueTo="MissingPdb" hash="42-5D-0E-14-9A-00-93-21-57-8C-FC-8C-B0-3D-F9-C7-AF-CD-A3-02">
      <FullName>C:\Users\Administrator\Source\Repos\FSE_Cap_TaskMGRAPI\packages\NUnit.ConsoleRunner.3.9.0\tools\nunit3-console.exe</FullName>
      <ModuleName>nunit3-console</ModuleName>
      <Classes />
    </Module>
    <Module skippedDueTo="Filter" hash="EE-77-8B-34-FE-47-61-EA-AD-62-7D-B3-79-79-9C-B7-64-F3-12-03">
      <FullName>C:\Windows\Microsoft.Net\assembly\GAC_MSIL\System\v4.0_4.0.0.0__b77a5c561934e089\System.dll</FullName>
      <ModuleName>System</ModuleName>
      <Classes />
    </Module>
    <Module skippedDueTo="MissingPdb" hash="0A-47-64-32-4B-83-DF-99-42-5A-C7-DE-DA-21-E5-6C-A1-90-50-AC">
      <FullName>C:\Users\Administrator\Source\Repos\FSE_Cap_TaskMGRAPI\packages\NUnit.ConsoleRunner.3.9.0\tools\nunit.engine.api.dll</FullName>
      <ModuleName>nunit.engine.api</ModuleName>
      <Classes />
    </Module>
    <Module skippedDueTo="MissingPdb" hash="D5-00-67-52-C5-AF-05-06-2D-35-DF-4F-C4-22-51-88-35-4A-CD-00">
      <FullName>C:\Users\Administrator\Source\Repos\FSE_Cap_TaskMGRAPI\packages\NUnit.ConsoleRunner.3.9.0\tools\nunit.engine.dll</FullName>
      <ModuleName>nunit.engine</ModuleName>
      <Classes />
    </Module>
    <Module skippedDueTo="MissingPdb" hash="D5-00-67-52-C5-AF-05-06-2D-35-DF-4F-C4-22-51-88-35-4A-CD-00">
      <FullName>C:\Users\Administrator\Source\Repos\FSE_Cap_TaskMGRAPI\packages\NUnit.ConsoleRunner.3.9.0\tools\nunit.engine.dll</FullName>
      <ModuleName>nunit.engine</ModuleName>
      <Classes />
    </Module>
    <Module skippedDueTo="Filter" hash="F7-E9-75-D6-35-98-70-4A-0F-45-76-1B-B3-83-70-38-5E-DF-02-47">
      <FullName>C:\Windows\Microsoft.Net\assembly\GAC_MSIL\System.Xml\v4.0_4.0.0.0__b77a5c561934e089\System.Xml.dll</FullName>
      <ModuleName>System.Xml</ModuleName>
      <Classes />
    </Module>
    <Module skippedDueTo="Filter" hash="F3-16-D4-5E-C5-50-B3-22-7B-4E-24-71-CD-D2-35-E6-9C-74-2B-E4">
      <FullName>C:\Windows\Microsoft.Net\assembly\GAC_64\System.Web\v4.0_4.0.0.0__b03f5f7f11d50a3a\System.Web.dll</FullName>
      <ModuleName>System.Web</ModuleName>
      <Classes />
    </Module>
    <Module skippedDueTo="MissingPdb" hash="7C-26-06-1C-0A-29-02-E5-32-A6-26-CA-D2-F5-06-AA-A1-3B-9C-8F">
      <FullName>C:\Users\Administrator\Source\Repos\FSE_Cap_TaskMGRAPI\packages\NUnit.ConsoleRunner.3.9.0\tools\Mono.Cecil.dll</FullName>
      <ModuleName>Mono.Cecil</ModuleName>
      <Classes />
    </Module>
    <Module skippedDueTo="Filter" hash="31-76-6A-81-5B-45-2B-B2-02-8C-E4-69-D2-C3-8F-87-B1-54-25-E8">
      <FullName>C:\Windows\Microsoft.Net\assembly\GAC_MSIL\System.Core\v4.0_4.0.0.0__b77a5c561934e089\System.Core.dll</FullName>
      <ModuleName>System.Core</ModuleName>
      <Classes />
    </Module>
    <Module skippedDueTo="Filter" hash="0F-6F-F3-F5-1C-3A-A7-26-E2-D9-16-C9-A4-9C-AD-C3-B6-CA-24-A2">
      <FullName>C:\Windows\Microsoft.Net\assembly\GAC_MSIL\System.Runtime.Remoting\v4.0_4.0.0.0__b77a5c561934e089\System.Runtime.Remoting.dll</FullName>
      <ModuleName>System.Runtime.Remoting</ModuleName>
      <Classes />
    </Module>
    <Module skippedDueTo="Filter" hash="9C-DB-95-DC-25-D5-38-7E-C2-3A-20-8F-14-5D-A9-56-2A-D7-00-E3">
      <FullName>C:\Windows\Microsoft.Net\assembly\GAC_MSIL\System.Configuration\v4.0_4.0.0.0__b03f5f7f11d50a3a\System.Configuration.dll</FullName>
      <ModuleName>System.Configuration</ModuleName>
      <Classes />
    </Module>
    <Module skippedDueTo="Filter" hash="D8-53-B0-07-8D-F9-9A-13-7D-98-00-E6-F2-C4-C4-74-70-5D-80-7A">
      <FullName>C:\Windows\Microsoft.Net\assembly\GAC_64\mscorlib\v4.0_4.0.0.0__b77a5c561934e089\mscorlib.dll</FullName>
      <ModuleName>mscorlib</ModuleName>
      <Classes />
    </Module>
    <Module skippedDueTo="MissingPdb" hash="D0-28-87-1E-9F-96-03-5C-DD-6C-EE-2A-08-04-43-0E-24-28-FE-11">
      <FullName>C:\Users\Administrator\Source\Repos\FSE_Cap_TaskMGRAPI\packages\NUnit.ConsoleRunner.3.9.0\tools\nunit-agent.exe</FullName>
      <ModuleName>nunit-agent</ModuleName>
      <Classes />
    </Module>
    <Module skippedDueTo="MissingPdb" hash="0A-47-64-32-4B-83-DF-99-42-5A-C7-DE-DA-21-E5-6C-A1-90-50-AC">
      <FullName>C:\Users\Administrator\Source\Repos\FSE_Cap_TaskMGRAPI\packages\NUnit.ConsoleRunner.3.9.0\tools\nunit.engine.api.dll</FullName>
      <ModuleName>nunit.engine.api</ModuleName>
      <Classes />
    </Module>
    <Module skippedDueTo="Filter" hash="EE-77-8B-34-FE-47-61-EA-AD-62-7D-B3-79-79-9C-B7-64-F3-12-03">
      <FullName>C:\Windows\Microsoft.Net\assembly\GAC_MSIL\System\v4.0_4.0.0.0__b77a5c561934e089\System.dll</FullName>
      <ModuleName>System</ModuleName>
      <Classes />
    </Module>
    <Module skippedDueTo="MissingPdb" hash="D5-00-67-52-C5-AF-05-06-2D-35-DF-4F-C4-22-51-88-35-4A-CD-00">
      <FullName>C:\Users\Administrator\Source\Repos\FSE_Cap_TaskMGRAPI\packages\NUnit.ConsoleRunner.3.9.0\tools\nunit.engine.dll</FullName>
      <ModuleName>nunit.engine</ModuleName>
      <Classes />
    </Module>
    <Module skippedDueTo="Filter" hash="F7-E9-75-D6-35-98-70-4A-0F-45-76-1B-B3-83-70-38-5E-DF-02-47">
      <FullName>C:\Windows\Microsoft.Net\assembly\GAC_MSIL\System.Xml\v4.0_4.0.0.0__b77a5c561934e089\System.Xml.dll</FullName>
      <ModuleName>System.Xml</ModuleName>
      <Classes />
    </Module>
    <Module skippedDueTo="Filter" hash="F3-16-D4-5E-C5-50-B3-22-7B-4E-24-71-CD-D2-35-E6-9C-74-2B-E4">
      <FullName>C:\Windows\Microsoft.Net\assembly\GAC_64\System.Web\v4.0_4.0.0.0__b03f5f7f11d50a3a\System.Web.dll</FullName>
      <ModuleName>System.Web</ModuleName>
      <Classes />
    </Module>
    <Module skippedDueTo="MissingPdb" hash="7C-26-06-1C-0A-29-02-E5-32-A6-26-CA-D2-F5-06-AA-A1-3B-9C-8F">
      <FullName>C:\Users\Administrator\Source\Repos\FSE_Cap_TaskMGRAPI\packages\NUnit.ConsoleRunner.3.9.0\tools\Mono.Cecil.dll</FullName>
      <ModuleName>Mono.Cecil</ModuleName>
      <Classes />
    </Module>
    <Module skippedDueTo="Filter" hash="31-76-6A-81-5B-45-2B-B2-02-8C-E4-69-D2-C3-8F-87-B1-54-25-E8">
      <FullName>C:\Windows\Microsoft.Net\assembly\GAC_MSIL\System.Core\v4.0_4.0.0.0__b77a5c561934e089\System.Core.dll</FullName>
      <ModuleName>System.Core</ModuleName>
      <Classes />
    </Module>
    <Module skippedDueTo="Filter" hash="0F-6F-F3-F5-1C-3A-A7-26-E2-D9-16-C9-A4-9C-AD-C3-B6-CA-24-A2">
      <FullName>C:\Windows\Microsoft.Net\assembly\GAC_MSIL\System.Runtime.Remoting\v4.0_4.0.0.0__b77a5c561934e089\System.Runtime.Remoting.dll</FullName>
      <ModuleName>System.Runtime.Remoting</ModuleName>
      <Classes />
    </Module>
    <Module skippedDueTo="Filter" hash="9C-DB-95-DC-25-D5-38-7E-C2-3A-20-8F-14-5D-A9-56-2A-D7-00-E3">
      <FullName>C:\Windows\Microsoft.Net\assembly\GAC_MSIL\System.Configuration\v4.0_4.0.0.0__b03f5f7f11d50a3a\System.Configuration.dll</FullName>
      <ModuleName>System.Configuration</ModuleName>
      <Classes />
    </Module>
    <Module skippedDueTo="MissingPdb" hash="A7-9F-41-2F-47-0F-3E-C7-DD-99-9E-73-7D-AF-41-93-23-DC-2B-18">
      <FullName>C:\Users\Administrator\Source\Repos\FSE_Cap_TaskMGRAPI\UnitTest\TaskManager.DataAccess.Tests\bin\Debug\nunit.framework.dll</FullName>
      <ModuleName>nunit.framework</ModuleName>
      <Classes />
    </Module>
    <Module skippedDueTo="Filter" hash="EE-77-8B-34-FE-47-61-EA-AD-62-7D-B3-79-79-9C-B7-64-F3-12-03">
      <FullName>C:\Windows\Microsoft.Net\assembly\GAC_MSIL\System\v4.0_4.0.0.0__b77a5c561934e089\System.dll</FullName>
      <ModuleName>System</ModuleName>
      <Classes />
    </Module>
    <Module skippedDueTo="Filter" hash="31-76-6A-81-5B-45-2B-B2-02-8C-E4-69-D2-C3-8F-87-B1-54-25-E8">
      <FullName>C:\Windows\Microsoft.Net\assembly\GAC_MSIL\System.Core\v4.0_4.0.0.0__b77a5c561934e089\System.Core.dll</FullName>
      <ModuleName>System.Core</ModuleName>
      <Classes />
    </Module>
    <Module skippedDueTo="Filter" hash="F3-16-D4-5E-C5-50-B3-22-7B-4E-24-71-CD-D2-35-E6-9C-74-2B-E4">
      <FullName>C:\Windows\Microsoft.Net\assembly\GAC_64\System.Web\v4.0_4.0.0.0__b03f5f7f11d50a3a\System.Web.dll</FullName>
      <ModuleName>System.Web</ModuleName>
      <Classes />
    </Module>
    <Module hash="1B-AE-F9-87-5E-39-6A-C4-A7-02-AF-42-6D-83-CE-EF-FA-76-E5-CA">
      <Summary numSequencePoints="45" visitedSequencePoints="45" numBranchPoints="9" visitedBranchPoints="9" sequenceCoverage="100" branchCoverage="100" maxCyclomaticComplexity="1" minCyclomaticComplexity="1" visitedClasses="2" numClasses="2" visitedMethods="9" numMethods="9" />
      <FullName>C:\Users\Administrator\Source\Repos\FSE_Cap_TaskMGRAPI\UnitTest\TaskManager.DataAccess.Tests\bin\Debug\TaskManager.DataAccess.Tests.dll</FullName>
      <ModuleName>TaskManager.DataAccess.Tests</ModuleName>
      <Files>
        <File uid="1" fullPath="C:\Users\Administrator\Source\Repos\FSE_Cap_TaskMGRAPI\UnitTest\TaskManager.DataAccess.Tests\Controllers\TaskControllerUnitTest.cs" />
        <File uid="2" fullPath="C:\Users\Administrator\Source\Repos\FSE_Cap_TaskMGRAPI\UnitTest\TaskManager.DataAccess.Tests\DataAccess\DataAccessManagerTest.cs" />
      </Files>
      <Classes>
        <Class>
          <Summary numSequencePoints="0" visitedSequencePoints="0" numBranchPoints="0" visitedBranchPoints="0" sequenceCoverage="0" branchCoverage="0" maxCyclomaticComplexity="0" minCyclomaticComplexity="0" visitedClasses="0" numClasses="0" visitedMethods="0" numMethods="0" />
          <FullName>&lt;Module&gt;</FullName>
          <Methods />
        </Class>
        <Class>
          <Summary numSequencePoints="41" visitedSequencePoints="41" numBranchPoints="8" visitedBranchPoints="8" sequenceCoverage="100" branchCoverage="100" maxCyclomaticComplexity="1" minCyclomaticComplexity="1" visitedClasses="1" numClasses="1" visitedMethods="8" numMethods="8" />
          <FullName>TaskManager.DataAccess.Tests.TaskControllerUnitTest</FullName>
          <Methods>
            <Method visited="true" cyclomaticComplexity="1" sequenceCoverage="100" branchCoverage="100" isConstructor="false" isStatic="false" isGetter="false" isSetter="false">
              <Summary numSequencePoints="3" visitedSequencePoints="3" numBranchPoints="1" visitedBranchPoints="1" sequenceCoverage="100" branchCoverage="100" maxCyclomaticComplexity="1" minCyclomaticComplexity="1" visitedClasses="0" numClasses="0" visitedMethods="1" numMethods="1" />
              <MetadataToken>100663297</MetadataToken>
              <Name>System.Void TaskManager.DataAccess.Tests.TaskControllerUnitTest::AppStartTestMethod()</Name>
              <FileRef uid="1" />
              <SequencePoints>
                <SequencePoint vc="1" uspid="1" ordinal="0" offset="0" sl="15" sc="9" el="15" ec="10" bec="0" bev="0" fileid="1" />
                <SequencePoint vc="1" uspid="2" ordinal="1" offset="1" sl="16" sc="13" el="16" ec="61" bec="0" bev="0" fileid="1" />
                <SequencePoint vc="1" uspid="3" ordinal="2" offset="7" sl="17" sc="9" el="17" ec="10" bec="0" bev="0" fileid="1" />
              </SequencePoints>
              <BranchPoints />
              <MethodPoint xsi:type="SequencePoint" vc="1" uspid="1" ordinal="0" offset="0" sl="15" sc="9" el="15" ec="10" bec="0" bev="0" fileid="1" />
            </Method>
            <Method visited="true" cyclomaticComplexity="1" sequenceCoverage="100" branchCoverage="100" isConstructor="false" isStatic="false" isGetter="false" isSetter="false">
              <Summary numSequencePoints="4" visitedSequencePoints="4" numBranchPoints="1" visitedBranchPoints="1" sequenceCoverage="100" branchCoverage="100" maxCyclomaticComplexity="1" minCyclomaticComplexity="1" visitedClasses="0" numClasses="0" visitedMethods="1" numMethods="1" />
              <MetadataToken>100663298</MetadataToken>
              <Name>System.Void TaskManager.DataAccess.Tests.TaskControllerUnitTest::WebApiConfigRegisterTestMethod()</Name>
              <FileRef uid="1" />
              <SequencePoints>
                <SequencePoint vc="1" uspid="4" ordinal="0" offset="0" sl="21" sc="9" el="21" ec="10" bec="0" bev="0" fileid="1" />
                <SequencePoint vc="1" uspid="5" ordinal="1" offset="1" sl="22" sc="13" el="22" ec="66" bec="0" bev="0" fileid="1" />
                <SequencePoint vc="1" uspid="6" ordinal="2" offset="7" sl="23" sc="13" el="23" ec="43" bec="0" bev="0" fileid="1" />
                <SequencePoint vc="1" uspid="7" ordinal="3" offset="14" sl="24" sc="9" el="24" ec="10" bec="0" bev="0" fileid="1" />
              </SequencePoints>
              <BranchPoints />
              <MethodPoint xsi:type="SequencePoint" vc="1" uspid="4" ordinal="0" offset="0" sl="21" sc="9" el="21" ec="10" bec="0" bev="0" fileid="1" />
            </Method>
            <Method visited="true" cyclomaticComplexity="1" sequenceCoverage="100" branchCoverage="100" isConstructor="false" isStatic="false" isGetter="false" isSetter="false">
              <Summary numSequencePoints="5" visitedSequencePoints="5" numBranchPoints="1" visitedBranchPoints="1" sequenceCoverage="100" branchCoverage="100" maxCyclomaticComplexity="1" minCyclomaticComplexity="1" visitedClasses="0" numClasses="0" visitedMethods="1" numMethods="1" />
              <MetadataToken>100663299</MetadataToken>
              <Name>System.Void TaskManager.DataAccess.Tests.TaskControllerUnitTest::GetParentsTestMethod()</Name>
              <FileRef uid="1" />
              <SequencePoints>
                <SequencePoint vc="1" uspid="8" ordinal="0" offset="0" sl="28" sc="9" el="28" ec="10" bec="0" bev="0" fileid="1" />
                <SequencePoint vc="1" uspid="9" ordinal="1" offset="1" sl="29" sc="13" el="29" ec="66" bec="0" bev="0" fileid="1" />
                <SequencePoint vc="1" uspid="10" ordinal="2" offset="7" sl="30" sc="13" el="30" ec="79" bec="0" bev="0" fileid="1" />
                <SequencePoint vc="1" uspid="11" ordinal="3" offset="30" sl="31" sc="13" el="31" ec="150" bec="0" bev="0" fileid="1" />
                <SequencePoint vc="1" uspid="12" ordinal="4" offset="101" sl="32" sc="9" el="32" ec="10" bec="0" bev="0" fileid="1" />
              </SequencePoints>
              <BranchPoints />
              <MethodPoint xsi:type="SequencePoint" vc="1" uspid="8" ordinal="0" offset="0" sl="28" sc="9" el="28" ec="10" bec="0" bev="0" fileid="1" />
            </Method>
            <Method visited="true" cyclomaticComplexity="1" sequenceCoverage="100" branchCoverage="100" isConstructor="false" isStatic="false" isGetter="false" isSetter="false">
              <Summary numSequencePoints="5" visitedSequencePoints="5" numBranchPoints="1" visitedBranchPoints="1" sequenceCoverage="100" branchCoverage="100" maxCyclomaticComplexity="1" minCyclomaticComplexity="1" visitedClasses="0" numClasses="0" visitedMethods="1" numMethods="1" />
              <MetadataToken>100663300</MetadataToken>
              <Name>System.Void TaskManager.DataAccess.Tests.TaskControllerUnitTest::GetTasksTestMethod()</Name>
              <FileRef uid="1" />
              <SequencePoints>
                <SequencePoint vc="1" uspid="13" ordinal="0" offset="0" sl="36" sc="9" el="36" ec="10" bec="0" bev="0" fileid="1" />
                <SequencePoint vc="1" uspid="14" ordinal="1" offset="1" sl="37" sc="13" el="37" ec="66" bec="0" bev="0" fileid="1" />
                <SequencePoint vc="1" uspid="15" ordinal="2" offset="7" sl="38" sc="13" el="38" ec="84" bec="0" bev="0" fileid="1" />
                <SequencePoint vc="1" uspid="16" ordinal="3" offset="30" sl="39" sc="13" el="39" ec="155" bec="0" bev="0" fileid="1" />
                <SequencePoint vc="1" uspid="17" ordinal="4" offset="101" sl="40" sc="9" el="40" ec="10" bec="0" bev="0" fileid="1" />
              </SequencePoints>
              <BranchPoints />
              <MethodPoint xsi:type="SequencePoint" vc="1" uspid="13" ordinal="0" offset="0" sl="36" sc="9" el="36" ec="10" bec="0" bev="0" fileid="1" />
            </Method>
            <Method visited="true" cyclomaticComplexity="1" sequenceCoverage="100" branchCoverage="100" isConstructor="false" isStatic="false" isGetter="false" isSetter="false">
              <Summary numSequencePoints="6" visitedSequencePoints="6" numBranchPoints="1" visitedBranchPoints="1" sequenceCoverage="100" branchCoverage="100" maxCyclomaticComplexity="1" minCyclomaticComplexity="1" visitedClasses="0" numClasses="0" visitedMethods="1" numMethods="1" />
              <MetadataToken>100663301</MetadataToken>
              <Name>System.Void TaskManager.DataAccess.Tests.TaskControllerUnitTest::PostAddTaskWOPTestMethod()</Name>
              <FileRef uid="1" />
              <SequencePoints>
                <SequencePoint vc="1" uspid="18" ordinal="0" offset="0" sl="44" sc="9" el="44" ec="10" bec="0" bev="0" fileid="1" />
                <SequencePoint vc="1" uspid="19" ordinal="1" offset="1" sl="45" sc="13" el="45" ec="66" bec="0" bev="0" fileid="1" />
                <SequencePoint vc="1" uspid="20" ordinal="2" offset="7" sl="46" sc="13" el="52" ec="15" bec="0" bev="0" fileid="1" />
                <SequencePoint vc="1" uspid="21" ordinal="3" offset="82" sl="53" sc="13" el="53" ec="90" bec="0" bev="0" fileid="1" />
                <SequencePoint vc="1" uspid="22" ordinal="4" offset="106" sl="54" sc="13" el="54" ec="161" bec="0" bev="0" fileid="1" />
                <SequencePoint vc="1" uspid="23" ordinal="5" offset="178" sl="55" sc="9" el="55" ec="10" bec="0" bev="0" fileid="1" />
              </SequencePoints>
              <BranchPoints />
              <MethodPoint xsi:type="SequencePoint" vc="1" uspid="18" ordinal="0" offset="0" sl="44" sc="9" el="44" ec="10" bec="0" bev="0" fileid="1" />
            </Method>
            <Method visited="true" cyclomaticComplexity="1" sequenceCoverage="100" branchCoverage="100" isConstructor="false" isStatic="false" isGetter="false" isSetter="false">
              <Summary numSequencePoints="6" visitedSequencePoints="6" numBranchPoints="1" visitedBranchPoints="1" sequenceCoverage="100" branchCoverage="100" maxCyclomaticComplexity="1" minCyclomaticComplexity="1" visitedClasses="0" numClasses="0" visitedMethods="1" numMethods="1" />
              <MetadataToken>100663302</MetadataToken>
              <Name>System.Void TaskManager.DataAccess.Tests.TaskControllerUnitTest::PostAddTaskWPTestMethod()</Name>
              <FileRef uid="1" />
              <SequencePoints>
                <SequencePoint vc="1" uspid="24" ordinal="0" offset="0" sl="59" sc="9" el="59" ec="10" bec="0" bev="0" fileid="1" />
                <SequencePoint vc="1" uspid="25" ordinal="1" offset="1" sl="60" sc="13" el="60" ec="66" bec="0" bev="0" fileid="1" />
                <SequencePoint vc="1" uspid="26" ordinal="2" offset="7" sl="61" sc="13" el="68" ec="15" bec="0" bev="0" fileid="1" />
                <SequencePoint vc="1" uspid="27" ordinal="3" offset="113" sl="69" sc="13" el="69" ec="90" bec="0" bev="0" fileid="1" />
                <SequencePoint vc="1" uspid="28" ordinal="4" offset="137" sl="70" sc="13" el="70" ec="161" bec="0" bev="0" fileid="1" />
                <SequencePoint vc="1" uspid="29" ordinal="5" offset="211" sl="71" sc="9" el="71" ec="10" bec="0" bev="0" fileid="1" />
              </SequencePoints>
              <BranchPoints />
              <MethodPoint xsi:type="SequencePoint" vc="1" uspid="24" ordinal="0" offset="0" sl="59" sc="9" el="59" ec="10" bec="0" bev="0" fileid="1" />
            </Method>
            <Method visited="true" cyclomaticComplexity="1" sequenceCoverage="100" branchCoverage="100" isConstructor="false" isStatic="false" isGetter="false" isSetter="false">
              <Summary numSequencePoints="6" visitedSequencePoints="6" numBranchPoints="1" visitedBranchPoints="1" sequenceCoverage="100" branchCoverage="100" maxCyclomaticComplexity="1" minCyclomaticComplexity="1" visitedClasses="0" numClasses="0" visitedMethods="1" numMethods="1" />
              <MetadataToken>100663303</MetadataToken>
              <Name>System.Void TaskManager.DataAccess.Tests.TaskControllerUnitTest::PostUpdateTaskTestMethod()</Name>
              <FileRef uid="1" />
              <SequencePoints>
                <SequencePoint vc="1" uspid="30" ordinal="0" offset="0" sl="75" sc="9" el="75" ec="10" bec="0" bev="0" fileid="1" />
                <SequencePoint vc="1" uspid="31" ordinal="1" offset="1" sl="76" sc="13" el="76" ec="66" bec="0" bev="0" fileid="1" />
                <SequencePoint vc="1" uspid="32" ordinal="2" offset="7" sl="77" sc="13" el="84" ec="15" bec="0" bev="0" fileid="1" />
                <SequencePoint vc="1" uspid="33" ordinal="3" offset="94" sl="85" sc="13" el="85" ec="90" bec="0" bev="0" fileid="1" />
                <SequencePoint vc="1" uspid="34" ordinal="4" offset="118" sl="86" sc="13" el="86" ec="161" bec="0" bev="0" fileid="1" />
                <SequencePoint vc="1" uspid="35" ordinal="5" offset="190" sl="87" sc="9" el="87" ec="10" bec="0" bev="0" fileid="1" />
              </SequencePoints>
              <BranchPoints />
              <MethodPoint xsi:type="SequencePoint" vc="1" uspid="30" ordinal="0" offset="0" sl="75" sc="9" el="75" ec="10" bec="0" bev="0" fileid="1" />
            </Method>
            <Method visited="true" cyclomaticComplexity="1" sequenceCoverage="100" branchCoverage="100" isConstructor="false" isStatic="false" isGetter="false" isSetter="false">
              <Summary numSequencePoints="6" visitedSequencePoints="6" numBranchPoints="1" visitedBranchPoints="1" sequenceCoverage="100" branchCoverage="100" maxCyclomaticComplexity="1" minCyclomaticComplexity="1" visitedClasses="0" numClasses="0" visitedMethods="1" numMethods="1" />
              <MetadataToken>100663304</MetadataToken>
              <Name>System.Void TaskManager.DataAccess.Tests.TaskControllerUnitTest::PutEndTaskTestMethod()</Name>
              <FileRef uid="1" />
              <SequencePoints>
                <SequencePoint vc="1" uspid="36" ordinal="0" offset="0" sl="91" sc="9" el="91" ec="10" bec="0" bev="0" fileid="1" />
                <SequencePoint vc="1" uspid="37" ordinal="1" offset="1" sl="92" sc="13" el="92" ec="66" bec="0" bev="0" fileid="1" />
                <SequencePoint vc="1" uspid="38" ordinal="2" offset="7" sl="93" sc="13" el="97" ec="15" bec="0" bev="0" fileid="1" />
                <SequencePoint vc="1" uspid="39" ordinal="3" offset="45" sl="98" sc="13" el="98" ec="89" bec="0" bev="0" fileid="1" />
                <SequencePoint vc="1" uspid="40" ordinal="4" offset="69" sl="99" sc="13" el="99" ec="160" bec="0" bev="0" fileid="1" />
                <SequencePoint vc="1" uspid="41" ordinal="5" offset="141" sl="100" sc="9" el="100" ec="10" bec="0" bev="0" fileid="1" />
              </SequencePoints>
              <BranchPoints />
              <MethodPoint xsi:type="SequencePoint" vc="1" uspid="36" ordinal="0" offset="0" sl="91" sc="9" el="91" ec="10" bec="0" bev="0" fileid="1" />
            </Method>
            <Method visited="true" cyclomaticComplexity="1" sequenceCoverage="0" branchCoverage="0" isConstructor="true" isStatic="false" isGetter="false" isSetter="false">
              <Summary numSequencePoints="0" visitedSequencePoints="0" numBranchPoints="0" visitedBranchPoints="0" sequenceCoverage="0" branchCoverage="0" maxCyclomaticComplexity="1" minCyclomaticComplexity="1" visitedClasses="0" numClasses="0" visitedMethods="0" numMethods="0" />
              <MetadataToken>100663305</MetadataToken>
              <Name>System.Void TaskManager.DataAccess.Tests.TaskControllerUnitTest::.ctor()</Name>
              <SequencePoints />
              <BranchPoints />
              <MethodPoint vc="1" uspid="42" ordinal="0" offset="0" />
            </Method>
          </Methods>
        </Class>
        <Class>
          <Summary numSequencePoints="4" visitedSequencePoints="4" numBranchPoints="1" visitedBranchPoints="1" sequenceCoverage="100" branchCoverage="100" maxCyclomaticComplexity="1" minCyclomaticComplexity="1" visitedClasses="1" numClasses="1" visitedMethods="1" numMethods="1" />
          <FullName>TaskManager.DataAccess.Tests.DataAccess.DataAccessManagerTest</FullName>
          <Methods>
            <Method visited="true" cyclomaticComplexity="1" sequenceCoverage="100" branchCoverage="100" isConstructor="false" isStatic="false" isGetter="false" isSetter="false">
              <Summary numSequencePoints="4" visitedSequencePoints="4" numBranchPoints="1" visitedBranchPoints="1" sequenceCoverage="100" branchCoverage="100" maxCyclomaticComplexity="1" minCyclomaticComplexity="1" visitedClasses="0" numClasses="0" visitedMethods="1" numMethods="1" />
              <MetadataToken>100663306</MetadataToken>
              <Name>System.Void TaskManager.DataAccess.Tests.DataAccess.DataAccessManagerTest::AddTaskTestMethod()</Name>
              <FileRef uid="2" />
              <SequencePoints>
                <SequencePoint vc="1" uspid="43" ordinal="0" offset="0" sl="14" sc="9" el="14" ec="10" bec="0" bev="0" fileid="2" />
                <SequencePoint vc="1" uspid="44" ordinal="1" offset="1" sl="15" sc="13" el="22" ec="15" bec="0" bev="0" fileid="2" />
                <SequencePoint vc="1" uspid="45" ordinal="2" offset="82" sl="23" sc="13" el="23" ec="61" bec="0" bev="0" fileid="2" />
                <SequencePoint vc="1" uspid="46" ordinal="3" offset="99" sl="24" sc="9" el="24" ec="10" bec="0" bev="0" fileid="2" />
              </SequencePoints>
              <BranchPoints />
              <MethodPoint xsi:type="SequencePoint" vc="1" uspid="43" ordinal="0" offset="0" sl="14" sc="9" el="14" ec="10" bec="0" bev="0" fileid="2" />
            </Method>
            <Method visited="true" cyclomaticComplexity="1" sequenceCoverage="0" branchCoverage="0" isConstructor="true" isStatic="false" isGetter="false" isSetter="false">
              <Summary numSequencePoints="0" visitedSequencePoints="0" numBranchPoints="0" visitedBranchPoints="0" sequenceCoverage="0" branchCoverage="0" maxCyclomaticComplexity="1" minCyclomaticComplexity="1" visitedClasses="0" numClasses="0" visitedMethods="0" numMethods="0" />
              <MetadataToken>100663307</MetadataToken>
              <Name>System.Void TaskManager.DataAccess.Tests.DataAccess.DataAccessManagerTest::.ctor()</Name>
              <SequencePoints />
              <BranchPoints />
              <MethodPoint vc="1" uspid="47" ordinal="0" offset="0" />
            </Method>
          </Methods>
        </Class>
      </Classes>
    </Module>
    <Module skippedDueTo="Filter" hash="F7-E9-75-D6-35-98-70-4A-0F-45-76-1B-B3-83-70-38-5E-DF-02-47">
      <FullName>C:\Windows\Microsoft.Net\assembly\GAC_MSIL\System.Xml\v4.0_4.0.0.0__b77a5c561934e089\System.Xml.dll</FullName>
      <ModuleName>System.Xml</ModuleName>
      <Classes />
    </Module>
    <Module hash="0A-D7-25-A8-4C-8B-AC-B0-4C-A1-59-0F-30-90-53-54-59-73-70-BE">
      <Summary numSequencePoints="97" visitedSequencePoints="90" numBranchPoints="38" visitedBranchPoints="34" sequenceCoverage="92.78" branchCoverage="89.47" maxCyclomaticComplexity="3" minCyclomaticComplexity="1" visitedClasses="4" numClasses="4" visitedMethods="30" numMethods="32" />
      <FullName>C:\Users\Administrator\Source\Repos\FSE_Cap_TaskMGRAPI\UnitTest\TaskManager.DataAccess.Tests\bin\Debug\TaskManager.DataAccess.dll</FullName>
      <ModuleName>TaskManager.DataAccess</ModuleName>
      <Files>
        <File uid="5" fullPath="C:\Users\Administrator\Source\Repos\FSE_Cap_TaskMGRAPI\TaskManager.DataAccess\DataAccessManager.cs" />
        <File uid="6" fullPath="C:\Users\Administrator\Source\Repos\FSE_Cap_TaskMGRAPI\TaskManager.DataAccess\ParentTask.cs" />
        <File uid="7" fullPath="C:\Users\Administrator\Source\Repos\FSE_Cap_TaskMGRAPI\TaskManager.DataAccess\Task.cs" />
        <File uid="8" fullPath="C:\Users\Administrator\Source\Repos\FSE_Cap_TaskMGRAPI\TaskManager.DataAccess\TaskManagerModel.Context.cs" />
      </Files>
      <Classes>
        <Class>
          <Summary numSequencePoints="0" visitedSequencePoints="0" numBranchPoints="0" visitedBranchPoints="0" sequenceCoverage="0" branchCoverage="0" maxCyclomaticComplexity="0" minCyclomaticComplexity="0" visitedClasses="0" numClasses="0" visitedMethods="0" numMethods="0" />
          <FullName>&lt;Module&gt;</FullName>
          <Methods />
        </Class>
        <Class>
          <Summary numSequencePoints="66" visitedSequencePoints="61" numBranchPoints="12" visitedBranchPoints="10" sequenceCoverage="92.42" branchCoverage="83.33" maxCyclomaticComplexity="3" minCyclomaticComplexity="1" visitedClasses="1" numClasses="1" visitedMethods="6" numMethods="6" />
          <FullName>TaskManager.DataAccess.DataAccessManager</FullName>
          <Methods>
            <Method visited="true" cyclomaticComplexity="2" sequenceCoverage="100" branchCoverage="100" isConstructor="false" isStatic="true" isGetter="false" isSetter="false">
              <Summary numSequencePoints="8" visitedSequencePoints="8" numBranchPoints="1" visitedBranchPoints="1" sequenceCoverage="100" branchCoverage="100" maxCyclomaticComplexity="2" minCyclomaticComplexity="2" visitedClasses="0" numClasses="0" visitedMethods="1" numMethods="1" />
              <MetadataToken>100663297</MetadataToken>
              <Name>System.Collections.Generic.List`1&lt;TaskManager.DataAccess.ParentTask&gt; TaskManager.DataAccess.DataAccessManager::GetParentTasks()</Name>
              <FileRef uid="5" />
              <SequencePoints>
                <SequencePoint vc="2" uspid="48" ordinal="0" offset="0" sl="19" sc="9" el="19" ec="10" bec="0" bev="0" fileid="5" />
                <SequencePoint vc="2" uspid="49" ordinal="1" offset="1" sl="20" sc="13" el="20" ec="49" bec="0" bev="0" fileid="5" />
                <SequencePoint vc="2" uspid="50" ordinal="2" offset="3" sl="21" sc="20" el="21" ec="62" bec="0" bev="0" fileid="5" />
                <SequencePoint vc="2" uspid="51" ordinal="3" offset="9" sl="22" sc="13" el="22" ec="14" bec="0" bev="0" fileid="5" />
                <SequencePoint vc="2" uspid="52" ordinal="4" offset="10" sl="23" sc="17" el="23" ec="63" bec="0" bev="0" fileid="5" />
                <SequencePoint vc="2" uspid="53" ordinal="5" offset="22" sl="24" sc="13" el="24" ec="14" bec="0" bev="0" fileid="5" />
                <SequencePoint vc="2" uspid="54" ordinal="6" offset="36" sl="25" sc="13" el="25" ec="32" bec="0" bev="0" fileid="5" />
                <SequencePoint vc="2" uspid="55" ordinal="7" offset="40" sl="26" sc="9" el="26" ec="10" bec="0" bev="0" fileid="5" />
              </SequencePoints>
              <BranchPoints />
              <MethodPoint xsi:type="SequencePoint" vc="2" uspid="48" ordinal="0" offset="0" sl="19" sc="9" el="19" ec="10" bec="0" bev="0" fileid="5" />
            </Method>
            <Method visited="true" cyclomaticComplexity="2" sequenceCoverage="100" branchCoverage="100" isConstructor="false" isStatic="true" isGetter="false" isSetter="false">
              <Summary numSequencePoints="8" visitedSequencePoints="8" numBranchPoints="1" visitedBranchPoints="1" sequenceCoverage="100" branchCoverage="100" maxCyclomaticComplexity="2" minCyclomaticComplexity="2" visitedClasses="0" numClasses="0" visitedMethods="1" numMethods="1" />
              <MetadataToken>100663298</MetadataToken>
              <Name>System.Collections.Generic.List`1&lt;TaskManager.DataAccess.Task&gt; TaskManager.DataAccess.DataAccessManager::GetTasks()</Name>
              <FileRef uid="5" />
              <SequencePoints>
                <SequencePoint vc="2" uspid="56" ordinal="0" offset="0" sl="33" sc="9" el="33" ec="10" bec="0" bev="0" fileid="5" />
                <SequencePoint vc="2" uspid="57" ordinal="1" offset="1" sl="34" sc="13" el="34" ec="43" bec="0" bev="0" fileid="5" />
                <SequencePoint vc="2" uspid="58" ordinal="2" offset="3" sl="35" sc="20" el="35" ec="62" bec="0" bev="0" fileid="5" />
                <SequencePoint vc="2" uspid="59" ordinal="3" offset="9" sl="36" sc="13" el="36" ec="14" bec="0" bev="0" fileid="5" />
                <SequencePoint vc="2" uspid="60" ordinal="4" offset="10" sl="37" sc="17" el="37" ec="57" bec="0" bev="0" fileid="5" />
                <SequencePoint vc="2" uspid="61" ordinal="5" offset="22" sl="38" sc="13" el="38" ec="14" bec="0" bev="0" fileid="5" />
                <SequencePoint vc="2" uspid="62" ordinal="6" offset="36" sl="39" sc="13" el="39" ec="32" bec="0" bev="0" fileid="5" />
                <SequencePoint vc="2" uspid="63" ordinal="7" offset="40" sl="40" sc="9" el="40" ec="10" bec="0" bev="0" fileid="5" />
              </SequencePoints>
              <BranchPoints />
              <MethodPoint xsi:type="SequencePoint" vc="2" uspid="56" ordinal="0" offset="0" sl="33" sc="9" el="33" ec="10" bec="0" bev="0" fileid="5" />
            </Method>
            <Method visited="true" cyclomaticComplexity="2" sequenceCoverage="100" branchCoverage="100" isConstructor="false" isStatic="true" isGetter="false" isSetter="false">
              <Summary numSequencePoints="8" visitedSequencePoints="8" numBranchPoints="1" visitedBranchPoints="1" sequenceCoverage="100" branchCoverage="100" maxCyclomaticComplexity="2" minCyclomaticComplexity="2" visitedClasses="0" numClasses="0" visitedMethods="1" numMethods="1" />
              <MetadataToken>100663299</MetadataToken>
              <Name>TaskManager.DataAccess.Task TaskManager.DataAccess.DataAccessManager::GetTask(System.Guid)</Name>
              <FileRef uid="5" />
              <SequencePoints>
                <SequencePoint vc="2" uspid="64" ordinal="0" offset="13" sl="47" sc="9" el="47" ec="10" bec="0" bev="0" fileid="5" />
                <SequencePoint vc="2" uspid="65" ordinal="1" offset="14" sl="48" sc="13" el="48" ec="30" bec="0" bev="0" fileid="5" />
                <SequencePoint vc="2" uspid="66" ordinal="2" offset="16" sl="49" sc="20" el="49" ec="62" bec="0" bev="0" fileid="5" />
                <SequencePoint vc="2" uspid="67" ordinal="3" offset="22" sl="50" sc="13" el="50" ec="14" bec="0" bev="0" fileid="5" />
                <SequencePoint vc="2" uspid="68" ordinal="4" offset="23" sl="51" sc="17" el="51" ec="83" bec="0" bev="0" fileid="5" />
                <SequencePoint vc="2" uspid="69" ordinal="5" offset="144" sl="52" sc="13" el="52" ec="14" bec="0" bev="0" fileid="5" />
                <SequencePoint vc="2" uspid="70" ordinal="6" offset="158" sl="53" sc="13" el="53" ec="25" bec="0" bev="0" fileid="5" />
                <SequencePoint vc="2" uspid="71" ordinal="7" offset="163" sl="54" sc="9" el="54" ec="10" bec="0" bev="0" fileid="5" />
              </SequencePoints>
              <BranchPoints />
              <MethodPoint vc="2" uspid="72" ordinal="0" offset="0" />
            </Method>
            <Method visited="true" cyclomaticComplexity="3" sequenceCoverage="100" branchCoverage="100" isConstructor="false" isStatic="true" isGetter="false" isSetter="false">
              <Summary numSequencePoints="14" visitedSequencePoints="14" numBranchPoints="3" visitedBranchPoints="3" sequenceCoverage="100" branchCoverage="100" maxCyclomaticComplexity="3" minCyclomaticComplexity="3" visitedClasses="0" numClasses="0" visitedMethods="1" numMethods="1" />
              <MetadataToken>100663300</MetadataToken>
              <Name>System.Boolean TaskManager.DataAccess.DataAccessManager::AddTask(TaskManager.DataAccess.Task)</Name>
              <FileRef uid="5" />
              <SequencePoints>
                <SequencePoint vc="5" uspid="73" ordinal="0" offset="13" sl="66" sc="9" el="66" ec="10" bec="0" bev="0" fileid="5" />
                <SequencePoint vc="5" uspid="74" ordinal="1" offset="14" sl="67" sc="13" el="67" ec="39" bec="0" bev="0" fileid="5" />
                <SequencePoint vc="5" uspid="75" ordinal="2" offset="16" sl="68" sc="20" el="68" ec="62" bec="0" bev="0" fileid="5" />
                <SequencePoint vc="5" uspid="76" ordinal="3" offset="22" sl="69" sc="13" el="69" ec="14" bec="0" bev="0" fileid="5" />
                <SequencePoint vc="5" uspid="77" ordinal="4" offset="23" sl="71" sc="17" el="73" ec="40" bec="0" bev="0" fileid="5" />
                <SequencePoint vc="5" uspid="78" ordinal="5" offset="172" sl="75" sc="17" el="75" ec="42" bec="2" bev="2" fileid="5" />
                <SequencePoint vc="4" uspid="79" ordinal="6" offset="182" sl="76" sc="17" el="76" ec="18" bec="0" bev="0" fileid="5" />
                <SequencePoint vc="4" uspid="80" ordinal="7" offset="183" sl="93" sc="21" el="93" ec="48" bec="0" bev="0" fileid="5" />
                <SequencePoint vc="4" uspid="81" ordinal="8" offset="201" sl="95" sc="21" el="95" ec="46" bec="0" bev="0" fileid="5" />
                <SequencePoint vc="4" uspid="82" ordinal="9" offset="208" sl="96" sc="21" el="96" ec="41" bec="0" bev="0" fileid="5" />
                <SequencePoint vc="4" uspid="83" ordinal="10" offset="210" sl="97" sc="17" el="97" ec="18" bec="0" bev="0" fileid="5" />
                <SequencePoint vc="5" uspid="84" ordinal="11" offset="211" sl="98" sc="13" el="98" ec="14" bec="0" bev="0" fileid="5" />
                <SequencePoint vc="5" uspid="85" ordinal="12" offset="225" sl="99" sc="13" el="99" ec="33" bec="0" bev="0" fileid="5" />
                <SequencePoint vc="5" uspid="86" ordinal="13" offset="230" sl="100" sc="9" el="100" ec="10" bec="0" bev="0" fileid="5" />
              </SequencePoints>
              <BranchPoints>
                <BranchPoint vc="4" uspid="87" ordinal="0" offset="180" sl="75" path="0" offsetend="182" fileid="5" />
                <BranchPoint vc="1" uspid="88" ordinal="1" offset="180" sl="75" path="1" offsetend="211" fileid="5" />
              </BranchPoints>
              <MethodPoint vc="5" uspid="89" ordinal="0" offset="0" />
            </Method>
            <Method visited="true" cyclomaticComplexity="3" sequenceCoverage="100" branchCoverage="66.67" isConstructor="false" isStatic="true" isGetter="false" isSetter="false">
              <Summary numSequencePoints="14" visitedSequencePoints="14" numBranchPoints="3" visitedBranchPoints="2" sequenceCoverage="100" branchCoverage="66.67" maxCyclomaticComplexity="3" minCyclomaticComplexity="3" visitedClasses="0" numClasses="0" visitedMethods="1" numMethods="1" />
              <MetadataToken>100663301</MetadataToken>
              <Name>System.Boolean TaskManager.DataAccess.DataAccessManager::UpdateTask(TaskManager.DataAccess.Task)</Name>
              <FileRef uid="5" />
              <SequencePoints>
                <SequencePoint vc="2" uspid="90" ordinal="0" offset="13" sl="111" sc="9" el="111" ec="10" bec="0" bev="0" fileid="5" />
                <SequencePoint vc="2" uspid="91" ordinal="1" offset="14" sl="112" sc="13" el="112" ec="42" bec="0" bev="0" fileid="5" />
                <SequencePoint vc="2" uspid="92" ordinal="2" offset="16" sl="113" sc="20" el="113" ec="62" bec="0" bev="0" fileid="5" />
                <SequencePoint vc="2" uspid="93" ordinal="3" offset="22" sl="114" sc="13" el="114" ec="14" bec="0" bev="0" fileid="5" />
                <SequencePoint vc="2" uspid="94" ordinal="4" offset="23" sl="116" sc="17" el="118" ec="40" bec="0" bev="0" fileid="5" />
                <SequencePoint vc="2" uspid="95" ordinal="5" offset="172" sl="120" sc="17" el="120" ec="42" bec="2" bev="1" fileid="5" />
                <SequencePoint vc="2" uspid="96" ordinal="6" offset="182" sl="121" sc="17" el="121" ec="18" bec="0" bev="0" fileid="5" />
                <SequencePoint vc="2" uspid="97" ordinal="7" offset="183" sl="155" sc="21" el="155" ec="82" bec="0" bev="0" fileid="5" />
                <SequencePoint vc="2" uspid="98" ordinal="8" offset="207" sl="156" sc="17" el="156" ec="18" bec="0" bev="0" fileid="5" />
                <SequencePoint vc="2" uspid="99" ordinal="9" offset="208" sl="157" sc="17" el="157" ec="42" bec="0" bev="0" fileid="5" />
                <SequencePoint vc="2" uspid="100" ordinal="10" offset="215" sl="158" sc="17" el="158" ec="40" bec="0" bev="0" fileid="5" />
                <SequencePoint vc="2" uspid="101" ordinal="11" offset="217" sl="159" sc="13" el="159" ec="14" bec="0" bev="0" fileid="5" />
                <SequencePoint vc="2" uspid="102" ordinal="12" offset="231" sl="160" sc="13" el="160" ec="36" bec="0" bev="0" fileid="5" />
                <SequencePoint vc="2" uspid="103" ordinal="13" offset="236" sl="161" sc="9" el="161" ec="10" bec="0" bev="0" fileid="5" />
              </SequencePoints>
              <BranchPoints>
                <BranchPoint vc="2" uspid="104" ordinal="0" offset="180" sl="120" path="0" offsetend="182" fileid="5" />
                <BranchPoint vc="0" uspid="105" ordinal="1" offset="180" sl="120" path="1" offsetend="208" fileid="5" />
              </BranchPoints>
              <MethodPoint vc="2" uspid="106" ordinal="0" offset="0" />
            </Method>
            <Method visited="true" cyclomaticComplexity="3" sequenceCoverage="64.29" branchCoverage="66.67" isConstructor="false" isStatic="true" isGetter="false" isSetter="false">
              <Summary numSequencePoints="14" visitedSequencePoints="9" numBranchPoints="3" visitedBranchPoints="2" sequenceCoverage="64.29" branchCoverage="66.67" maxCyclomaticComplexity="3" minCyclomaticComplexity="3" visitedClasses="0" numClasses="0" visitedMethods="1" numMethods="1" />
              <MetadataToken>100663302</MetadataToken>
              <Name>System.Boolean TaskManager.DataAccess.DataAccessManager::UpdateEndTask(TaskManager.DataAccess.Task)</Name>
              <FileRef uid="5" />
              <SequencePoints>
                <SequencePoint vc="2" uspid="107" ordinal="0" offset="13" sl="172" sc="9" el="172" ec="10" bec="0" bev="0" fileid="5" />
                <SequencePoint vc="2" uspid="108" ordinal="1" offset="14" sl="173" sc="13" el="173" ec="42" bec="0" bev="0" fileid="5" />
                <SequencePoint vc="2" uspid="109" ordinal="2" offset="16" sl="174" sc="20" el="174" ec="62" bec="0" bev="0" fileid="5" />
                <SequencePoint vc="2" uspid="110" ordinal="3" offset="22" sl="175" sc="13" el="175" ec="14" bec="0" bev="0" fileid="5" />
                <SequencePoint vc="2" uspid="111" ordinal="4" offset="23" sl="177" sc="17" el="179" ec="40" bec="0" bev="0" fileid="5" />
                <SequencePoint vc="2" uspid="112" ordinal="5" offset="172" sl="181" sc="17" el="181" ec="42" bec="2" bev="1" fileid="5" />
                <SequencePoint vc="0" uspid="113" ordinal="6" offset="182" sl="182" sc="17" el="182" ec="18" bec="0" bev="0" fileid="5" />
                <SequencePoint vc="0" uspid="114" ordinal="7" offset="183" sl="184" sc="21" el="184" ec="70" bec="0" bev="0" fileid="5" />
                <SequencePoint vc="0" uspid="115" ordinal="8" offset="213" sl="185" sc="21" el="185" ec="46" bec="0" bev="0" fileid="5" />
                <SequencePoint vc="0" uspid="116" ordinal="9" offset="220" sl="186" sc="21" el="186" ec="44" bec="0" bev="0" fileid="5" />
                <SequencePoint vc="0" uspid="117" ordinal="10" offset="222" sl="187" sc="17" el="187" ec="18" bec="0" bev="0" fileid="5" />
                <SequencePoint vc="2" uspid="118" ordinal="11" offset="223" sl="189" sc="13" el="189" ec="14" bec="0" bev="0" fileid="5" />
                <SequencePoint vc="2" uspid="119" ordinal="12" offset="237" sl="190" sc="13" el="190" ec="36" bec="0" bev="0" fileid="5" />
                <SequencePoint vc="2" uspid="120" ordinal="13" offset="242" sl="191" sc="9" el="191" ec="10" bec="0" bev="0" fileid="5" />
              </SequencePoints>
              <BranchPoints>
                <BranchPoint vc="0" uspid="121" ordinal="0" offset="180" sl="181" path="0" offsetend="182" fileid="5" />
                <BranchPoint vc="2" uspid="122" ordinal="1" offset="180" sl="181" path="1" offsetend="223" fileid="5" />
              </BranchPoints>
              <MethodPoint vc="2" uspid="123" ordinal="0" offset="0" />
            </Method>
            <Method visited="false" cyclomaticComplexity="1" sequenceCoverage="0" branchCoverage="0" isConstructor="true" isStatic="false" isGetter="false" isSetter="false">
              <Summary numSequencePoints="0" visitedSequencePoints="0" numBranchPoints="0" visitedBranchPoints="0" sequenceCoverage="0" branchCoverage="0" maxCyclomaticComplexity="1" minCyclomaticComplexity="1" visitedClasses="0" numClasses="0" visitedMethods="0" numMethods="0" />
              <MetadataToken>100663303</MetadataToken>
              <Name>System.Void TaskManager.DataAccess.DataAccessManager::.ctor()</Name>
              <SequencePoints />
              <BranchPoints />
              <MethodPoint vc="0" uspid="124" ordinal="0" offset="0" />
            </Method>
          </Methods>
        </Class>
        <Class>
          <Summary numSequencePoints="0" visitedSequencePoints="0" numBranchPoints="0" visitedBranchPoints="0" sequenceCoverage="0" branchCoverage="0" maxCyclomaticComplexity="1" minCyclomaticComplexity="1" visitedClasses="0" numClasses="0" visitedMethods="0" numMethods="0" />
          <FullName>TaskManager.DataAccess.DataAccessManager/&lt;&gt;c__DisplayClass2_0</FullName>
          <Methods>
            <Method visited="true" cyclomaticComplexity="1" sequenceCoverage="0" branchCoverage="0" isConstructor="true" isStatic="false" isGetter="false" isSetter="false">
              <Summary numSequencePoints="0" visitedSequencePoints="0" numBranchPoints="0" visitedBranchPoints="0" sequenceCoverage="0" branchCoverage="0" maxCyclomaticComplexity="1" minCyclomaticComplexity="1" visitedClasses="0" numClasses="0" visitedMethods="0" numMethods="0" />
              <MetadataToken>100663331</MetadataToken>
              <Name>System.Void TaskManager.DataAccess.DataAccessManager/&lt;&gt;c__DisplayClass2_0::.ctor()</Name>
              <SequencePoints />
              <BranchPoints />
              <MethodPoint vc="2" uspid="125" ordinal="0" offset="0" />
            </Method>
          </Methods>
        </Class>
        <Class>
          <Summary numSequencePoints="0" visitedSequencePoints="0" numBranchPoints="0" visitedBranchPoints="0" sequenceCoverage="0" branchCoverage="0" maxCyclomaticComplexity="1" minCyclomaticComplexity="1" visitedClasses="0" numClasses="0" visitedMethods="0" numMethods="0" />
          <FullName>TaskManager.DataAccess.DataAccessManager/&lt;&gt;c__DisplayClass3_0</FullName>
          <Methods>
            <Method visited="true" cyclomaticComplexity="1" sequenceCoverage="0" branchCoverage="0" isConstructor="true" isStatic="false" isGetter="false" isSetter="false">
              <Summary numSequencePoints="0" visitedSequencePoints="0" numBranchPoints="0" visitedBranchPoints="0" sequenceCoverage="0" branchCoverage="0" maxCyclomaticComplexity="1" minCyclomaticComplexity="1" visitedClasses="0" numClasses="0" visitedMethods="0" numMethods="0" />
              <MetadataToken>100663332</MetadataToken>
              <Name>System.Void TaskManager.DataAccess.DataAccessManager/&lt;&gt;c__DisplayClass3_0::.ctor()</Name>
              <SequencePoints />
              <BranchPoints />
              <MethodPoint vc="5" uspid="126" ordinal="0" offset="0" />
            </Method>
          </Methods>
        </Class>
        <Class>
          <Summary numSequencePoints="0" visitedSequencePoints="0" numBranchPoints="0" visitedBranchPoints="0" sequenceCoverage="0" branchCoverage="0" maxCyclomaticComplexity="1" minCyclomaticComplexity="1" visitedClasses="0" numClasses="0" visitedMethods="0" numMethods="0" />
          <FullName>TaskManager.DataAccess.DataAccessManager/&lt;&gt;c__DisplayClass4_0</FullName>
          <Methods>
            <Method visited="true" cyclomaticComplexity="1" sequenceCoverage="0" branchCoverage="0" isConstructor="true" isStatic="false" isGetter="false" isSetter="false">
              <Summary numSequencePoints="0" visitedSequencePoints="0" numBranchPoints="0" visitedBranchPoints="0" sequenceCoverage="0" branchCoverage="0" maxCyclomaticComplexity="1" minCyclomaticComplexity="1" visitedClasses="0" numClasses="0" visitedMethods="0" numMethods="0" />
              <MetadataToken>100663333</MetadataToken>
              <Name>System.Void TaskManager.DataAccess.DataAccessManager/&lt;&gt;c__DisplayClass4_0::.ctor()</Name>
              <SequencePoints />
              <BranchPoints />
              <MethodPoint vc="2" uspid="127" ordinal="0" offset="0" />
            </Method>
          </Methods>
        </Class>
        <Class>
          <Summary numSequencePoints="0" visitedSequencePoints="0" numBranchPoints="0" visitedBranchPoints="0" sequenceCoverage="0" branchCoverage="0" maxCyclomaticComplexity="1" minCyclomaticComplexity="1" visitedClasses="0" numClasses="0" visitedMethods="0" numMethods="0" />
          <FullName>TaskManager.DataAccess.DataAccessManager/&lt;&gt;c__DisplayClass5_0</FullName>
          <Methods>
            <Method visited="true" cyclomaticComplexity="1" sequenceCoverage="0" branchCoverage="0" isConstructor="true" isStatic="false" isGetter="false" isSetter="false">
              <Summary numSequencePoints="0" visitedSequencePoints="0" numBranchPoints="0" visitedBranchPoints="0" sequenceCoverage="0" branchCoverage="0" maxCyclomaticComplexity="1" minCyclomaticComplexity="1" visitedClasses="0" numClasses="0" visitedMethods="0" numMethods="0" />
              <MetadataToken>100663334</MetadataToken>
              <Name>System.Void TaskManager.DataAccess.DataAccessManager/&lt;&gt;c__DisplayClass5_0::.ctor()</Name>
              <SequencePoints />
              <BranchPoints />
              <MethodPoint vc="2" uspid="128" ordinal="0" offset="0" />
            </Method>
          </Methods>
        </Class>
        <Class>
          <Summary numSequencePoints="10" visitedSequencePoints="9" numBranchPoints="7" visitedBranchPoints="6" sequenceCoverage="90" branchCoverage="85.71" maxCyclomaticComplexity="1" minCyclomaticComplexity="1" visitedClasses="1" numClasses="1" visitedMethods="6" numMethods="7" />
          <FullName>TaskManager.DataAccess.ParentTask</FullName>
          <Methods>
            <Method visited="true" cyclomaticComplexity="1" sequenceCoverage="100" branchCoverage="100" isConstructor="false" isStatic="false" isGetter="true" isSetter="false">
              <Summary numSequencePoints="1" visitedSequencePoints="1" numBranchPoints="1" visitedBranchPoints="1" sequenceCoverage="100" branchCoverage="100" maxCyclomaticComplexity="1" minCyclomaticComplexity="1" visitedClasses="0" numClasses="0" visitedMethods="1" numMethods="1" />
              <MetadataToken>100663305</MetadataToken>
              <Name>System.Guid TaskManager.DataAccess.ParentTask::get_Parent_ID()</Name>
              <FileRef uid="6" />
              <SequencePoints>
                <SequencePoint vc="12" uspid="129" ordinal="0" offset="0" sl="23" sc="40" el="23" ec="44" bec="0" bev="0" fileid="6" />
              </SequencePoints>
              <BranchPoints />
              <MethodPoint xsi:type="SequencePoint" vc="12" uspid="129" ordinal="0" offset="0" sl="23" sc="40" el="23" ec="44" bec="0" bev="0" fileid="6" />
            </Method>
            <Method visited="true" cyclomaticComplexity="1" sequenceCoverage="100" branchCoverage="100" isConstructor="false" isStatic="false" isGetter="false" isSetter="true">
              <Summary numSequencePoints="1" visitedSequencePoints="1" numBranchPoints="1" visitedBranchPoints="1" sequenceCoverage="100" branchCoverage="100" maxCyclomaticComplexity="1" minCyclomaticComplexity="1" visitedClasses="0" numClasses="0" visitedMethods="1" numMethods="1" />
              <MetadataToken>100663306</MetadataToken>
              <Name>System.Void TaskManager.DataAccess.ParentTask::set_Parent_ID(System.Guid)</Name>
              <FileRef uid="6" />
              <SequencePoints>
                <SequencePoint vc="4" uspid="130" ordinal="0" offset="0" sl="23" sc="45" el="23" ec="49" bec="0" bev="0" fileid="6" />
              </SequencePoints>
              <BranchPoints />
              <MethodPoint xsi:type="SequencePoint" vc="4" uspid="130" ordinal="0" offset="0" sl="23" sc="45" el="23" ec="49" bec="0" bev="0" fileid="6" />
            </Method>
            <Method visited="true" cyclomaticComplexity="1" sequenceCoverage="100" branchCoverage="100" isConstructor="false" isStatic="false" isGetter="true" isSetter="false">
              <Summary numSequencePoints="1" visitedSequencePoints="1" numBranchPoints="1" visitedBranchPoints="1" sequenceCoverage="100" branchCoverage="100" maxCyclomaticComplexity="1" minCyclomaticComplexity="1" visitedClasses="0" numClasses="0" visitedMethods="1" numMethods="1" />
              <MetadataToken>100663307</MetadataToken>
              <Name>System.String TaskManager.DataAccess.ParentTask::get_Parent_Task()</Name>
              <FileRef uid="6" />
              <SequencePoints>
                <SequencePoint vc="8" uspid="131" ordinal="0" offset="0" sl="24" sc="37" el="24" ec="41" bec="0" bev="0" fileid="6" />
              </SequencePoints>
              <BranchPoints />
              <MethodPoint xsi:type="SequencePoint" vc="8" uspid="131" ordinal="0" offset="0" sl="24" sc="37" el="24" ec="41" bec="0" bev="0" fileid="6" />
            </Method>
            <Method visited="true" cyclomaticComplexity="1" sequenceCoverage="100" branchCoverage="100" isConstructor="false" isStatic="false" isGetter="false" isSetter="true">
              <Summary numSequencePoints="1" visitedSequencePoints="1" numBranchPoints="1" visitedBranchPoints="1" sequenceCoverage="100" branchCoverage="100" maxCyclomaticComplexity="1" minCyclomaticComplexity="1" visitedClasses="0" numClasses="0" visitedMethods="1" numMethods="1" />
              <MetadataToken>100663308</MetadataToken>
              <Name>System.Void TaskManager.DataAccess.ParentTask::set_Parent_Task(System.String)</Name>
              <FileRef uid="6" />
              <SequencePoints>
                <SequencePoint vc="4" uspid="132" ordinal="0" offset="0" sl="24" sc="42" el="24" ec="46" bec="0" bev="0" fileid="6" />
              </SequencePoints>
              <BranchPoints />
              <MethodPoint xsi:type="SequencePoint" vc="4" uspid="132" ordinal="0" offset="0" sl="24" sc="42" el="24" ec="46" bec="0" bev="0" fileid="6" />
            </Method>
            <Method visited="false" cyclomaticComplexity="1" sequenceCoverage="0" branchCoverage="0" isConstructor="false" isStatic="false" isGetter="true" isSetter="false">
              <Summary numSequencePoints="1" visitedSequencePoints="0" numBranchPoints="1" visitedBranchPoints="0" sequenceCoverage="0" branchCoverage="0" maxCyclomaticComplexity="1" minCyclomaticComplexity="1" visitedClasses="0" numClasses="0" visitedMethods="0" numMethods="1" />
              <MetadataToken>100663309</MetadataToken>
              <Name>System.Collections.Generic.ICollection`1&lt;TaskManager.DataAccess.Task&gt; TaskManager.DataAccess.ParentTask::get_Tasks()</Name>
              <FileRef uid="6" />
              <SequencePoints>
                <SequencePoint vc="0" uspid="133" ordinal="0" offset="0" sl="27" sc="50" el="27" ec="54" bec="0" bev="0" fileid="6" />
              </SequencePoints>
              <BranchPoints />
              <MethodPoint xsi:type="SequencePoint" vc="0" uspid="133" ordinal="0" offset="0" sl="27" sc="50" el="27" ec="54" bec="0" bev="0" fileid="6" />
            </Method>
            <Method visited="true" cyclomaticComplexity="1" sequenceCoverage="100" branchCoverage="100" isConstructor="false" isStatic="false" isGetter="false" isSetter="true">
              <Summary numSequencePoints="1" visitedSequencePoints="1" numBranchPoints="1" visitedBranchPoints="1" sequenceCoverage="100" branchCoverage="100" maxCyclomaticComplexity="1" minCyclomaticComplexity="1" visitedClasses="0" numClasses="0" visitedMethods="1" numMethods="1" />
              <MetadataToken>100663310</MetadataToken>
              <Name>System.Void TaskManager.DataAccess.ParentTask::set_Tasks(System.Collections.Generic.ICollection`1&lt;TaskManager.DataAccess.Task&gt;)</Name>
              <FileRef uid="6" />
              <SequencePoints>
                <SequencePoint vc="4" uspid="134" ordinal="0" offset="0" sl="27" sc="55" el="27" ec="59" bec="0" bev="0" fileid="6" />
              </SequencePoints>
              <BranchPoints />
              <MethodPoint xsi:type="SequencePoint" vc="4" uspid="134" ordinal="0" offset="0" sl="27" sc="55" el="27" ec="59" bec="0" bev="0" fileid="6" />
            </Method>
            <Method visited="true" cyclomaticComplexity="1" sequenceCoverage="100" branchCoverage="100" isConstructor="true" isStatic="false" isGetter="false" isSetter="false">
              <Summary numSequencePoints="4" visitedSequencePoints="4" numBranchPoints="1" visitedBranchPoints="1" sequenceCoverage="100" branchCoverage="100" maxCyclomaticComplexity="1" minCyclomaticComplexity="1" visitedClasses="0" numClasses="0" visitedMethods="1" numMethods="1" />
              <MetadataToken>100663304</MetadataToken>
              <Name>System.Void TaskManager.DataAccess.ParentTask::.ctor()</Name>
              <FileRef uid="6" />
              <SequencePoints>
                <SequencePoint vc="4" uspid="135" ordinal="0" offset="0" sl="18" sc="9" el="18" ec="28" bec="0" bev="0" fileid="6" />
                <SequencePoint vc="4" uspid="136" ordinal="1" offset="7" sl="19" sc="9" el="19" ec="10" bec="0" bev="0" fileid="6" />
                <SequencePoint vc="4" uspid="137" ordinal="2" offset="8" sl="20" sc="13" el="20" ec="46" bec="0" bev="0" fileid="6" />
                <SequencePoint vc="4" uspid="138" ordinal="3" offset="20" sl="21" sc="9" el="21" ec="10" bec="0" bev="0" fileid="6" />
              </SequencePoints>
              <BranchPoints />
              <MethodPoint xsi:type="SequencePoint" vc="4" uspid="135" ordinal="0" offset="0" sl="18" sc="9" el="18" ec="28" bec="0" bev="0" fileid="6" />
            </Method>
          </Methods>
        </Class>
        <Class>
          <Summary numSequencePoints="14" visitedSequencePoints="13" numBranchPoints="14" visitedBranchPoints="13" sequenceCoverage="92.86" branchCoverage="92.86" maxCyclomaticComplexity="1" minCyclomaticComplexity="1" visitedClasses="1" numClasses="1" visitedMethods="13" numMethods="14" />
          <FullName>TaskManager.DataAccess.Task</FullName>
          <Methods>
            <Method visited="true" cyclomaticComplexity="1" sequenceCoverage="100" branchCoverage="100" isConstructor="false" isStatic="false" isGetter="true" isSetter="false">
              <Summary numSequencePoints="1" visitedSequencePoints="1" numBranchPoints="1" visitedBranchPoints="1" sequenceCoverage="100" branchCoverage="100" maxCyclomaticComplexity="1" minCyclomaticComplexity="1" visitedClasses="0" numClasses="0" visitedMethods="1" numMethods="1" />
              <MetadataToken>100663311</MetadataToken>
              <Name>System.Guid TaskManager.DataAccess.Task::get_Task_ID()</Name>
              <FileRef uid="7" />
              <SequencePoints>
                <SequencePoint vc="526" uspid="139" ordinal="0" offset="0" sl="17" sc="38" el="17" ec="42" bec="0" bev="0" fileid="7" />
              </SequencePoints>
              <BranchPoints />
              <MethodPoint xsi:type="SequencePoint" vc="526" uspid="139" ordinal="0" offset="0" sl="17" sc="38" el="17" ec="42" bec="0" bev="0" fileid="7" />
            </Method>
            <Method visited="true" cyclomaticComplexity="1" sequenceCoverage="100" branchCoverage="100" isConstructor="false" isStatic="false" isGetter="false" isSetter="true">
              <Summary numSequencePoints="1" visitedSequencePoints="1" numBranchPoints="1" visitedBranchPoints="1" sequenceCoverage="100" branchCoverage="100" maxCyclomaticComplexity="1" minCyclomaticComplexity="1" visitedClasses="0" numClasses="0" visitedMethods="1" numMethods="1" />
              <MetadataToken>100663312</MetadataToken>
              <Name>System.Void TaskManager.DataAccess.Task::set_Task_ID(System.Guid)</Name>
              <FileRef uid="7" />
              <SequencePoints>
                <SequencePoint vc="171" uspid="140" ordinal="0" offset="0" sl="17" sc="43" el="17" ec="47" bec="0" bev="0" fileid="7" />
              </SequencePoints>
              <BranchPoints />
              <MethodPoint xsi:type="SequencePoint" vc="171" uspid="140" ordinal="0" offset="0" sl="17" sc="43" el="17" ec="47" bec="0" bev="0" fileid="7" />
            </Method>
            <Method visited="true" cyclomaticComplexity="1" sequenceCoverage="100" branchCoverage="100" isConstructor="false" isStatic="false" isGetter="true" isSetter="false">
              <Summary numSequencePoints="1" visitedSequencePoints="1" numBranchPoints="1" visitedBranchPoints="1" sequenceCoverage="100" branchCoverage="100" maxCyclomaticComplexity="1" minCyclomaticComplexity="1" visitedClasses="0" numClasses="0" visitedMethods="1" numMethods="1" />
              <MetadataToken>100663313</MetadataToken>
              <Name>System.Nullable`1&lt;System.Guid&gt; TaskManager.DataAccess.Task::get_Parent_ID()</Name>
              <FileRef uid="7" />
              <SequencePoints>
                <SequencePoint vc="700" uspid="141" ordinal="0" offset="0" sl="18" sc="50" el="18" ec="54" bec="0" bev="0" fileid="7" />
              </SequencePoints>
              <BranchPoints />
              <MethodPoint xsi:type="SequencePoint" vc="700" uspid="141" ordinal="0" offset="0" sl="18" sc="50" el="18" ec="54" bec="0" bev="0" fileid="7" />
            </Method>
            <Method visited="true" cyclomaticComplexity="1" sequenceCoverage="100" branchCoverage="100" isConstructor="false" isStatic="false" isGetter="false" isSetter="true">
              <Summary numSequencePoints="1" visitedSequencePoints="1" numBranchPoints="1" visitedBranchPoints="1" sequenceCoverage="100" branchCoverage="100" maxCyclomaticComplexity="1" minCyclomaticComplexity="1" visitedClasses="0" numClasses="0" visitedMethods="1" numMethods="1" />
              <MetadataToken>100663314</MetadataToken>
              <Name>System.Void TaskManager.DataAccess.Task::set_Parent_ID(System.Nullable`1&lt;System.Guid&gt;)</Name>
              <FileRef uid="7" />
              <SequencePoints>
                <SequencePoint vc="166" uspid="142" ordinal="0" offset="0" sl="18" sc="55" el="18" ec="59" bec="0" bev="0" fileid="7" />
              </SequencePoints>
              <BranchPoints />
              <MethodPoint xsi:type="SequencePoint" vc="166" uspid="142" ordinal="0" offset="0" sl="18" sc="55" el="18" ec="59" bec="0" bev="0" fileid="7" />
            </Method>
            <Method visited="true" cyclomaticComplexity="1" sequenceCoverage="100" branchCoverage="100" isConstructor="false" isStatic="false" isGetter="true" isSetter="false">
              <Summary numSequencePoints="1" visitedSequencePoints="1" numBranchPoints="1" visitedBranchPoints="1" sequenceCoverage="100" branchCoverage="100" maxCyclomaticComplexity="1" minCyclomaticComplexity="1" visitedClasses="0" numClasses="0" visitedMethods="1" numMethods="1" />
              <MetadataToken>100663315</MetadataToken>
              <Name>System.String TaskManager.DataAccess.Task::get_Task1()</Name>
              <FileRef uid="7" />
              <SequencePoints>
                <SequencePoint vc="347" uspid="143" ordinal="0" offset="0" sl="19" sc="31" el="19" ec="35" bec="0" bev="0" fileid="7" />
              </SequencePoints>
              <BranchPoints />
              <MethodPoint xsi:type="SequencePoint" vc="347" uspid="143" ordinal="0" offset="0" sl="19" sc="31" el="19" ec="35" bec="0" bev="0" fileid="7" />
            </Method>
            <Method visited="true" cyclomaticComplexity="1" sequenceCoverage="100" branchCoverage="100" isConstructor="false" isStatic="false" isGetter="false" isSetter="true">
              <Summary numSequencePoints="1" visitedSequencePoints="1" numBranchPoints="1" visitedBranchPoints="1" sequenceCoverage="100" branchCoverage="100" maxCyclomaticComplexity="1" minCyclomaticComplexity="1" visitedClasses="0" numClasses="0" visitedMethods="1" numMethods="1" />
              <MetadataToken>100663316</MetadataToken>
              <Name>System.Void TaskManager.DataAccess.Task::set_Task1(System.String)</Name>
              <FileRef uid="7" />
              <SequencePoints>
                <SequencePoint vc="170" uspid="144" ordinal="0" offset="0" sl="19" sc="36" el="19" ec="40" bec="0" bev="0" fileid="7" />
              </SequencePoints>
              <BranchPoints />
              <MethodPoint xsi:type="SequencePoint" vc="170" uspid="144" ordinal="0" offset="0" sl="19" sc="36" el="19" ec="40" bec="0" bev="0" fileid="7" />
            </Method>
            <Method visited="true" cyclomaticComplexity="1" sequenceCoverage="100" branchCoverage="100" isConstructor="false" isStatic="false" isGetter="true" isSetter="false">
              <Summary numSequencePoints="1" visitedSequencePoints="1" numBranchPoints="1" visitedBranchPoints="1" sequenceCoverage="100" branchCoverage="100" maxCyclomaticComplexity="1" minCyclomaticComplexity="1" visitedClasses="0" numClasses="0" visitedMethods="1" numMethods="1" />
              <MetadataToken>100663317</MetadataToken>
              <Name>System.DateTime TaskManager.DataAccess.Task::get_Start_Date()</Name>
              <FileRef uid="7" />
              <SequencePoints>
                <SequencePoint vc="344" uspid="145" ordinal="0" offset="0" sl="20" sc="45" el="20" ec="49" bec="0" bev="0" fileid="7" />
              </SequencePoints>
              <BranchPoints />
              <MethodPoint xsi:type="SequencePoint" vc="344" uspid="145" ordinal="0" offset="0" sl="20" sc="45" el="20" ec="49" bec="0" bev="0" fileid="7" />
            </Method>
            <Method visited="true" cyclomaticComplexity="1" sequenceCoverage="100" branchCoverage="100" isConstructor="false" isStatic="false" isGetter="false" isSetter="true">
              <Summary numSequencePoints="1" visitedSequencePoints="1" numBranchPoints="1" visitedBranchPoints="1" sequenceCoverage="100" branchCoverage="100" maxCyclomaticComplexity="1" minCyclomaticComplexity="1" visitedClasses="0" numClasses="0" visitedMethods="1" numMethods="1" />
              <MetadataToken>100663318</MetadataToken>
              <Name>System.Void TaskManager.DataAccess.Task::set_Start_Date(System.DateTime)</Name>
              <FileRef uid="7" />
              <SequencePoints>
                <SequencePoint vc="171" uspid="146" ordinal="0" offset="0" sl="20" sc="50" el="20" ec="54" bec="0" bev="0" fileid="7" />
              </SequencePoints>
              <BranchPoints />
              <MethodPoint xsi:type="SequencePoint" vc="171" uspid="146" ordinal="0" offset="0" sl="20" sc="50" el="20" ec="54" bec="0" bev="0" fileid="7" />
            </Method>
            <Method visited="true" cyclomaticComplexity="1" sequenceCoverage="100" branchCoverage="100" isConstructor="false" isStatic="false" isGetter="true" isSetter="false">
              <Summary numSequencePoints="1" visitedSequencePoints="1" numBranchPoints="1" visitedBranchPoints="1" sequenceCoverage="100" branchCoverage="100" maxCyclomaticComplexity="1" minCyclomaticComplexity="1" visitedClasses="0" numClasses="0" visitedMethods="1" numMethods="1" />
              <MetadataToken>100663319</MetadataToken>
              <Name>System.DateTime TaskManager.DataAccess.Task::get_End_Date()</Name>
              <FileRef uid="7" />
              <SequencePoints>
                <SequencePoint vc="502" uspid="147" ordinal="0" offset="0" sl="21" sc="43" el="21" ec="47" bec="0" bev="0" fileid="7" />
              </SequencePoints>
              <BranchPoints />
              <MethodPoint xsi:type="SequencePoint" vc="502" uspid="147" ordinal="0" offset="0" sl="21" sc="43" el="21" ec="47" bec="0" bev="0" fileid="7" />
            </Method>
            <Method visited="true" cyclomaticComplexity="1" sequenceCoverage="100" branchCoverage="100" isConstructor="false" isStatic="false" isGetter="false" isSetter="true">
              <Summary numSequencePoints="1" visitedSequencePoints="1" numBranchPoints="1" visitedBranchPoints="1" sequenceCoverage="100" branchCoverage="100" maxCyclomaticComplexity="1" minCyclomaticComplexity="1" visitedClasses="0" numClasses="0" visitedMethods="1" numMethods="1" />
              <MetadataToken>100663320</MetadataToken>
              <Name>System.Void TaskManager.DataAccess.Task::set_End_Date(System.DateTime)</Name>
              <FileRef uid="7" />
              <SequencePoints>
                <SequencePoint vc="171" uspid="148" ordinal="0" offset="0" sl="21" sc="48" el="21" ec="52" bec="0" bev="0" fileid="7" />
              </SequencePoints>
              <BranchPoints />
              <MethodPoint xsi:type="SequencePoint" vc="171" uspid="148" ordinal="0" offset="0" sl="21" sc="48" el="21" ec="52" bec="0" bev="0" fileid="7" />
            </Method>
            <Method visited="true" cyclomaticComplexity="1" sequenceCoverage="100" branchCoverage="100" isConstructor="false" isStatic="false" isGetter="true" isSetter="false">
              <Summary numSequencePoints="1" visitedSequencePoints="1" numBranchPoints="1" visitedBranchPoints="1" sequenceCoverage="100" branchCoverage="100" maxCyclomaticComplexity="1" minCyclomaticComplexity="1" visitedClasses="0" numClasses="0" visitedMethods="1" numMethods="1" />
              <MetadataToken>100663321</MetadataToken>
              <Name>System.Int32 TaskManager.DataAccess.Task::get_Priority()</Name>
              <FileRef uid="7" />
              <SequencePoints>
                <SequencePoint vc="342" uspid="149" ordinal="0" offset="0" sl="22" sc="31" el="22" ec="35" bec="0" bev="0" fileid="7" />
              </SequencePoints>
              <BranchPoints />
              <MethodPoint xsi:type="SequencePoint" vc="342" uspid="149" ordinal="0" offset="0" sl="22" sc="31" el="22" ec="35" bec="0" bev="0" fileid="7" />
            </Method>
            <Method visited="true" cyclomaticComplexity="1" sequenceCoverage="100" branchCoverage="100" isConstructor="false" isStatic="false" isGetter="false" isSetter="true">
              <Summary numSequencePoints="1" visitedSequencePoints="1" numBranchPoints="1" visitedBranchPoints="1" sequenceCoverage="100" branchCoverage="100" maxCyclomaticComplexity="1" minCyclomaticComplexity="1" visitedClasses="0" numClasses="0" visitedMethods="1" numMethods="1" />
              <MetadataToken>100663322</MetadataToken>
              <Name>System.Void TaskManager.DataAccess.Task::set_Priority(System.Int32)</Name>
              <FileRef uid="7" />
              <SequencePoints>
                <SequencePoint vc="170" uspid="150" ordinal="0" offset="0" sl="22" sc="36" el="22" ec="40" bec="0" bev="0" fileid="7" />
              </SequencePoints>
              <BranchPoints />
              <MethodPoint xsi:type="SequencePoint" vc="170" uspid="150" ordinal="0" offset="0" sl="22" sc="36" el="22" ec="40" bec="0" bev="0" fileid="7" />
            </Method>
            <Method visited="true" cyclomaticComplexity="1" sequenceCoverage="100" branchCoverage="100" isConstructor="false" isStatic="false" isGetter="true" isSetter="false">
              <Summary numSequencePoints="1" visitedSequencePoints="1" numBranchPoints="1" visitedBranchPoints="1" sequenceCoverage="100" branchCoverage="100" maxCyclomaticComplexity="1" minCyclomaticComplexity="1" visitedClasses="0" numClasses="0" visitedMethods="1" numMethods="1" />
              <MetadataToken>100663323</MetadataToken>
              <Name>TaskManager.DataAccess.ParentTask TaskManager.DataAccess.Task::get_ParentTask()</Name>
              <FileRef uid="7" />
              <SequencePoints>
                <SequencePoint vc="16" uspid="151" ordinal="0" offset="0" sl="24" sc="48" el="24" ec="52" bec="0" bev="0" fileid="7" />
              </SequencePoints>
              <BranchPoints />
              <MethodPoint xsi:type="SequencePoint" vc="16" uspid="151" ordinal="0" offset="0" sl="24" sc="48" el="24" ec="52" bec="0" bev="0" fileid="7" />
            </Method>
            <Method visited="false" cyclomaticComplexity="1" sequenceCoverage="0" branchCoverage="0" isConstructor="false" isStatic="false" isGetter="false" isSetter="true">
              <Summary numSequencePoints="1" visitedSequencePoints="0" numBranchPoints="1" visitedBranchPoints="0" sequenceCoverage="0" branchCoverage="0" maxCyclomaticComplexity="1" minCyclomaticComplexity="1" visitedClasses="0" numClasses="0" visitedMethods="0" numMethods="1" />
              <MetadataToken>100663324</MetadataToken>
              <Name>System.Void TaskManager.DataAccess.Task::set_ParentTask(TaskManager.DataAccess.ParentTask)</Name>
              <FileRef uid="7" />
              <SequencePoints>
                <SequencePoint vc="0" uspid="152" ordinal="0" offset="0" sl="24" sc="53" el="24" ec="57" bec="0" bev="0" fileid="7" />
              </SequencePoints>
              <BranchPoints />
              <MethodPoint xsi:type="SequencePoint" vc="0" uspid="152" ordinal="0" offset="0" sl="24" sc="53" el="24" ec="57" bec="0" bev="0" fileid="7" />
            </Method>
            <Method visited="true" cyclomaticComplexity="1" sequenceCoverage="0" branchCoverage="0" isConstructor="true" isStatic="false" isGetter="false" isSetter="false">
              <Summary numSequencePoints="0" visitedSequencePoints="0" numBranchPoints="0" visitedBranchPoints="0" sequenceCoverage="0" branchCoverage="0" maxCyclomaticComplexity="1" minCyclomaticComplexity="1" visitedClasses="0" numClasses="0" visitedMethods="0" numMethods="0" />
              <MetadataToken>100663325</MetadataToken>
              <Name>System.Void TaskManager.DataAccess.Task::.ctor()</Name>
              <SequencePoints />
              <BranchPoints />
              <MethodPoint vc="172" uspid="153" ordinal="0" offset="0" />
            </Method>
          </Methods>
        </Class>
        <Class>
          <Summary numSequencePoints="7" visitedSequencePoints="7" numBranchPoints="5" visitedBranchPoints="5" sequenceCoverage="100" branchCoverage="100" maxCyclomaticComplexity="1" minCyclomaticComplexity="1" visitedClasses="1" numClasses="1" visitedMethods="5" numMethods="5" />
          <FullName>TaskManager.DataAccess.TaskManagerEntities</FullName>
          <Methods>
            <Method visited="true" cyclomaticComplexity="1" sequenceCoverage="100" branchCoverage="100" isConstructor="false" isStatic="false" isGetter="true" isSetter="false">
              <Summary numSequencePoints="1" visitedSequencePoints="1" numBranchPoints="1" visitedBranchPoints="1" sequenceCoverage="100" branchCoverage="100" maxCyclomaticComplexity="1" minCyclomaticComplexity="1" visitedClasses="0" numClasses="0" visitedMethods="1" numMethods="1" />
              <MetadataToken>100663327</MetadataToken>
              <Name>System.Data.Entity.DbSet`1&lt;TaskManager.DataAccess.ParentTask&gt; TaskManager.DataAccess.TaskManagerEntities::get_ParentTasks()</Name>
              <FileRef uid="8" />
              <SequencePoints>
                <SequencePoint vc="2" uspid="154" ordinal="0" offset="0" sl="28" sc="56" el="28" ec="60" bec="0" bev="0" fileid="8" />
              </SequencePoints>
              <BranchPoints />
              <MethodPoint xsi:type="SequencePoint" vc="2" uspid="154" ordinal="0" offset="0" sl="28" sc="56" el="28" ec="60" bec="0" bev="0" fileid="8" />
            </Method>
            <Method visited="true" cyclomaticComplexity="1" sequenceCoverage="100" branchCoverage="100" isConstructor="false" isStatic="false" isGetter="false" isSetter="true">
              <Summary numSequencePoints="1" visitedSequencePoints="1" numBranchPoints="1" visitedBranchPoints="1" sequenceCoverage="100" branchCoverage="100" maxCyclomaticComplexity="1" minCyclomaticComplexity="1" visitedClasses="0" numClasses="0" visitedMethods="1" numMethods="1" />
              <MetadataToken>100663328</MetadataToken>
              <Name>System.Void TaskManager.DataAccess.TaskManagerEntities::set_ParentTasks(System.Data.Entity.DbSet`1&lt;TaskManager.DataAccess.ParentTask&gt;)</Name>
              <FileRef uid="8" />
              <SequencePoints>
                <SequencePoint vc="15" uspid="155" ordinal="0" offset="0" sl="28" sc="61" el="28" ec="65" bec="0" bev="0" fileid="8" />
              </SequencePoints>
              <BranchPoints />
              <MethodPoint xsi:type="SequencePoint" vc="15" uspid="155" ordinal="0" offset="0" sl="28" sc="61" el="28" ec="65" bec="0" bev="0" fileid="8" />
            </Method>
            <Method visited="true" cyclomaticComplexity="1" sequenceCoverage="100" branchCoverage="100" isConstructor="false" isStatic="false" isGetter="true" isSetter="false">
              <Summary numSequencePoints="1" visitedSequencePoints="1" numBranchPoints="1" visitedBranchPoints="1" sequenceCoverage="100" branchCoverage="100" maxCyclomaticComplexity="1" minCyclomaticComplexity="1" visitedClasses="0" numClasses="0" visitedMethods="1" numMethods="1" />
              <MetadataToken>100663329</MetadataToken>
              <Name>System.Data.Entity.DbSet`1&lt;TaskManager.DataAccess.Task&gt; TaskManager.DataAccess.TaskManagerEntities::get_Tasks()</Name>
              <FileRef uid="8" />
              <SequencePoints>
                <SequencePoint vc="17" uspid="156" ordinal="0" offset="0" sl="29" sc="44" el="29" ec="48" bec="0" bev="0" fileid="8" />
              </SequencePoints>
              <BranchPoints />
              <MethodPoint xsi:type="SequencePoint" vc="17" uspid="156" ordinal="0" offset="0" sl="29" sc="44" el="29" ec="48" bec="0" bev="0" fileid="8" />
            </Method>
            <Method visited="true" cyclomaticComplexity="1" sequenceCoverage="100" branchCoverage="100" isConstructor="false" isStatic="false" isGetter="false" isSetter="true">
              <Summary numSequencePoints="1" visitedSequencePoints="1" numBranchPoints="1" visitedBranchPoints="1" sequenceCoverage="100" branchCoverage="100" maxCyclomaticComplexity="1" minCyclomaticComplexity="1" visitedClasses="0" numClasses="0" visitedMethods="1" numMethods="1" />
              <MetadataToken>100663330</MetadataToken>
              <Name>System.Void TaskManager.DataAccess.TaskManagerEntities::set_Tasks(System.Data.Entity.DbSet`1&lt;TaskManager.DataAccess.Task&gt;)</Name>
              <FileRef uid="8" />
              <SequencePoints>
                <SequencePoint vc="15" uspid="157" ordinal="0" offset="0" sl="29" sc="49" el="29" ec="53" bec="0" bev="0" fileid="8" />
              </SequencePoints>
              <BranchPoints />
              <MethodPoint xsi:type="SequencePoint" vc="15" uspid="157" ordinal="0" offset="0" sl="29" sc="49" el="29" ec="53" bec="0" bev="0" fileid="8" />
            </Method>
            <Method visited="true" cyclomaticComplexity="1" sequenceCoverage="100" branchCoverage="100" isConstructor="true" isStatic="false" isGetter="false" isSetter="false">
[...]
              <MetadataToken>100663300</MetadataToken>
              <Name>System.Void TaskManager.Model.TASK_DETAILS::set_Parent_ID(System.String)</Name>
              <FileRef uid="33" />
              <SequencePoints>
                <SequencePoint vc="159" uspid="586" ordinal="0" offset="0" sl="11" sc="40" el="11" ec="44" bec="0" bev="0" fileid="33" />
              </SequencePoints>
              <BranchPoints />
              <MethodPoint xsi:type="SequencePoint" vc="159" uspid="586" ordinal="0" offset="0" sl="11" sc="40" el="11" ec="44" bec="0" bev="0" fileid="33" />
            </Method>
            <Method visited="true" cyclomaticComplexity="1" sequenceCoverage="100" branchCoverage="100" isConstructor="false" isStatic="false" isGetter="true" isSetter="false">
              <Summary numSequencePoints="1" visitedSequencePoints="1" numBranchPoints="1" visitedBranchPoints="1" sequenceCoverage="100" branchCoverage="100" maxCyclomaticComplexity="1" minCyclomaticComplexity="1" visitedClasses="0" numClasses="0" visitedMethods="1" numMethods="1" />
              <MetadataToken>100663301</MetadataToken>
              <Name>System.String TaskManager.Model.TASK_DETAILS::get_Task()</Name>
              <FileRef uid="33" />
              <SequencePoints>
                <SequencePoint vc="12" uspid="587" ordinal="0" offset="0" sl="12" sc="30" el="12" ec="34" bec="0" bev="0" fileid="33" />
              </SequencePoints>
              <BranchPoints />
              <MethodPoint xsi:type="SequencePoint" vc="12" uspid="587" ordinal="0" offset="0" sl="12" sc="30" el="12" ec="34" bec="0" bev="0" fileid="33" />
            </Method>
            <Method visited="true" cyclomaticComplexity="1" sequenceCoverage="100" branchCoverage="100" isConstructor="false" isStatic="false" isGetter="false" isSetter="true">
              <Summary numSequencePoints="1" visitedSequencePoints="1" numBranchPoints="1" visitedBranchPoints="1" sequenceCoverage="100" branchCoverage="100" maxCyclomaticComplexity="1" minCyclomaticComplexity="1" visitedClasses="0" numClasses="0" visitedMethods="1" numMethods="1" />
              <MetadataToken>100663302</MetadataToken>
              <Name>System.Void TaskManager.Model.TASK_DETAILS::set_Task(System.String)</Name>
              <FileRef uid="33" />
              <SequencePoints>
                <SequencePoint vc="161" uspid="588" ordinal="0" offset="0" sl="12" sc="35" el="12" ec="39" bec="0" bev="0" fileid="33" />
              </SequencePoints>
              <BranchPoints />
              <MethodPoint xsi:type="SequencePoint" vc="161" uspid="588" ordinal="0" offset="0" sl="12" sc="35" el="12" ec="39" bec="0" bev="0" fileid="33" />
            </Method>
            <Method visited="true" cyclomaticComplexity="1" sequenceCoverage="100" branchCoverage="100" isConstructor="false" isStatic="false" isGetter="true" isSetter="false">
              <Summary numSequencePoints="1" visitedSequencePoints="1" numBranchPoints="1" visitedBranchPoints="1" sequenceCoverage="100" branchCoverage="100" maxCyclomaticComplexity="1" minCyclomaticComplexity="1" visitedClasses="0" numClasses="0" visitedMethods="1" numMethods="1" />
              <MetadataToken>100663303</MetadataToken>
              <Name>System.String TaskManager.Model.TASK_DETAILS::get_Start_Date()</Name>
              <FileRef uid="33" />
              <SequencePoints>
                <SequencePoint vc="18" uspid="589" ordinal="0" offset="0" sl="13" sc="36" el="13" ec="40" bec="0" bev="0" fileid="33" />
              </SequencePoints>
              <BranchPoints />
              <MethodPoint xsi:type="SequencePoint" vc="18" uspid="589" ordinal="0" offset="0" sl="13" sc="36" el="13" ec="40" bec="0" bev="0" fileid="33" />
            </Method>
            <Method visited="true" cyclomaticComplexity="1" sequenceCoverage="100" branchCoverage="100" isConstructor="false" isStatic="false" isGetter="false" isSetter="true">
              <Summary numSequencePoints="1" visitedSequencePoints="1" numBranchPoints="1" visitedBranchPoints="1" sequenceCoverage="100" branchCoverage="100" maxCyclomaticComplexity="1" minCyclomaticComplexity="1" visitedClasses="0" numClasses="0" visitedMethods="1" numMethods="1" />
              <MetadataToken>100663304</MetadataToken>
              <Name>System.Void TaskManager.Model.TASK_DETAILS::set_Start_Date(System.String)</Name>
              <FileRef uid="33" />
              <SequencePoints>
                <SequencePoint vc="161" uspid="590" ordinal="0" offset="0" sl="13" sc="41" el="13" ec="45" bec="0" bev="0" fileid="33" />
              </SequencePoints>
              <BranchPoints />
              <MethodPoint xsi:type="SequencePoint" vc="161" uspid="590" ordinal="0" offset="0" sl="13" sc="41" el="13" ec="45" bec="0" bev="0" fileid="33" />
            </Method>
            <Method visited="true" cyclomaticComplexity="1" sequenceCoverage="100" branchCoverage="100" isConstructor="false" isStatic="false" isGetter="true" isSetter="false">
              <Summary numSequencePoints="1" visitedSequencePoints="1" numBranchPoints="1" visitedBranchPoints="1" sequenceCoverage="100" branchCoverage="100" maxCyclomaticComplexity="1" minCyclomaticComplexity="1" visitedClasses="0" numClasses="0" visitedMethods="1" numMethods="1" />
              <MetadataToken>100663305</MetadataToken>
              <Name>System.String TaskManager.Model.TASK_DETAILS::get_End_Date()</Name>
              <FileRef uid="33" />
              <SequencePoints>
                <SequencePoint vc="18" uspid="591" ordinal="0" offset="0" sl="14" sc="34" el="14" ec="38" bec="0" bev="0" fileid="33" />
              </SequencePoints>
              <BranchPoints />
              <MethodPoint xsi:type="SequencePoint" vc="18" uspid="591" ordinal="0" offset="0" sl="14" sc="34" el="14" ec="38" bec="0" bev="0" fileid="33" />
            </Method>
            <Method visited="true" cyclomaticComplexity="1" sequenceCoverage="100" branchCoverage="100" isConstructor="false" isStatic="false" isGetter="false" isSetter="true">
              <Summary numSequencePoints="1" visitedSequencePoints="1" numBranchPoints="1" visitedBranchPoints="1" sequenceCoverage="100" branchCoverage="100" maxCyclomaticComplexity="1" minCyclomaticComplexity="1" visitedClasses="0" numClasses="0" visitedMethods="1" numMethods="1" />
              <MetadataToken>100663306</MetadataToken>
              <Name>System.Void TaskManager.Model.TASK_DETAILS::set_End_Date(System.String)</Name>
              <FileRef uid="33" />
              <SequencePoints>
                <SequencePoint vc="162" uspid="592" ordinal="0" offset="0" sl="14" sc="39" el="14" ec="43" bec="0" bev="0" fileid="33" />
              </SequencePoints>
              <BranchPoints />
              <MethodPoint xsi:type="SequencePoint" vc="162" uspid="592" ordinal="0" offset="0" sl="14" sc="39" el="14" ec="43" bec="0" bev="0" fileid="33" />
            </Method>
            <Method visited="true" cyclomaticComplexity="1" sequenceCoverage="100" branchCoverage="100" isConstructor="false" isStatic="false" isGetter="true" isSetter="false">
              <Summary numSequencePoints="1" visitedSequencePoints="1" numBranchPoints="1" visitedBranchPoints="1" sequenceCoverage="100" branchCoverage="100" maxCyclomaticComplexity="1" minCyclomaticComplexity="1" visitedClasses="0" numClasses="0" visitedMethods="1" numMethods="1" />
              <MetadataToken>100663307</MetadataToken>
              <Name>System.Int32 TaskManager.Model.TASK_DETAILS::get_Priority()</Name>
              <FileRef uid="33" />
              <SequencePoints>
                <SequencePoint vc="12" uspid="593" ordinal="0" offset="0" sl="15" sc="31" el="15" ec="35" bec="0" bev="0" fileid="33" />
              </SequencePoints>
              <BranchPoints />
              <MethodPoint xsi:type="SequencePoint" vc="12" uspid="593" ordinal="0" offset="0" sl="15" sc="31" el="15" ec="35" bec="0" bev="0" fileid="33" />
            </Method>
            <Method visited="true" cyclomaticComplexity="1" sequenceCoverage="100" branchCoverage="100" isConstructor="false" isStatic="false" isGetter="false" isSetter="true">
              <Summary numSequencePoints="1" visitedSequencePoints="1" numBranchPoints="1" visitedBranchPoints="1" sequenceCoverage="100" branchCoverage="100" maxCyclomaticComplexity="1" minCyclomaticComplexity="1" visitedClasses="0" numClasses="0" visitedMethods="1" numMethods="1" />
              <MetadataToken>100663308</MetadataToken>
              <Name>System.Void TaskManager.Model.TASK_DETAILS::set_Priority(System.Int32)</Name>
              <FileRef uid="33" />
              <SequencePoints>
                <SequencePoint vc="161" uspid="594" ordinal="0" offset="0" sl="15" sc="36" el="15" ec="40" bec="0" bev="0" fileid="33" />
              </SequencePoints>
              <BranchPoints />
              <MethodPoint xsi:type="SequencePoint" vc="161" uspid="594" ordinal="0" offset="0" sl="15" sc="36" el="15" ec="40" bec="0" bev="0" fileid="33" />
            </Method>
            <Method visited="false" cyclomaticComplexity="1" sequenceCoverage="0" branchCoverage="0" isConstructor="false" isStatic="false" isGetter="true" isSetter="false">
              <Summary numSequencePoints="1" visitedSequencePoints="0" numBranchPoints="1" visitedBranchPoints="0" sequenceCoverage="0" branchCoverage="0" maxCyclomaticComplexity="1" minCyclomaticComplexity="1" visitedClasses="0" numClasses="0" visitedMethods="0" numMethods="1" />
              <MetadataToken>100663309</MetadataToken>
              <Name>System.Int32 TaskManager.Model.TASK_DETAILS::get_IsActive()</Name>
              <FileRef uid="33" />
              <SequencePoints>
                <SequencePoint vc="0" uspid="595" ordinal="0" offset="0" sl="16" sc="31" el="16" ec="35" bec="0" bev="0" fileid="33" />
              </SequencePoints>
              <BranchPoints />
              <MethodPoint xsi:type="SequencePoint" vc="0" uspid="595" ordinal="0" offset="0" sl="16" sc="31" el="16" ec="35" bec="0" bev="0" fileid="33" />
            </Method>
            <Method visited="true" cyclomaticComplexity="1" sequenceCoverage="100" branchCoverage="100" isConstructor="false" isStatic="false" isGetter="false" isSetter="true">
              <Summary numSequencePoints="1" visitedSequencePoints="1" numBranchPoints="1" visitedBranchPoints="1" sequenceCoverage="100" branchCoverage="100" maxCyclomaticComplexity="1" minCyclomaticComplexity="1" visitedClasses="0" numClasses="0" visitedMethods="1" numMethods="1" />
              <MetadataToken>100663310</MetadataToken>
              <Name>System.Void TaskManager.Model.TASK_DETAILS::set_IsActive(System.Int32)</Name>
              <FileRef uid="33" />
              <SequencePoints>
                <SequencePoint vc="158" uspid="596" ordinal="0" offset="0" sl="16" sc="36" el="16" ec="40" bec="0" bev="0" fileid="33" />
              </SequencePoints>
              <BranchPoints />
              <MethodPoint xsi:type="SequencePoint" vc="158" uspid="596" ordinal="0" offset="0" sl="16" sc="36" el="16" ec="40" bec="0" bev="0" fileid="33" />
            </Method>
            <Method visited="true" cyclomaticComplexity="1" sequenceCoverage="0" branchCoverage="0" isConstructor="true" isStatic="false" isGetter="false" isSetter="false">
              <Summary numSequencePoints="0" visitedSequencePoints="0" numBranchPoints="0" visitedBranchPoints="0" sequenceCoverage="0" branchCoverage="0" maxCyclomaticComplexity="1" minCyclomaticComplexity="1" visitedClasses="0" numClasses="0" visitedMethods="0" numMethods="0" />
              <MetadataToken>100663311</MetadataToken>
              <Name>System.Void TaskManager.Model.TASK_DETAILS::.ctor()</Name>
              <SequencePoints />
              <BranchPoints />
              <MethodPoint vc="162" uspid="597" ordinal="0" offset="0" />
            </Method>
          </Methods>
        </Class>
        <Class>
          <Summary numSequencePoints="4" visitedSequencePoints="2" numBranchPoints="4" visitedBranchPoints="2" sequenceCoverage="50" branchCoverage="50" maxCyclomaticComplexity="1" minCyclomaticComplexity="1" visitedClasses="1" numClasses="1" visitedMethods="2" numMethods="4" />
          <FullName>TaskManager.Model.PARENT_TASK</FullName>
          <Methods>
            <Method visited="false" cyclomaticComplexity="1" sequenceCoverage="0" branchCoverage="0" isConstructor="false" isStatic="false" isGetter="true" isSetter="false">
              <Summary numSequencePoints="1" visitedSequencePoints="0" numBranchPoints="1" visitedBranchPoints="0" sequenceCoverage="0" branchCoverage="0" maxCyclomaticComplexity="1" minCyclomaticComplexity="1" visitedClasses="0" numClasses="0" visitedMethods="0" numMethods="1" />
              <MetadataToken>100663312</MetadataToken>
              <Name>System.String TaskManager.Model.PARENT_TASK::get_Parent_ID()</Name>
              <FileRef uid="33" />
              <SequencePoints>
                <SequencePoint vc="0" uspid="598" ordinal="0" offset="0" sl="24" sc="35" el="24" ec="39" bec="0" bev="0" fileid="33" />
              </SequencePoints>
              <BranchPoints />
              <MethodPoint xsi:type="SequencePoint" vc="0" uspid="598" ordinal="0" offset="0" sl="24" sc="35" el="24" ec="39" bec="0" bev="0" fileid="33" />
            </Method>
            <Method visited="true" cyclomaticComplexity="1" sequenceCoverage="100" branchCoverage="100" isConstructor="false" isStatic="false" isGetter="false" isSetter="true">
              <Summary numSequencePoints="1" visitedSequencePoints="1" numBranchPoints="1" visitedBranchPoints="1" sequenceCoverage="100" branchCoverage="100" maxCyclomaticComplexity="1" minCyclomaticComplexity="1" visitedClasses="0" numClasses="0" visitedMethods="1" numMethods="1" />
              <MetadataToken>100663313</MetadataToken>
              <Name>System.Void TaskManager.Model.PARENT_TASK::set_Parent_ID(System.String)</Name>
              <FileRef uid="33" />
              <SequencePoints>
                <SequencePoint vc="4" uspid="599" ordinal="0" offset="0" sl="24" sc="40" el="24" ec="44" bec="0" bev="0" fileid="33" />
              </SequencePoints>
              <BranchPoints />
              <MethodPoint xsi:type="SequencePoint" vc="4" uspid="599" ordinal="0" offset="0" sl="24" sc="40" el="24" ec="44" bec="0" bev="0" fileid="33" />
            </Method>
            <Method visited="false" cyclomaticComplexity="1" sequenceCoverage="0" branchCoverage="0" isConstructor="false" isStatic="false" isGetter="true" isSetter="false">
              <Summary numSequencePoints="1" visitedSequencePoints="0" numBranchPoints="1" visitedBranchPoints="0" sequenceCoverage="0" branchCoverage="0" maxCyclomaticComplexity="1" minCyclomaticComplexity="1" visitedClasses="0" numClasses="0" visitedMethods="0" numMethods="1" />
              <MetadataToken>100663314</MetadataToken>
              <Name>System.String TaskManager.Model.PARENT_TASK::get_Parent_Task()</Name>
              <FileRef uid="33" />
              <SequencePoints>
                <SequencePoint vc="0" uspid="600" ordinal="0" offset="0" sl="25" sc="37" el="25" ec="41" bec="0" bev="0" fileid="33" />
              </SequencePoints>
              <BranchPoints />
              <MethodPoint xsi:type="SequencePoint" vc="0" uspid="600" ordinal="0" offset="0" sl="25" sc="37" el="25" ec="41" bec="0" bev="0" fileid="33" />
            </Method>
            <Method visited="true" cyclomaticComplexity="1" sequenceCoverage="100" branchCoverage="100" isConstructor="false" isStatic="false" isGetter="false" isSetter="true">
              <Summary numSequencePoints="1" visitedSequencePoints="1" numBranchPoints="1" visitedBranchPoints="1" sequenceCoverage="100" branchCoverage="100" maxCyclomaticComplexity="1" minCyclomaticComplexity="1" visitedClasses="0" numClasses="0" visitedMethods="1" numMethods="1" />
              <MetadataToken>100663315</MetadataToken>
              <Name>System.Void TaskManager.Model.PARENT_TASK::set_Parent_Task(System.String)</Name>
              <FileRef uid="33" />
              <SequencePoints>
                <SequencePoint vc="4" uspid="601" ordinal="0" offset="0" sl="25" sc="42" el="25" ec="46" bec="0" bev="0" fileid="33" />
              </SequencePoints>
              <BranchPoints />
              <MethodPoint xsi:type="SequencePoint" vc="4" uspid="601" ordinal="0" offset="0" sl="25" sc="42" el="25" ec="46" bec="0" bev="0" fileid="33" />
            </Method>
            <Method visited="true" cyclomaticComplexity="1" sequenceCoverage="0" branchCoverage="0" isConstructor="true" isStatic="false" isGetter="false" isSetter="false">
              <Summary numSequencePoints="0" visitedSequencePoints="0" numBranchPoints="0" visitedBranchPoints="0" sequenceCoverage="0" branchCoverage="0" maxCyclomaticComplexity="1" minCyclomaticComplexity="1" visitedClasses="0" numClasses="0" visitedMethods="0" numMethods="0" />
              <MetadataToken>100663316</MetadataToken>
              <Name>System.Void TaskManager.Model.PARENT_TASK::.ctor()</Name>
              <SequencePoints />
              <BranchPoints />
              <MethodPoint vc="4" uspid="602" ordinal="0" offset="0" />
            </Method>
          </Methods>
        </Class>
      </Classes>
    </Module>
    <Module skippedDueTo="Filter" hash="BE-C7-BB-BF-3E-49-C7-DA-4B-04-49-FA-37-04-0B-DF-E6-BB-1A-6F">
      <FullName>C:\Users\Administrator\Source\Repos\FSE_Cap_TaskMGRAPI\UnitTest\TaskManager.DataAccess.Tests\bin\Debug\System.Net.Http.Formatting.dll</FullName>
      <ModuleName>System.Net.Http.Formatting</ModuleName>
      <Classes />
    </Module>
    <Module skippedDueTo="MissingPdb" hash="17-D2-B2-71-73-46-AF-51-F7-9A-9F-28-F7-BB-51-1D-8E-DF-CF-42">
      <FullName>C:\Windows\Microsoft.Net\assembly\GAC_MSIL\SMDiagnostics\v4.0_4.0.0.0__b77a5c561934e089\SMDiagnostics.dll</FullName>
      <ModuleName>SMDiagnostics</ModuleName>
      <Classes />
    </Module>
    <Module skippedDueTo="MissingPdb" hash="80-26-EF-AD-E4-AF-8D-E5-CB-A7-26-59-14-CA-09-D9-D9-57-BA-81">
      <FullName>C:\Users\Administrator\Source\Repos\FSE_Cap_TaskMGRAPI\UnitTest\TaskManager.DataAccess.Tests\bin\Debug\Newtonsoft.Json.dll</FullName>
      <ModuleName>Newtonsoft.Json</ModuleName>
      <Classes />
    </Module>
    <Module skippedDueTo="MissingPdb" hash="C3-9D-4E-A9-3E-A4-48-75-50-DD-26-99-59-BB-B9-BB-BE-78-68-6C">
      <FullName>C:\Windows\Microsoft.Net\assembly\GAC_MSIL\Microsoft.CSharp\v4.0_4.0.0.0__b03f5f7f11d50a3a\Microsoft.CSharp.dll</FullName>
      <ModuleName>Microsoft.CSharp</ModuleName>
      <Classes />
    </Module>
    <Module skippedDueTo="Filter" hash="BC-73-FB-90-98-40-AC-AF-59-BA-B1-B4-D8-62-DB-E5-06-33-1E-C5">
      <FullName>C:\Windows\Microsoft.Net\assembly\GAC_MSIL\System.ServiceModel.Internals\v4.0_4.0.0.0__31bf3856ad364e35\System.ServiceModel.Internals.dll</FullName>
      <ModuleName>System.ServiceModel.Internals</ModuleName>
      <Classes />
    </Module>
    <Module skippedDueTo="Filter" hash="B0-AB-62-4B-AA-32-AD-A8-2E-19-2B-B2-98-82-02-06-E8-CF-C0-67">
      <FullName>C:\Windows\Microsoft.Net\assembly\GAC_MSIL\System.ComponentModel.DataAnnotations\v4.0_4.0.0.0__31bf3856ad364e35\System.ComponentModel.DataAnnotations.dll</FullName>
      <ModuleName>System.ComponentModel.DataAnnotations</ModuleName>
      <Classes />
    </Module>
    <Module skippedDueTo="Filter" hash="93-B4-03-5A-D1-55-63-BF-39-E6-BC-20-BA-EF-95-B2-BA-36-28-C7">
      <FullName>C:\Users\Administrator\Source\Repos\FSE_Cap_TaskMGRAPI\UnitTest\TaskManager.DataAccess.Tests\bin\Debug\System.Web.Http.Cors.dll</FullName>
      <ModuleName>System.Web.Http.Cors</ModuleName>
      <Classes />
    </Module>
  </Modules>
</CoverageSession>