<?xml version="1.0" encoding="utf-8"?>
<CoverageSession xmlns:xsd="http://www.w3.org/2001/XMLSchema" xmlns:xsi="http://www.w3.org/2001/XMLSchema-instance">
  <Summary numSequencePoints="1986" visitedSequencePoints="301" numBranchPoints="1062" visitedBranchPoints="145" sequenceCoverage="15.16" branchCoverage="13.65" maxCyclomaticComplexity="22" minCyclomaticComplexity="1" visitedClasses="13" numClasses="60" visitedMethods="78" numMethods="362" />
  <Modules>
    <Module skippedDueTo="Filter" hash="D8-53-B0-07-8D-F9-9A-13-7D-98-00-E6-F2-C4-C4-74-70-5D-80-7A">
      <FullName>C:\Windows\Microsoft.Net\assembly\GAC_64\mscorlib\v4.0_4.0.0.0__b77a5c561934e089\mscorlib.dll</FullName>
      <ModuleName>mscorlib</ModuleName>
      <Classes />
    </Module>
    <Module skippedDueTo="MissingPdb" hash="42-5D-0E-14-9A-00-93-21-57-8C-FC-8C-B0-3D-F9-C7-AF-CD-A3-02">
      <FullName>C:\Users\Administrator\Source\Repos\FSE_Cap_TaskMGRAPI\packages\NUnit.ConsoleRunner.3.9.0\tools\nunit3-console.exe</FullName>
      <ModuleName>nunit3-console</ModuleName>
      <Classes />
    </Module>
    <Module skippedDueTo="Filter" hash="EE-77-8B-34-FE-47-61-EA-AD-62-7D-B3-79-79-9C-B7-64-F3-12-03">
      <FullName>C:\Windows\Microsoft.Net\assembly\GAC_MSIL\System\v4.0_4.0.0.0__b77a5c561934e089\System.dll</FullName>
      <ModuleName>System</ModuleName>
      <Classes />
    </Module>
    <Module skippedDueTo="MissingPdb" hash="0A-47-64-32-4B-83-DF-99-42-5A-C7-DE-DA-21-E5-6C-A1-90-50-AC">
      <FullName>C:\Users\Administrator\Source\Repos\FSE_Cap_TaskMGRAPI\packages\NUnit.ConsoleRunner.3.9.0\tools\nunit.engine.api.dll</FullName>
      <ModuleName>nunit.engine.api</ModuleName>
      <Classes />
    </Module>
    <Module skippedDueTo="MissingPdb" hash="D5-00-67-52-C5-AF-05-06-2D-35-DF-4F-C4-22-51-88-35-4A-CD-00">
      <FullName>C:\Users\Administrator\Source\Repos\FSE_Cap_TaskMGRAPI\packages\NUnit.ConsoleRunner.3.9.0\tools\nunit.engine.dll</FullName>
      <ModuleName>nunit.engine</ModuleName>
      <Classes />
    </Module>
    <Module skippedDueTo="MissingPdb" hash="D5-00-67-52-C5-AF-05-06-2D-35-DF-4F-C4-22-51-88-35-4A-CD-00">
      <FullName>C:\Users\Administrator\Source\Repos\FSE_Cap_TaskMGRAPI\packages\NUnit.ConsoleRunner.3.9.0\tools\nunit.engine.dll</FullName>
      <ModuleName>nunit.engine</ModuleName>
      <Classes />
    </Module>
    <Module skippedDueTo="Filter" hash="F7-E9-75-D6-35-98-70-4A-0F-45-76-1B-B3-83-70-38-5E-DF-02-47">
      <FullName>C:\Windows\Microsoft.Net\assembly\GAC_MSIL\System.Xml\v4.0_4.0.0.0__b77a5c561934e089\System.Xml.dll</FullName>
      <ModuleName>System.Xml</ModuleName>
      <Classes />
    </Module>
    <Module skippedDueTo="Filter" hash="F3-16-D4-5E-C5-50-B3-22-7B-4E-24-71-CD-D2-35-E6-9C-74-2B-E4">
      <FullName>C:\Windows\Microsoft.Net\assembly\GAC_64\System.Web\v4.0_4.0.0.0__b03f5f7f11d50a3a\System.Web.dll</FullName>
      <ModuleName>System.Web</ModuleName>
      <Classes />
    </Module>
    <Module skippedDueTo="MissingPdb" hash="7C-26-06-1C-0A-29-02-E5-32-A6-26-CA-D2-F5-06-AA-A1-3B-9C-8F">
      <FullName>C:\Users\Administrator\Source\Repos\FSE_Cap_TaskMGRAPI\packages\NUnit.ConsoleRunner.3.9.0\tools\Mono.Cecil.dll</FullName>
      <ModuleName>Mono.Cecil</ModuleName>
      <Classes />
    </Module>
    <Module skippedDueTo="Filter" hash="31-76-6A-81-5B-45-2B-B2-02-8C-E4-69-D2-C3-8F-87-B1-54-25-E8">
      <FullName>C:\Windows\Microsoft.Net\assembly\GAC_MSIL\System.Core\v4.0_4.0.0.0__b77a5c561934e089\System.Core.dll</FullName>
      <ModuleName>System.Core</ModuleName>
      <Classes />
    </Module>
    <Module skippedDueTo="Filter" hash="0F-6F-F3-F5-1C-3A-A7-26-E2-D9-16-C9-A4-9C-AD-C3-B6-CA-24-A2">
      <FullName>C:\Windows\Microsoft.Net\assembly\GAC_MSIL\System.Runtime.Remoting\v4.0_4.0.0.0__b77a5c561934e089\System.Runtime.Remoting.dll</FullName>
      <ModuleName>System.Runtime.Remoting</ModuleName>
      <Classes />
    </Module>
    <Module skippedDueTo="Filter" hash="9C-DB-95-DC-25-D5-38-7E-C2-3A-20-8F-14-5D-A9-56-2A-D7-00-E3">
      <FullName>C:\Windows\Microsoft.Net\assembly\GAC_MSIL\System.Configuration\v4.0_4.0.0.0__b03f5f7f11d50a3a\System.Configuration.dll</FullName>
      <ModuleName>System.Configuration</ModuleName>
      <Classes />
    </Module>
    <Module skippedDueTo="Filter" hash="D8-53-B0-07-8D-F9-9A-13-7D-98-00-E6-F2-C4-C4-74-70-5D-80-7A">
      <FullName>C:\Windows\Microsoft.Net\assembly\GAC_64\mscorlib\v4.0_4.0.0.0__b77a5c561934e089\mscorlib.dll</FullName>
      <ModuleName>mscorlib</ModuleName>
      <Classes />
    </Module>
    <Module skippedDueTo="MissingPdb" hash="D0-28-87-1E-9F-96-03-5C-DD-6C-EE-2A-08-04-43-0E-24-28-FE-11">
      <FullName>C:\Users\Administrator\Source\Repos\FSE_Cap_TaskMGRAPI\packages\NUnit.ConsoleRunner.3.9.0\tools\nunit-agent.exe</FullName>
      <ModuleName>nunit-agent</ModuleName>
      <Classes />
    </Module>
    <Module skippedDueTo="MissingPdb" hash="0A-47-64-32-4B-83-DF-99-42-5A-C7-DE-DA-21-E5-6C-A1-90-50-AC">
      <FullName>C:\Users\Administrator\Source\Repos\FSE_Cap_TaskMGRAPI\packages\NUnit.ConsoleRunner.3.9.0\tools\nunit.engine.api.dll</FullName>
      <ModuleName>nunit.engine.api</ModuleName>
      <Classes />
    </Module>
    <Module skippedDueTo="Filter" hash="EE-77-8B-34-FE-47-61-EA-AD-62-7D-B3-79-79-9C-B7-64-F3-12-03">
      <FullName>C:\Windows\Microsoft.Net\assembly\GAC_MSIL\System\v4.0_4.0.0.0__b77a5c561934e089\System.dll</FullName>
      <ModuleName>System</ModuleName>
      <Classes />
    </Module>
    <Module skippedDueTo="MissingPdb" hash="D5-00-67-52-C5-AF-05-06-2D-35-DF-4F-C4-22-51-88-35-4A-CD-00">
      <FullName>C:\Users\Administrator\Source\Repos\FSE_Cap_TaskMGRAPI\packages\NUnit.ConsoleRunner.3.9.0\tools\nunit.engine.dll</FullName>
      <ModuleName>nunit.engine</ModuleName>
      <Classes />
    </Module>
    <Module skippedDueTo="Filter" hash="F7-E9-75-D6-35-98-70-4A-0F-45-76-1B-B3-83-70-38-5E-DF-02-47">
      <FullName>C:\Windows\Microsoft.Net\assembly\GAC_MSIL\System.Xml\v4.0_4.0.0.0__b77a5c561934e089\System.Xml.dll</FullName>
      <ModuleName>System.Xml</ModuleName>
      <Classes />
    </Module>
    <Module skippedDueTo="Filter" hash="F3-16-D4-5E-C5-50-B3-22-7B-4E-24-71-CD-D2-35-E6-9C-74-2B-E4">
      <FullName>C:\Windows\Microsoft.Net\assembly\GAC_64\System.Web\v4.0_4.0.0.0__b03f5f7f11d50a3a\System.Web.dll</FullName>
      <ModuleName>System.Web</ModuleName>
      <Classes />
    </Module>
    <Module skippedDueTo="MissingPdb" hash="7C-26-06-1C-0A-29-02-E5-32-A6-26-CA-D2-F5-06-AA-A1-3B-9C-8F">
      <FullName>C:\Users\Administrator\Source\Repos\FSE_Cap_TaskMGRAPI\packages\NUnit.ConsoleRunner.3.9.0\tools\Mono.Cecil.dll</FullName>
      <ModuleName>Mono.Cecil</ModuleName>
      <Classes />
    </Module>
    <Module skippedDueTo="Filter" hash="31-76-6A-81-5B-45-2B-B2-02-8C-E4-69-D2-C3-8F-87-B1-54-25-E8">
      <FullName>C:\Windows\Microsoft.Net\assembly\GAC_MSIL\System.Core\v4.0_4.0.0.0__b77a5c561934e089\System.Core.dll</FullName>
      <ModuleName>System.Core</ModuleName>
      <Classes />
    </Module>
    <Module skippedDueTo="Filter" hash="0F-6F-F3-F5-1C-3A-A7-26-E2-D9-16-C9-A4-9C-AD-C3-B6-CA-24-A2">
      <FullName>C:\Windows\Microsoft.Net\assembly\GAC_MSIL\System.Runtime.Remoting\v4.0_4.0.0.0__b77a5c561934e089\System.Runtime.Remoting.dll</FullName>
      <ModuleName>System.Runtime.Remoting</ModuleName>
      <Classes />
    </Module>
    <Module skippedDueTo="Filter" hash="9C-DB-95-DC-25-D5-38-7E-C2-3A-20-8F-14-5D-A9-56-2A-D7-00-E3">
      <FullName>C:\Windows\Microsoft.Net\assembly\GAC_MSIL\System.Configuration\v4.0_4.0.0.0__b03f5f7f11d50a3a\System.Configuration.dll</FullName>
      <ModuleName>System.Configuration</ModuleName>
      <Classes />
    </Module>
    <Module skippedDueTo="MissingPdb" hash="A7-9F-41-2F-47-0F-3E-C7-DD-99-9E-73-7D-AF-41-93-23-DC-2B-18">
      <FullName>C:\Users\Administrator\Source\Repos\FSE_Cap_TaskMGRAPI\UnitTest\TaskManager.DataAccess.Tests\bin\Debug\nunit.framework.dll</FullName>
      <ModuleName>nunit.framework</ModuleName>
      <Classes />
    </Module>
    <Module skippedDueTo="Filter" hash="EE-77-8B-34-FE-47-61-EA-AD-62-7D-B3-79-79-9C-B7-64-F3-12-03">
      <FullName>C:\Windows\Microsoft.Net\assembly\GAC_MSIL\System\v4.0_4.0.0.0__b77a5c561934e089\System.dll</FullName>
      <ModuleName>System</ModuleName>
      <Classes />
    </Module>
    <Module skippedDueTo="Filter" hash="31-76-6A-81-5B-45-2B-B2-02-8C-E4-69-D2-C3-8F-87-B1-54-25-E8">
      <FullName>C:\Windows\Microsoft.Net\assembly\GAC_MSIL\System.Core\v4.0_4.0.0.0__b77a5c561934e089\System.Core.dll</FullName>
      <ModuleName>System.Core</ModuleName>
      <Classes />
    </Module>
    <Module skippedDueTo="Filter" hash="F3-16-D4-5E-C5-50-B3-22-7B-4E-24-71-CD-D2-35-E6-9C-74-2B-E4">
      <FullName>C:\Windows\Microsoft.Net\assembly\GAC_64\System.Web\v4.0_4.0.0.0__b03f5f7f11d50a3a\System.Web.dll</FullName>
      <ModuleName>System.Web</ModuleName>
      <Classes />
    </Module>
    <Module hash="5E-D0-EC-C0-6E-47-A4-7A-E9-5B-92-0A-CE-A1-61-98-69-3B-A9-DC">
      <Summary numSequencePoints="34" visitedSequencePoints="34" numBranchPoints="6" visitedBranchPoints="6" sequenceCoverage="100" branchCoverage="100" maxCyclomaticComplexity="1" minCyclomaticComplexity="1" visitedClasses="1" numClasses="1" visitedMethods="6" numMethods="6" />
      <FullName>C:\Users\Administrator\Source\Repos\FSE_Cap_TaskMGRAPI\UnitTest\TaskManager.DataAccess.Tests\bin\Debug\TaskManager.DataAccess.Tests.dll</FullName>
      <ModuleName>TaskManager.DataAccess.Tests</ModuleName>
      <Files>
        <File uid="1" fullPath="C:\Users\Administrator\Source\Repos\FSE_Cap_TaskMGRAPI\UnitTest\TaskManager.DataAccess.Tests\Controllers\TaskControllerUnitTest.cs" />
      </Files>
      <Classes>
        <Class>
          <Summary numSequencePoints="0" visitedSequencePoints="0" numBranchPoints="0" visitedBranchPoints="0" sequenceCoverage="0" branchCoverage="0" maxCyclomaticComplexity="0" minCyclomaticComplexity="0" visitedClasses="0" numClasses="0" visitedMethods="0" numMethods="0" />
          <FullName>&lt;Module&gt;</FullName>
          <Methods />
        </Class>
        <Class>
          <Summary numSequencePoints="34" visitedSequencePoints="34" numBranchPoints="6" visitedBranchPoints="6" sequenceCoverage="100" branchCoverage="100" maxCyclomaticComplexity="1" minCyclomaticComplexity="1" visitedClasses="1" numClasses="1" visitedMethods="6" numMethods="6" />
          <FullName>TaskManager.DataAccess.Tests.TaskControllerUnitTest</FullName>
          <Methods>
            <Method visited="true" cyclomaticComplexity="1" sequenceCoverage="100" branchCoverage="100" isConstructor="false" isStatic="false" isGetter="false" isSetter="false">
              <Summary numSequencePoints="5" visitedSequencePoints="5" numBranchPoints="1" visitedBranchPoints="1" sequenceCoverage="100" branchCoverage="100" maxCyclomaticComplexity="1" minCyclomaticComplexity="1" visitedClasses="0" numClasses="0" visitedMethods="1" numMethods="1" />
              <MetadataToken>100663297</MetadataToken>
              <Name>System.Void TaskManager.DataAccess.Tests.TaskControllerUnitTest::GetParentsTestMethod()</Name>
              <FileRef uid="1" />
              <SequencePoints>
                <SequencePoint vc="1" uspid="1" ordinal="0" offset="0" sl="13" sc="9" el="13" ec="10" bec="0" bev="0" fileid="1" />
                <SequencePoint vc="1" uspid="2" ordinal="1" offset="1" sl="14" sc="13" el="14" ec="66" bec="0" bev="0" fileid="1" />
                <SequencePoint vc="1" uspid="3" ordinal="2" offset="7" sl="15" sc="13" el="15" ec="79" bec="0" bev="0" fileid="1" />
                <SequencePoint vc="1" uspid="4" ordinal="3" offset="30" sl="16" sc="13" el="16" ec="150" bec="0" bev="0" fileid="1" />
                <SequencePoint vc="1" uspid="5" ordinal="4" offset="101" sl="17" sc="9" el="17" ec="10" bec="0" bev="0" fileid="1" />
              </SequencePoints>
              <BranchPoints />
              <MethodPoint xsi:type="SequencePoint" vc="1" uspid="1" ordinal="0" offset="0" sl="13" sc="9" el="13" ec="10" bec="0" bev="0" fileid="1" />
            </Method>
            <Method visited="true" cyclomaticComplexity="1" sequenceCoverage="100" branchCoverage="100" isConstructor="false" isStatic="false" isGetter="false" isSetter="false">
              <Summary numSequencePoints="5" visitedSequencePoints="5" numBranchPoints="1" visitedBranchPoints="1" sequenceCoverage="100" branchCoverage="100" maxCyclomaticComplexity="1" minCyclomaticComplexity="1" visitedClasses="0" numClasses="0" visitedMethods="1" numMethods="1" />
              <MetadataToken>100663298</MetadataToken>
              <Name>System.Void TaskManager.DataAccess.Tests.TaskControllerUnitTest::GetTasksTestMethod()</Name>
              <FileRef uid="1" />
              <SequencePoints>
                <SequencePoint vc="1" uspid="6" ordinal="0" offset="0" sl="21" sc="9" el="21" ec="10" bec="0" bev="0" fileid="1" />
                <SequencePoint vc="1" uspid="7" ordinal="1" offset="1" sl="22" sc="13" el="22" ec="66" bec="0" bev="0" fileid="1" />
                <SequencePoint vc="1" uspid="8" ordinal="2" offset="7" sl="23" sc="13" el="23" ec="84" bec="0" bev="0" fileid="1" />
                <SequencePoint vc="1" uspid="9" ordinal="3" offset="30" sl="24" sc="13" el="24" ec="155" bec="0" bev="0" fileid="1" />
                <SequencePoint vc="1" uspid="10" ordinal="4" offset="101" sl="25" sc="9" el="25" ec="10" bec="0" bev="0" fileid="1" />
              </SequencePoints>
              <BranchPoints />
              <MethodPoint xsi:type="SequencePoint" vc="1" uspid="6" ordinal="0" offset="0" sl="21" sc="9" el="21" ec="10" bec="0" bev="0" fileid="1" />
            </Method>
            <Method visited="true" cyclomaticComplexity="1" sequenceCoverage="100" branchCoverage="100" isConstructor="false" isStatic="false" isGetter="false" isSetter="false">
              <Summary numSequencePoints="6" visitedSequencePoints="6" numBranchPoints="1" visitedBranchPoints="1" sequenceCoverage="100" branchCoverage="100" maxCyclomaticComplexity="1" minCyclomaticComplexity="1" visitedClasses="0" numClasses="0" visitedMethods="1" numMethods="1" />
              <MetadataToken>100663299</MetadataToken>
              <Name>System.Void TaskManager.DataAccess.Tests.TaskControllerUnitTest::PostAddTaskWOPTestMethod()</Name>
              <FileRef uid="1" />
              <SequencePoints>
                <SequencePoint vc="1" uspid="11" ordinal="0" offset="0" sl="29" sc="9" el="29" ec="10" bec="0" bev="0" fileid="1" />
                <SequencePoint vc="1" uspid="12" ordinal="1" offset="1" sl="30" sc="13" el="30" ec="66" bec="0" bev="0" fileid="1" />
                <SequencePoint vc="1" uspid="13" ordinal="2" offset="7" sl="31" sc="13" el="37" ec="15" bec="0" bev="0" fileid="1" />
                <SequencePoint vc="1" uspid="14" ordinal="3" offset="82" sl="38" sc="13" el="38" ec="90" bec="0" bev="0" fileid="1" />
                <SequencePoint vc="1" uspid="15" ordinal="4" offset="106" sl="39" sc="13" el="39" ec="161" bec="0" bev="0" fileid="1" />
                <SequencePoint vc="1" uspid="16" ordinal="5" offset="178" sl="40" sc="9" el="40" ec="10" bec="0" bev="0" fileid="1" />
              </SequencePoints>
              <BranchPoints />
              <MethodPoint xsi:type="SequencePoint" vc="1" uspid="11" ordinal="0" offset="0" sl="29" sc="9" el="29" ec="10" bec="0" bev="0" fileid="1" />
            </Method>
            <Method visited="true" cyclomaticComplexity="1" sequenceCoverage="100" branchCoverage="100" isConstructor="false" isStatic="false" isGetter="false" isSetter="false">
              <Summary numSequencePoints="6" visitedSequencePoints="6" numBranchPoints="1" visitedBranchPoints="1" sequenceCoverage="100" branchCoverage="100" maxCyclomaticComplexity="1" minCyclomaticComplexity="1" visitedClasses="0" numClasses="0" visitedMethods="1" numMethods="1" />
              <MetadataToken>100663300</MetadataToken>
              <Name>System.Void TaskManager.DataAccess.Tests.TaskControllerUnitTest::PostAddTaskWPTestMethod()</Name>
              <FileRef uid="1" />
              <SequencePoints>
                <SequencePoint vc="1" uspid="17" ordinal="0" offset="0" sl="44" sc="9" el="44" ec="10" bec="0" bev="0" fileid="1" />
                <SequencePoint vc="1" uspid="18" ordinal="1" offset="1" sl="45" sc="13" el="45" ec="66" bec="0" bev="0" fileid="1" />
                <SequencePoint vc="1" uspid="19" ordinal="2" offset="7" sl="46" sc="13" el="53" ec="15" bec="0" bev="0" fileid="1" />
                <SequencePoint vc="1" uspid="20" ordinal="3" offset="113" sl="54" sc="13" el="54" ec="90" bec="0" bev="0" fileid="1" />
                <SequencePoint vc="1" uspid="21" ordinal="4" offset="137" sl="55" sc="13" el="55" ec="161" bec="0" bev="0" fileid="1" />
                <SequencePoint vc="1" uspid="22" ordinal="5" offset="211" sl="56" sc="9" el="56" ec="10" bec="0" bev="0" fileid="1" />
              </SequencePoints>
              <BranchPoints />
              <MethodPoint xsi:type="SequencePoint" vc="1" uspid="17" ordinal="0" offset="0" sl="44" sc="9" el="44" ec="10" bec="0" bev="0" fileid="1" />
            </Method>
            <Method visited="true" cyclomaticComplexity="1" sequenceCoverage="100" branchCoverage="100" isConstructor="false" isStatic="false" isGetter="false" isSetter="false">
              <Summary numSequencePoints="6" visitedSequencePoints="6" numBranchPoints="1" visitedBranchPoints="1" sequenceCoverage="100" branchCoverage="100" maxCyclomaticComplexity="1" minCyclomaticComplexity="1" visitedClasses="0" numClasses="0" visitedMethods="1" numMethods="1" />
              <MetadataToken>100663301</MetadataToken>
              <Name>System.Void TaskManager.DataAccess.Tests.TaskControllerUnitTest::PostUpdateTaskTestMethod()</Name>
              <FileRef uid="1" />
              <SequencePoints>
                <SequencePoint vc="1" uspid="23" ordinal="0" offset="0" sl="60" sc="9" el="60" ec="10" bec="0" bev="0" fileid="1" />
                <SequencePoint vc="1" uspid="24" ordinal="1" offset="1" sl="61" sc="13" el="61" ec="66" bec="0" bev="0" fileid="1" />
                <SequencePoint vc="1" uspid="25" ordinal="2" offset="7" sl="62" sc="13" el="69" ec="15" bec="0" bev="0" fileid="1" />
                <SequencePoint vc="1" uspid="26" ordinal="3" offset="94" sl="70" sc="13" el="70" ec="90" bec="0" bev="0" fileid="1" />
                <SequencePoint vc="1" uspid="27" ordinal="4" offset="118" sl="71" sc="13" el="71" ec="161" bec="0" bev="0" fileid="1" />
                <SequencePoint vc="1" uspid="28" ordinal="5" offset="190" sl="72" sc="9" el="72" ec="10" bec="0" bev="0" fileid="1" />
              </SequencePoints>
              <BranchPoints />
              <MethodPoint xsi:type="SequencePoint" vc="1" uspid="23" ordinal="0" offset="0" sl="60" sc="9" el="60" ec="10" bec="0" bev="0" fileid="1" />
            </Method>
            <Method visited="true" cyclomaticComplexity="1" sequenceCoverage="100" branchCoverage="100" isConstructor="false" isStatic="false" isGetter="false" isSetter="false">
              <Summary numSequencePoints="6" visitedSequencePoints="6" numBranchPoints="1" visitedBranchPoints="1" sequenceCoverage="100" branchCoverage="100" maxCyclomaticComplexity="1" minCyclomaticComplexity="1" visitedClasses="0" numClasses="0" visitedMethods="1" numMethods="1" />
              <MetadataToken>100663302</MetadataToken>
              <Name>System.Void TaskManager.DataAccess.Tests.TaskControllerUnitTest::PutEndTaskTestMethod()</Name>
              <FileRef uid="1" />
              <SequencePoints>
                <SequencePoint vc="1" uspid="29" ordinal="0" offset="0" sl="76" sc="9" el="76" ec="10" bec="0" bev="0" fileid="1" />
                <SequencePoint vc="1" uspid="30" ordinal="1" offset="1" sl="77" sc="13" el="77" ec="66" bec="0" bev="0" fileid="1" />
                <SequencePoint vc="1" uspid="31" ordinal="2" offset="7" sl="78" sc="13" el="82" ec="15" bec="0" bev="0" fileid="1" />
                <SequencePoint vc="1" uspid="32" ordinal="3" offset="45" sl="83" sc="13" el="83" ec="89" bec="0" bev="0" fileid="1" />
                <SequencePoint vc="1" uspid="33" ordinal="4" offset="69" sl="84" sc="13" el="84" ec="160" bec="0" bev="0" fileid="1" />
                <SequencePoint vc="1" uspid="34" ordinal="5" offset="141" sl="85" sc="9" el="85" ec="10" bec="0" bev="0" fileid="1" />
              </SequencePoints>
              <BranchPoints />
              <MethodPoint xsi:type="SequencePoint" vc="1" uspid="29" ordinal="0" offset="0" sl="76" sc="9" el="76" ec="10" bec="0" bev="0" fileid="1" />
            </Method>
            <Method visited="true" cyclomaticComplexity="1" sequenceCoverage="0" branchCoverage="0" isConstructor="true" isStatic="false" isGetter="false" isSetter="false">
              <Summary numSequencePoints="0" visitedSequencePoints="0" numBranchPoints="0" visitedBranchPoints="0" sequenceCoverage="0" branchCoverage="0" maxCyclomaticComplexity="1" minCyclomaticComplexity="1" visitedClasses="0" numClasses="0" visitedMethods="0" numMethods="0" />
              <MetadataToken>100663303</MetadataToken>
              <Name>System.Void TaskManager.DataAccess.Tests.TaskControllerUnitTest::.ctor()</Name>
              <SequencePoints />
              <BranchPoints />
              <MethodPoint vc="1" uspid="35" ordinal="0" offset="0" />
            </Method>
          </Methods>
        </Class>
      </Classes>
    </Module>
    <Module skippedDueTo="Filter" hash="F7-E9-75-D6-35-98-70-4A-0F-45-76-1B-B3-83-70-38-5E-DF-02-47">
      <FullName>C:\Windows\Microsoft.Net\assembly\GAC_MSIL\System.Xml\v4.0_4.0.0.0__b77a5c561934e089\System.Xml.dll</FullName>
      <ModuleName>System.Xml</ModuleName>
      <Classes />
    </Module>
    <Module hash="6A-B8-B8-F0-89-8A-1B-1A-7F-CD-D9-85-EC-0D-10-5D-ED-3A-33-25">
      <Summary numSequencePoints="1707" visitedSequencePoints="69" numBranchPoints="897" visitedBranchPoints="30" sequenceCoverage="4.04" branchCoverage="3.34" maxCyclomaticComplexity="22" minCyclomaticComplexity="0" visitedClasses="3" numClasses="50" visitedMethods="11" numMethods="291" />
      <FullName>C:\Users\Administrator\Source\Repos\FSE_Cap_TaskMGRAPI\UnitTest\TaskManager.DataAccess.Tests\bin\Debug\Task.API.dll</FullName>
      <ModuleName>Task.API</ModuleName>
      <Files>
        <File uid="3" fullPath="C:\Users\Administrator\Source\Repos\FSE_Cap_TaskMGRAPI\Task.API\App_Start\BundleConfig.cs" />
        <File uid="4" fullPath="C:\Users\Administrator\Source\Repos\FSE_Cap_TaskMGRAPI\Task.API\App_Start\FilterConfig.cs" />
        <File uid="5" fullPath="C:\Users\Administrator\Source\Repos\FSE_Cap_TaskMGRAPI\Task.API\App_Start\RouteConfig.cs" />
        <File uid="6" fullPath="C:\Users\Administrator\Source\Repos\FSE_Cap_TaskMGRAPI\Task.API\App_Start\WebApiConfig.cs" />
        <File uid="7" fullPath="C:\Users\Administrator\Source\Repos\FSE_Cap_TaskMGRAPI\Task.API\Global.asax.cs" />
        <File uid="8" fullPath="C:\Users\Administrator\Source\Repos\FSE_Cap_TaskMGRAPI\Task.API\Response\ApiHttpResponse.cs" />
        <File uid="9" fullPath="C:\Users\Administrator\Source\Repos\FSE_Cap_TaskMGRAPI\Task.API\Response\BaseResponseMessage.cs" />
        <File uid="10" fullPath="C:\Users\Administrator\Source\Repos\FSE_Cap_TaskMGRAPI\Task.API\Response\ErrorStateResponse.cs" />
        <File uid="11" fullPath="C:\Users\Administrator\Source\Repos\FSE_Cap_TaskMGRAPI\Task.API\Response\Header.cs" />
        <File uid="12" fullPath="C:\Users\Administrator\Source\Repos\FSE_Cap_TaskMGRAPI\Task.API\Resolver\JsonConversionHelper.cs" />
        <File uid="13" fullPath="C:\Users\Administrator\Source\Repos\FSE_Cap_TaskMGRAPI\Task.API\Resolver\JsonResolver.cs" />
        <File uid="15" fullPath="C:\Users\Administrator\Source\Repos\FSE_Cap_TaskMGRAPI\Task.API\Controllers\HomeController.cs" />
        <File uid="16" fullPath="C:\Users\Administrator\Source\Repos\FSE_Cap_TaskMGRAPI\Task.API\Controllers\TaskController.cs" />
        <File uid="17" fullPath="C:\Users\Administrator\Source\Repos\FSE_Cap_TaskMGRAPI\Task.API\Areas\HelpPage\ApiDescriptionExtensions.cs" />
        <File uid="18" fullPath="C:\Users\Administrator\Source\Repos\FSE_Cap_TaskMGRAPI\Task.API\Areas\HelpPage\App_Start\HelpPageConfig.cs" />
        <File uid="19" fullPath="C:\Users\Administrator\Source\Repos\FSE_Cap_TaskMGRAPI\Task.API\Areas\HelpPage\HelpPageAreaRegistration.cs" />
        <File uid="20" fullPath="C:\Users\Administrator\Source\Repos\FSE_Cap_TaskMGRAPI\Task.API\Areas\HelpPage\HelpPageConfigurationExtensions.cs" />
        <File uid="25" fullPath="C:\Users\Administrator\Source\Repos\FSE_Cap_TaskMGRAPI\Task.API\Areas\HelpPage\SampleGeneration\HelpPageSampleGenerator.cs" />
        <File uid="28" fullPath="C:\Users\Administrator\Source\Repos\FSE_Cap_TaskMGRAPI\Task.API\Areas\HelpPage\SampleGeneration\HelpPageSampleKey.cs" />
        <File uid="29" fullPath="C:\Users\Administrator\Source\Repos\FSE_Cap_TaskMGRAPI\Task.API\Areas\HelpPage\SampleGeneration\ImageSample.cs" />
        <File uid="30" fullPath="C:\Users\Administrator\Source\Repos\FSE_Cap_TaskMGRAPI\Task.API\Areas\HelpPage\SampleGeneration\InvalidSample.cs" />
        <File uid="31" fullPath="C:\Users\Administrator\Source\Repos\FSE_Cap_TaskMGRAPI\Task.API\Areas\HelpPage\SampleGeneration\ObjectGenerator.cs" />
        <File uid="34" fullPath="C:\Users\Administrator\Source\Repos\FSE_Cap_TaskMGRAPI\Task.API\Areas\HelpPage\SampleGeneration\TextSample.cs" />
        <File uid="35" fullPath="C:\Users\Administrator\Source\Repos\FSE_Cap_TaskMGRAPI\Task.API\Areas\HelpPage\XmlDocumentationProvider.cs" />
        <File uid="37" fullPath="C:\Users\Administrator\Source\Repos\FSE_Cap_TaskMGRAPI\Task.API\Areas\HelpPage\Models\HelpPageApiModel.cs" />
        <File uid="38" fullPath="C:\Users\Administrator\Source\Repos\FSE_Cap_TaskMGRAPI\Task.API\Areas\HelpPage\ModelDescriptions\CollectionModelDescription.cs" />
        <File uid="39" fullPath="C:\Users\Administrator\Source\Repos\FSE_Cap_TaskMGRAPI\Task.API\Areas\HelpPage\ModelDescriptions\ComplexTypeModelDescription.cs" />
        <File uid="40" fullPath="C:\Users\Administrator\Source\Repos\FSE_Cap_TaskMGRAPI\Task.API\Areas\HelpPage\ModelDescriptions\EnumTypeModelDescription.cs" />
        <File uid="41" fullPath="C:\Users\Administrator\Source\Repos\FSE_Cap_TaskMGRAPI\Task.API\Areas\HelpPage\ModelDescriptions\EnumValueDescription.cs" />
        <File uid="42" fullPath="C:\Users\Administrator\Source\Repos\FSE_Cap_TaskMGRAPI\Task.API\Areas\HelpPage\ModelDescriptions\KeyValuePairModelDescription.cs" />
        <File uid="43" fullPath="C:\Users\Administrator\Source\Repos\FSE_Cap_TaskMGRAPI\Task.API\Areas\HelpPage\ModelDescriptions\ModelDescription.cs" />
        <File uid="44" fullPath="C:\Users\Administrator\Source\Repos\FSE_Cap_TaskMGRAPI\Task.API\Areas\HelpPage\ModelDescriptions\ModelDescriptionGenerator.cs" />
        <File uid="47" fullPath="C:\Users\Administrator\Source\Repos\FSE_Cap_TaskMGRAPI\Task.API\Areas\HelpPage\ModelDescriptions\ModelNameAttribute.cs" />
        <File uid="48" fullPath="C:\Users\Administrator\Source\Repos\FSE_Cap_TaskMGRAPI\Task.API\Areas\HelpPage\ModelDescriptions\ModelNameHelper.cs" />
        <File uid="50" fullPath="C:\Users\Administrator\Source\Repos\FSE_Cap_TaskMGRAPI\Task.API\Areas\HelpPage\ModelDescriptions\ParameterAnnotation.cs" />
        <File uid="51" fullPath="C:\Users\Administrator\Source\Repos\FSE_Cap_TaskMGRAPI\Task.API\Areas\HelpPage\ModelDescriptions\ParameterDescription.cs" />
        <File uid="52" fullPath="C:\Users\Administrator\Source\Repos\FSE_Cap_TaskMGRAPI\Task.API\Areas\HelpPage\Controllers\HelpController.cs" />
      </Files>
      <Classes>
        <Class>
          <Summary numSequencePoints="0" visitedSequencePoints="0" numBranchPoints="0" visitedBranchPoints="0" sequenceCoverage="0" branchCoverage="0" maxCyclomaticComplexity="0" minCyclomaticComplexity="0" visitedClasses="0" numClasses="0" visitedMethods="0" numMethods="0" />
          <FullName>&lt;Module&gt;</FullName>
          <Methods />
        </Class>
        <Class>
          <Summary numSequencePoints="0" visitedSequencePoints="0" numBranchPoints="0" visitedBranchPoints="0" sequenceCoverage="0" branchCoverage="0" maxCyclomaticComplexity="10" minCyclomaticComplexity="1" visitedClasses="0" numClasses="0" visitedMethods="0" numMethods="0" />
          <FullName>&lt;&gt;f__AnonymousType0`3</FullName>
          <Methods>
            <Method visited="false" cyclomaticComplexity="1" sequenceCoverage="0" branchCoverage="0" isConstructor="false" isStatic="false" isGetter="true" isSetter="false">
              <Summary numSequencePoints="0" visitedSequencePoints="0" numBranchPoints="0" visitedBranchPoints="0" sequenceCoverage="0" branchCoverage="0" maxCyclomaticComplexity="1" minCyclomaticComplexity="1" visitedClasses="0" numClasses="0" visitedMethods="0" numMethods="0" />
              <MetadataToken>100663297</MetadataToken>
              <Name>&lt;controller&gt;j__TPar &lt;&gt;f__AnonymousType0`3::get_controller()</Name>
              <SequencePoints />
              <BranchPoints />
              <MethodPoint vc="0" uspid="36" ordinal="0" offset="0" />
            </Method>
            <Method visited="false" cyclomaticComplexity="1" sequenceCoverage="0" branchCoverage="0" isConstructor="false" isStatic="false" isGetter="true" isSetter="false">
              <Summary numSequencePoints="0" visitedSequencePoints="0" numBranchPoints="0" visitedBranchPoints="0" sequenceCoverage="0" branchCoverage="0" maxCyclomaticComplexity="1" minCyclomaticComplexity="1" visitedClasses="0" numClasses="0" visitedMethods="0" numMethods="0" />
              <MetadataToken>100663298</MetadataToken>
              <Name>&lt;action&gt;j__TPar &lt;&gt;f__AnonymousType0`3::get_action()</Name>
              <SequencePoints />
              <BranchPoints />
              <MethodPoint vc="0" uspid="37" ordinal="0" offset="0" />
            </Method>
            <Method visited="false" cyclomaticComplexity="1" sequenceCoverage="0" branchCoverage="0" isConstructor="false" isStatic="false" isGetter="true" isSetter="false">
              <Summary numSequencePoints="0" visitedSequencePoints="0" numBranchPoints="0" visitedBranchPoints="0" sequenceCoverage="0" branchCoverage="0" maxCyclomaticComplexity="1" minCyclomaticComplexity="1" visitedClasses="0" numClasses="0" visitedMethods="0" numMethods="0" />
              <MetadataToken>100663299</MetadataToken>
              <Name>&lt;id&gt;j__TPar &lt;&gt;f__AnonymousType0`3::get_id()</Name>
              <SequencePoints />
              <BranchPoints />
              <MethodPoint vc="0" uspid="38" ordinal="0" offset="0" />
            </Method>
            <Method visited="false" cyclomaticComplexity="1" sequenceCoverage="0" branchCoverage="0" isConstructor="true" isStatic="false" isGetter="false" isSetter="false">
              <Summary numSequencePoints="0" visitedSequencePoints="0" numBranchPoints="0" visitedBranchPoints="0" sequenceCoverage="0" branchCoverage="0" maxCyclomaticComplexity="1" minCyclomaticComplexity="1" visitedClasses="0" numClasses="0" visitedMethods="0" numMethods="0" />
              <MetadataToken>100663300</MetadataToken>
              <Name>System.Void &lt;&gt;f__AnonymousType0`3::.ctor(&lt;controller&gt;j__TPar,&lt;action&gt;j__TPar,&lt;id&gt;j__TPar)</Name>
              <SequencePoints />
              <BranchPoints />
              <MethodPoint vc="0" uspid="39" ordinal="0" offset="0" />
            </Method>
            <Method visited="false" cyclomaticComplexity="4" sequenceCoverage="0" branchCoverage="0" isConstructor="false" isStatic="false" isGetter="false" isSetter="false">
              <Summary numSequencePoints="0" visitedSequencePoints="0" numBranchPoints="0" visitedBranchPoints="0" sequenceCoverage="0" branchCoverage="0" maxCyclomaticComplexity="4" minCyclomaticComplexity="4" visitedClasses="0" numClasses="0" visitedMethods="0" numMethods="0" />
              <MetadataToken>100663301</MetadataToken>
              <Name>System.Boolean &lt;&gt;f__AnonymousType0`3::Equals(System.Object)</Name>
              <SequencePoints />
              <BranchPoints />
              <MethodPoint vc="0" uspid="40" ordinal="0" offset="0" />
            </Method>
            <Method visited="false" cyclomaticComplexity="1" sequenceCoverage="0" branchCoverage="0" isConstructor="false" isStatic="false" isGetter="false" isSetter="false">
              <Summary numSequencePoints="0" visitedSequencePoints="0" numBranchPoints="0" visitedBranchPoints="0" sequenceCoverage="0" branchCoverage="0" maxCyclomaticComplexity="1" minCyclomaticComplexity="1" visitedClasses="0" numClasses="0" visitedMethods="0" numMethods="0" />
              <MetadataToken>100663302</MetadataToken>
              <Name>System.Int32 &lt;&gt;f__AnonymousType0`3::GetHashCode()</Name>
              <SequencePoints />
              <BranchPoints />
              <MethodPoint vc="0" uspid="41" ordinal="0" offset="0" />
            </Method>
            <Method visited="false" cyclomaticComplexity="10" sequenceCoverage="0" branchCoverage="0" isConstructor="false" isStatic="false" isGetter="false" isSetter="false">
              <Summary numSequencePoints="0" visitedSequencePoints="0" numBranchPoints="0" visitedBranchPoints="0" sequenceCoverage="0" branchCoverage="0" maxCyclomaticComplexity="10" minCyclomaticComplexity="10" visitedClasses="0" numClasses="0" visitedMethods="0" numMethods="0" />
              <MetadataToken>100663303</MetadataToken>
              <Name>System.String &lt;&gt;f__AnonymousType0`3::ToString()</Name>
              <SequencePoints />
              <BranchPoints />
              <MethodPoint vc="0" uspid="42" ordinal="0" offset="0" />
            </Method>
          </Methods>
        </Class>
        <Class>
          <Summary numSequencePoints="0" visitedSequencePoints="0" numBranchPoints="0" visitedBranchPoints="0" sequenceCoverage="0" branchCoverage="0" maxCyclomaticComplexity="4" minCyclomaticComplexity="1" visitedClasses="0" numClasses="0" visitedMethods="0" numMethods="0" />
          <FullName>&lt;&gt;f__AnonymousType1`1</FullName>
          <Methods>
            <Method visited="false" cyclomaticComplexity="1" sequenceCoverage="0" branchCoverage="0" isConstructor="false" isStatic="false" isGetter="true" isSetter="false">
              <Summary numSequencePoints="0" visitedSequencePoints="0" numBranchPoints="0" visitedBranchPoints="0" sequenceCoverage="0" branchCoverage="0" maxCyclomaticComplexity="1" minCyclomaticComplexity="1" visitedClasses="0" numClasses="0" visitedMethods="0" numMethods="0" />
              <MetadataToken>100663304</MetadataToken>
              <Name>&lt;id&gt;j__TPar &lt;&gt;f__AnonymousType1`1::get_id()</Name>
              <SequencePoints />
              <BranchPoints />
              <MethodPoint vc="0" uspid="43" ordinal="0" offset="0" />
            </Method>
            <Method visited="false" cyclomaticComplexity="1" sequenceCoverage="0" branchCoverage="0" isConstructor="true" isStatic="false" isGetter="false" isSetter="false">
              <Summary numSequencePoints="0" visitedSequencePoints="0" numBranchPoints="0" visitedBranchPoints="0" sequenceCoverage="0" branchCoverage="0" maxCyclomaticComplexity="1" minCyclomaticComplexity="1" visitedClasses="0" numClasses="0" visitedMethods="0" numMethods="0" />
              <MetadataToken>100663305</MetadataToken>
              <Name>System.Void &lt;&gt;f__AnonymousType1`1::.ctor(&lt;id&gt;j__TPar)</Name>
              <SequencePoints />
              <BranchPoints />
              <MethodPoint vc="0" uspid="44" ordinal="0" offset="0" />
            </Method>
            <Method visited="false" cyclomaticComplexity="2" sequenceCoverage="0" branchCoverage="0" isConstructor="false" isStatic="false" isGetter="false" isSetter="false">
              <Summary numSequencePoints="0" visitedSequencePoints="0" numBranchPoints="0" visitedBranchPoints="0" sequenceCoverage="0" branchCoverage="0" maxCyclomaticComplexity="2" minCyclomaticComplexity="2" visitedClasses="0" numClasses="0" visitedMethods="0" numMethods="0" />
              <MetadataToken>100663306</MetadataToken>
              <Name>System.Boolean &lt;&gt;f__AnonymousType1`1::Equals(System.Object)</Name>
              <SequencePoints />
              <BranchPoints />
              <MethodPoint vc="0" uspid="45" ordinal="0" offset="0" />
            </Method>
            <Method visited="false" cyclomaticComplexity="1" sequenceCoverage="0" branchCoverage="0" isConstructor="false" isStatic="false" isGetter="false" isSetter="false">
              <Summary numSequencePoints="0" visitedSequencePoints="0" numBranchPoints="0" visitedBranchPoints="0" sequenceCoverage="0" branchCoverage="0" maxCyclomaticComplexity="1" minCyclomaticComplexity="1" visitedClasses="0" numClasses="0" visitedMethods="0" numMethods="0" />
              <MetadataToken>100663307</MetadataToken>
              <Name>System.Int32 &lt;&gt;f__AnonymousType1`1::GetHashCode()</Name>
              <SequencePoints />
              <BranchPoints />
              <MethodPoint vc="0" uspid="46" ordinal="0" offset="0" />
            </Method>
            <Method visited="false" cyclomaticComplexity="4" sequenceCoverage="0" branchCoverage="0" isConstructor="false" isStatic="false" isGetter="false" isSetter="false">
              <Summary numSequencePoints="0" visitedSequencePoints="0" numBranchPoints="0" visitedBranchPoints="0" sequenceCoverage="0" branchCoverage="0" maxCyclomaticComplexity="4" minCyclomaticComplexity="4" visitedClasses="0" numClasses="0" visitedMethods="0" numMethods="0" />
              <MetadataToken>100663308</MetadataToken>
              <Name>System.String &lt;&gt;f__AnonymousType1`1::ToString()</Name>
              <SequencePoints />
              <BranchPoints />
              <MethodPoint vc="0" uspid="47" ordinal="0" offset="0" />
            </Method>
          </Methods>
        </Class>
        <Class>
          <Summary numSequencePoints="0" visitedSequencePoints="0" numBranchPoints="0" visitedBranchPoints="0" sequenceCoverage="0" branchCoverage="0" maxCyclomaticComplexity="10" minCyclomaticComplexity="1" visitedClasses="0" numClasses="0" visitedMethods="0" numMethods="0" />
          <FullName>&lt;&gt;f__AnonymousType2`3</FullName>
          <Methods>
            <Method visited="false" cyclomaticComplexity="1" sequenceCoverage="0" branchCoverage="0" isConstructor="false" isStatic="false" isGetter="true" isSetter="false">
              <Summary numSequencePoints="0" visitedSequencePoints="0" numBranchPoints="0" visitedBranchPoints="0" sequenceCoverage="0" branchCoverage="0" maxCyclomaticComplexity="1" minCyclomaticComplexity="1" visitedClasses="0" numClasses="0" visitedMethods="0" numMethods="0" />
              <MetadataToken>100663309</MetadataToken>
              <Name>&lt;controller&gt;j__TPar &lt;&gt;f__AnonymousType2`3::get_controller()</Name>
              <SequencePoints />
              <BranchPoints />
              <MethodPoint vc="0" uspid="48" ordinal="0" offset="0" />
            </Method>
            <Method visited="false" cyclomaticComplexity="1" sequenceCoverage="0" branchCoverage="0" isConstructor="false" isStatic="false" isGetter="true" isSetter="false">
              <Summary numSequencePoints="0" visitedSequencePoints="0" numBranchPoints="0" visitedBranchPoints="0" sequenceCoverage="0" branchCoverage="0" maxCyclomaticComplexity="1" minCyclomaticComplexity="1" visitedClasses="0" numClasses="0" visitedMethods="0" numMethods="0" />
              <MetadataToken>100663310</MetadataToken>
              <Name>&lt;action&gt;j__TPar &lt;&gt;f__AnonymousType2`3::get_action()</Name>
              <SequencePoints />
              <BranchPoints />
              <MethodPoint vc="0" uspid="49" ordinal="0" offset="0" />
            </Method>
            <Method visited="false" cyclomaticComplexity="1" sequenceCoverage="0" branchCoverage="0" isConstructor="false" isStatic="false" isGetter="true" isSetter="false">
              <Summary numSequencePoints="0" visitedSequencePoints="0" numBranchPoints="0" visitedBranchPoints="0" sequenceCoverage="0" branchCoverage="0" maxCyclomaticComplexity="1" minCyclomaticComplexity="1" visitedClasses="0" numClasses="0" visitedMethods="0" numMethods="0" />
              <MetadataToken>100663311</MetadataToken>
              <Name>&lt;apiId&gt;j__TPar &lt;&gt;f__AnonymousType2`3::get_apiId()</Name>
              <SequencePoints />
              <BranchPoints />
              <MethodPoint vc="0" uspid="50" ordinal="0" offset="0" />
            </Method>
            <Method visited="false" cyclomaticComplexity="1" sequenceCoverage="0" branchCoverage="0" isConstructor="true" isStatic="false" isGetter="false" isSetter="false">
              <Summary numSequencePoints="0" visitedSequencePoints="0" numBranchPoints="0" visitedBranchPoints="0" sequenceCoverage="0" branchCoverage="0" maxCyclomaticComplexity="1" minCyclomaticComplexity="1" visitedClasses="0" numClasses="0" visitedMethods="0" numMethods="0" />
              <MetadataToken>100663312</MetadataToken>
              <Name>System.Void &lt;&gt;f__AnonymousType2`3::.ctor(&lt;controller&gt;j__TPar,&lt;action&gt;j__TPar,&lt;apiId&gt;j__TPar)</Name>
              <SequencePoints />
              <BranchPoints />
              <MethodPoint vc="0" uspid="51" ordinal="0" offset="0" />
            </Method>
            <Method visited="false" cyclomaticComplexity="4" sequenceCoverage="0" branchCoverage="0" isConstructor="false" isStatic="false" isGetter="false" isSetter="false">
              <Summary numSequencePoints="0" visitedSequencePoints="0" numBranchPoints="0" visitedBranchPoints="0" sequenceCoverage="0" branchCoverage="0" maxCyclomaticComplexity="4" minCyclomaticComplexity="4" visitedClasses="0" numClasses="0" visitedMethods="0" numMethods="0" />
              <MetadataToken>100663313</MetadataToken>
              <Name>System.Boolean &lt;&gt;f__AnonymousType2`3::Equals(System.Object)</Name>
              <SequencePoints />
              <BranchPoints />
              <MethodPoint vc="0" uspid="52" ordinal="0" offset="0" />
            </Method>
            <Method visited="false" cyclomaticComplexity="1" sequenceCoverage="0" branchCoverage="0" isConstructor="false" isStatic="false" isGetter="false" isSetter="false">
              <Summary numSequencePoints="0" visitedSequencePoints="0" numBranchPoints="0" visitedBranchPoints="0" sequenceCoverage="0" branchCoverage="0" maxCyclomaticComplexity="1" minCyclomaticComplexity="1" visitedClasses="0" numClasses="0" visitedMethods="0" numMethods="0" />
              <MetadataToken>100663314</MetadataToken>
              <Name>System.Int32 &lt;&gt;f__AnonymousType2`3::GetHashCode()</Name>
              <SequencePoints />
              <BranchPoints />
              <MethodPoint vc="0" uspid="53" ordinal="0" offset="0" />
            </Method>
            <Method visited="false" cyclomaticComplexity="10" sequenceCoverage="0" branchCoverage="0" isConstructor="false" isStatic="false" isGetter="false" isSetter="false">
              <Summary numSequencePoints="0" visitedSequencePoints="0" numBranchPoints="0" visitedBranchPoints="0" sequenceCoverage="0" branchCoverage="0" maxCyclomaticComplexity="10" minCyclomaticComplexity="10" visitedClasses="0" numClasses="0" visitedMethods="0" numMethods="0" />
              <MetadataToken>100663315</MetadataToken>
              <Name>System.String &lt;&gt;f__AnonymousType2`3::ToString()</Name>
              <SequencePoints />
              <BranchPoints />
              <MethodPoint vc="0" uspid="54" ordinal="0" offset="0" />
            </Method>
          </Methods>
        </Class>
        <Class>
          <Summary numSequencePoints="6" visitedSequencePoints="0" numBranchPoints="1" visitedBranchPoints="0" sequenceCoverage="0" branchCoverage="0" maxCyclomaticComplexity="1" minCyclomaticComplexity="1" visitedClasses="0" numClasses="1" visitedMethods="0" numMethods="1" />
          <FullName>Task.API.BundleConfig</FullName>
          <Methods>
            <Method visited="false" cyclomaticComplexity="1" sequenceCoverage="0" branchCoverage="0" isConstructor="false" isStatic="true" isGetter="false" isSetter="false">
              <Summary numSequencePoints="6" visitedSequencePoints="0" numBranchPoints="1" visitedBranchPoints="0" sequenceCoverage="0" branchCoverage="0" maxCyclomaticComplexity="1" minCyclomaticComplexity="1" visitedClasses="0" numClasses="0" visitedMethods="0" numMethods="1" />
              <MetadataToken>100663316</MetadataToken>
              <Name>System.Void Task.API.BundleConfig::RegisterBundles(System.Web.Optimization.BundleCollection)</Name>
              <FileRef uid="3" />
              <SequencePoints>
                <SequencePoint vc="0" uspid="55" ordinal="0" offset="0" sl="10" sc="9" el="10" ec="10" bec="0" bev="0" fileid="3" />
                <SequencePoint vc="0" uspid="56" ordinal="1" offset="1" sl="11" sc="13" el="12" ec="59" bec="0" bev="0" fileid="3" />
                <SequencePoint vc="0" uspid="57" ordinal="2" offset="34" sl="16" sc="13" el="17" ec="51" bec="0" bev="0" fileid="3" />
                <SequencePoint vc="0" uspid="58" ordinal="3" offset="67" sl="19" sc="13" el="20" ec="50" bec="0" bev="0" fileid="3" />
                <SequencePoint vc="0" uspid="59" ordinal="4" offset="100" sl="22" sc="13" el="24" ec="46" bec="0" bev="0" fileid="3" />
                <SequencePoint vc="0" uspid="60" ordinal="5" offset="144" sl="25" sc="9" el="25" ec="10" bec="0" bev="0" fileid="3" />
              </SequencePoints>
              <BranchPoints />
              <MethodPoint xsi:type="SequencePoint" vc="0" uspid="55" ordinal="0" offset="0" sl="10" sc="9" el="10" ec="10" bec="0" bev="0" fileid="3" />
            </Method>
            <Method visited="false" cyclomaticComplexity="1" sequenceCoverage="0" branchCoverage="0" isConstructor="true" isStatic="false" isGetter="false" isSetter="false">
              <Summary numSequencePoints="0" visitedSequencePoints="0" numBranchPoints="0" visitedBranchPoints="0" sequenceCoverage="0" branchCoverage="0" maxCyclomaticComplexity="1" minCyclomaticComplexity="1" visitedClasses="0" numClasses="0" visitedMethods="0" numMethods="0" />
              <MetadataToken>100663317</MetadataToken>
              <Name>System.Void Task.API.BundleConfig::.ctor()</Name>
              <SequencePoints />
              <BranchPoints />
              <MethodPoint vc="0" uspid="61" ordinal="0" offset="0" />
            </Method>
          </Methods>
        </Class>
        <Class>
          <Summary numSequencePoints="3" visitedSequencePoints="0" numBranchPoints="1" visitedBranchPoints="0" sequenceCoverage="0" branchCoverage="0" maxCyclomaticComplexity="1" minCyclomaticComplexity="1" visitedClasses="0" numClasses="1" visitedMethods="0" numMethods="1" />
          <FullName>Task.API.FilterConfig</FullName>
          <Methods>
            <Method visited="false" cyclomaticComplexity="1" sequenceCoverage="0" branchCoverage="0" isConstructor="false" isStatic="true" isGetter="false" isSetter="false">
              <Summary numSequencePoints="3" visitedSequencePoints="0" numBranchPoints="1" visitedBranchPoints="0" sequenceCoverage="0" branchCoverage="0" maxCyclomaticComplexity="1" minCyclomaticComplexity="1" visitedClasses="0" numClasses="0" visitedMethods="0" numMethods="1" />
              <MetadataToken>100663318</MetadataToken>
              <Name>System.Void Task.API.FilterConfig::RegisterGlobalFilters(System.Web.Mvc.GlobalFilterCollection)</Name>
              <FileRef uid="4" />
              <SequencePoints>
                <SequencePoint vc="0" uspid="62" ordinal="0" offset="0" sl="9" sc="9" el="9" ec="10" bec="0" bev="0" fileid="4" />
                <SequencePoint vc="0" uspid="63" ordinal="1" offset="1" sl="10" sc="13" el="10" ec="53" bec="0" bev="0" fileid="4" />
                <SequencePoint vc="0" uspid="64" ordinal="2" offset="13" sl="11" sc="9" el="11" ec="10" bec="0" bev="0" fileid="4" />
              </SequencePoints>
              <BranchPoints />
              <MethodPoint xsi:type="SequencePoint" vc="0" uspid="62" ordinal="0" offset="0" sl="9" sc="9" el="9" ec="10" bec="0" bev="0" fileid="4" />
            </Method>
            <Method visited="false" cyclomaticComplexity="1" sequenceCoverage="0" branchCoverage="0" isConstructor="true" isStatic="false" isGetter="false" isSetter="false">
              <Summary numSequencePoints="0" visitedSequencePoints="0" numBranchPoints="0" visitedBranchPoints="0" sequenceCoverage="0" branchCoverage="0" maxCyclomaticComplexity="1" minCyclomaticComplexity="1" visitedClasses="0" numClasses="0" visitedMethods="0" numMethods="0" />
              <MetadataToken>100663319</MetadataToken>
              <Name>System.Void Task.API.FilterConfig::.ctor()</Name>
              <SequencePoints />
              <BranchPoints />
              <MethodPoint vc="0" uspid="65" ordinal="0" offset="0" />
            </Method>
          </Methods>
        </Class>
        <Class>
          <Summary numSequencePoints="4" visitedSequencePoints="0" numBranchPoints="1" visitedBranchPoints="0" sequenceCoverage="0" branchCoverage="0" maxCyclomaticComplexity="1" minCyclomaticComplexity="1" visitedClasses="0" numClasses="1" visitedMethods="0" numMethods="1" />
          <FullName>Task.API.RouteConfig</FullName>
          <Methods>
            <Method visited="false" cyclomaticComplexity="1" sequenceCoverage="0" branchCoverage="0" isConstructor="false" isStatic="true" isGetter="false" isSetter="false">
              <Summary numSequencePoints="4" visitedSequencePoints="0" numBranchPoints="1" visitedBranchPoints="0" sequenceCoverage="0" branchCoverage="0" maxCyclomaticComplexity="1" minCyclomaticComplexity="1" visitedClasses="0" numClasses="0" visitedMethods="0" numMethods="1" />
              <MetadataToken>100663320</MetadataToken>
              <Name>System.Void Task.API.RouteConfig::RegisterRoutes(System.Web.Routing.RouteCollection)</Name>
              <FileRef uid="5" />
              <SequencePoints>
                <SequencePoint vc="0" uspid="66" ordinal="0" offset="0" sl="13" sc="9" el="13" ec="10" bec="0" bev="0" fileid="5" />
                <SequencePoint vc="0" uspid="67" ordinal="1" offset="1" sl="14" sc="13" el="14" ec="62" bec="0" bev="0" fileid="5" />
                <SequencePoint vc="0" uspid="68" ordinal="2" offset="13" sl="16" sc="13" el="20" ec="15" bec="0" bev="0" fileid="5" />
                <SequencePoint vc="0" uspid="69" ordinal="3" offset="50" sl="21" sc="9" el="21" ec="10" bec="0" bev="0" fileid="5" />
              </SequencePoints>
              <BranchPoints />
              <MethodPoint xsi:type="SequencePoint" vc="0" uspid="66" ordinal="0" offset="0" sl="13" sc="9" el="13" ec="10" bec="0" bev="0" fileid="5" />
            </Method>
            <Method visited="false" cyclomaticComplexity="1" sequenceCoverage="0" branchCoverage="0" isConstructor="true" isStatic="false" isGetter="false" isSetter="false">
              <Summary numSequencePoints="0" visitedSequencePoints="0" numBranchPoints="0" visitedBranchPoints="0" sequenceCoverage="0" branchCoverage="0" maxCyclomaticComplexity="1" minCyclomaticComplexity="1" visitedClasses="0" numClasses="0" visitedMethods="0" numMethods="0" />
              <MetadataToken>100663321</MetadataToken>
              <Name>System.Void Task.API.RouteConfig::.ctor()</Name>
              <SequencePoints />
              <BranchPoints />
              <MethodPoint vc="0" uspid="70" ordinal="0" offset="0" />
            </Method>
          </Methods>
        </Class>
        <Class>
          <Summary numSequencePoints="9" visitedSequencePoints="0" numBranchPoints="1" visitedBranchPoints="0" sequenceCoverage="0" branchCoverage="0" maxCyclomaticComplexity="1" minCyclomaticComplexity="1" visitedClasses="0" numClasses="1" visitedMethods="0" numMethods="1" />
          <FullName>Task.API.WebApiConfig</FullName>
          <Methods>
            <Method visited="false" cyclomaticComplexity="1" sequenceCoverage="0" branchCoverage="0" isConstructor="false" isStatic="true" isGetter="false" isSetter="false">
              <Summary numSequencePoints="9" visitedSequencePoints="0" numBranchPoints="1" visitedBranchPoints="0" sequenceCoverage="0" branchCoverage="0" maxCyclomaticComplexity="1" minCyclomaticComplexity="1" visitedClasses="0" numClasses="0" visitedMethods="0" numMethods="1" />
              <MetadataToken>100663322</MetadataToken>
              <Name>System.Void Task.API.WebApiConfig::Register(System.Web.Http.HttpConfiguration)</Name>
              <FileRef uid="6" />
              <SequencePoints>
                <SequencePoint vc="0" uspid="71" ordinal="0" offset="0" sl="12" sc="9" el="12" ec="10" bec="0" bev="0" fileid="6" />
                <SequencePoint vc="0" uspid="72" ordinal="1" offset="1" sl="16" sc="13" el="16" ec="45" bec="0" bev="0" fileid="6" />
                <SequencePoint vc="0" uspid="73" ordinal="2" offset="8" sl="17" sc="13" el="17" ec="33" bec="0" bev="0" fileid="6" />
                <SequencePoint vc="0" uspid="74" ordinal="3" offset="15" sl="18" sc="13" el="22" ec="15" bec="0" bev="0" fileid="6" />
                <SequencePoint vc="0" uspid="75" ordinal="4" offset="47" sl="23" sc="13" el="23" ec="65" bec="0" bev="0" fileid="6" />
                <SequencePoint vc="0" uspid="76" ordinal="5" offset="59" sl="24" sc="13" el="24" ec="110" bec="0" bev="0" fileid="6" />
                <SequencePoint vc="0" uspid="77" ordinal="6" offset="76" sl="25" sc="13" el="25" ec="70" bec="0" bev="0" fileid="6" />
                <SequencePoint vc="0" uspid="78" ordinal="7" offset="99" sl="26" sc="13" el="26" ec="110" bec="0" bev="0" fileid="6" />
                <SequencePoint vc="0" uspid="79" ordinal="8" offset="112" sl="27" sc="9" el="27" ec="10" bec="0" bev="0" fileid="6" />
              </SequencePoints>
              <BranchPoints />
              <MethodPoint xsi:type="SequencePoint" vc="0" uspid="71" ordinal="0" offset="0" sl="12" sc="9" el="12" ec="10" bec="0" bev="0" fileid="6" />
            </Method>
          </Methods>
        </Class>
        <Class>
          <Summary numSequencePoints="7" visitedSequencePoints="0" numBranchPoints="1" visitedBranchPoints="0" sequenceCoverage="0" branchCoverage="0" maxCyclomaticComplexity="1" minCyclomaticComplexity="1" visitedClasses="0" numClasses="1" visitedMethods="0" numMethods="1" />
          <FullName>Task.API.WebApiApplication</FullName>
          <Methods>
            <Method visited="false" cyclomaticComplexity="1" sequenceCoverage="0" branchCoverage="0" isConstructor="false" isStatic="false" isGetter="false" isSetter="false">
              <Summary numSequencePoints="7" visitedSequencePoints="0" numBranchPoints="1" visitedBranchPoints="0" sequenceCoverage="0" branchCoverage="0" maxCyclomaticComplexity="1" minCyclomaticComplexity="1" visitedClasses="0" numClasses="0" visitedMethods="0" numMethods="1" />
              <MetadataToken>100663323</MetadataToken>
              <Name>System.Void Task.API.WebApiApplication::Application_Start()</Name>
              <FileRef uid="7" />
              <SequencePoints>
                <SequencePoint vc="0" uspid="80" ordinal="0" offset="0" sl="15" sc="9" el="15" ec="10" bec="0" bev="0" fileid="7" />
                <SequencePoint vc="0" uspid="81" ordinal="1" offset="1" sl="18" sc="13" el="18" ec="49" bec="0" bev="0" fileid="7" />
                <SequencePoint vc="0" uspid="82" ordinal="2" offset="7" sl="19" sc="13" el="19" ec="66" bec="0" bev="0" fileid="7" />
                <SequencePoint vc="0" uspid="83" ordinal="3" offset="25" sl="20" sc="13" el="20" ec="71" bec="0" bev="0" fileid="7" />
                <SequencePoint vc="0" uspid="84" ordinal="4" offset="36" sl="21" sc="13" el="21" ec="59" bec="0" bev="0" fileid="7" />
                <SequencePoint vc="0" uspid="85" ordinal="5" offset="47" sl="22" sc="13" el="22" ec="63" bec="0" bev="0" fileid="7" />
                <SequencePoint vc="0" uspid="86" ordinal="6" offset="58" sl="23" sc="9" el="23" ec="10" bec="0" bev="0" fileid="7" />
              </SequencePoints>
              <BranchPoints />
              <MethodPoint xsi:type="SequencePoint" vc="0" uspid="80" ordinal="0" offset="0" sl="15" sc="9" el="15" ec="10" bec="0" bev="0" fileid="7" />
            </Method>
            <Method visited="false" cyclomaticComplexity="1" sequenceCoverage="0" branchCoverage="0" isConstructor="true" isStatic="false" isGetter="false" isSetter="false">
              <Summary numSequencePoints="0" visitedSequencePoints="0" numBranchPoints="0" visitedBranchPoints="0" sequenceCoverage="0" branchCoverage="0" maxCyclomaticComplexity="1" minCyclomaticComplexity="1" visitedClasses="0" numClasses="0" visitedMethods="0" numMethods="0" />
              <MetadataToken>100663324</MetadataToken>
              <Name>System.Void Task.API.WebApiApplication::.ctor()</Name>
              <SequencePoints />
              <BranchPoints />
              <MethodPoint vc="0" uspid="87" ordinal="0" offset="0" />
            </Method>
          </Methods>
        </Class>
        <Class>
          <Summary numSequencePoints="19" visitedSequencePoints="11" numBranchPoints="24" visitedBranchPoints="13" sequenceCoverage="57.89" branchCoverage="54.17" maxCyclomaticComplexity="10" minCyclomaticComplexity="1" visitedClasses="1" numClasses="1" visitedMethods="3" numMethods="8" />
          <FullName>Task.API.Response.ApiHttpResponse</FullName>
          <Methods>
            <Method visited="false" cyclomaticComplexity="1" sequenceCoverage="0" branchCoverage="0" isConstructor="false" isStatic="false" isGetter="true" isSetter="false">
              <Summary numSequencePoints="1" visitedSequencePoints="0" numBranchPoints="1" visitedBranchPoints="0" sequenceCoverage="0" branchCoverage="0" maxCyclomaticComplexity="1" minCyclomaticComplexity="1" visitedClasses="0" numClasses="0" visitedMethods="0" numMethods="1" />
              <MetadataToken>100663325</MetadataToken>
              <Name>System.Boolean Task.API.Response.ApiHttpResponse::get_IsStatusSuccessful()</Name>
              <FileRef uid="8" />
              <SequencePoints>
                <SequencePoint vc="0" uspid="88" ordinal="0" offset="0" sl="9" sc="42" el="9" ec="46" bec="0" bev="0" fileid="8" />
              </SequencePoints>
              <BranchPoints />
              <MethodPoint xsi:type="SequencePoint" vc="0" uspid="88" ordinal="0" offset="0" sl="9" sc="42" el="9" ec="46" bec="0" bev="0" fileid="8" />
            </Method>
            <Method visited="true" cyclomaticComplexity="1" sequenceCoverage="100" branchCoverage="100" isConstructor="false" isStatic="false" isGetter="false" isSetter="true">
              <Summary numSequencePoints="1" visitedSequencePoints="1" numBranchPoints="1" visitedBranchPoints="1" sequenceCoverage="100" branchCoverage="100" maxCyclomaticComplexity="1" minCyclomaticComplexity="1" visitedClasses="0" numClasses="0" visitedMethods="1" numMethods="1" />
              <MetadataToken>100663326</MetadataToken>
              <Name>System.Void Task.API.Response.ApiHttpResponse::set_IsStatusSuccessful(System.Boolean)</Name>
              <FileRef uid="8" />
              <SequencePoints>
                <SequencePoint vc="24" uspid="89" ordinal="0" offset="0" sl="9" sc="47" el="9" ec="51" bec="0" bev="0" fileid="8" />
              </SequencePoints>
              <BranchPoints />
              <MethodPoint xsi:type="SequencePoint" vc="24" uspid="89" ordinal="0" offset="0" sl="9" sc="47" el="9" ec="51" bec="0" bev="0" fileid="8" />
            </Method>
            <Method visited="false" cyclomaticComplexity="1" sequenceCoverage="0" branchCoverage="0" isConstructor="false" isStatic="false" isGetter="true" isSetter="false">
              <Summary numSequencePoints="1" visitedSequencePoints="0" numBranchPoints="1" visitedBranchPoints="0" sequenceCoverage="0" branchCoverage="0" maxCyclomaticComplexity="1" minCyclomaticComplexity="1" visitedClasses="0" numClasses="0" visitedMethods="0" numMethods="1" />
              <MetadataToken>100663327</MetadataToken>
              <Name>System.Object Task.API.Response.ApiHttpResponse::get_ContentResult()</Name>
              <FileRef uid="8" />
              <SequencePoints>
                <SequencePoint vc="0" uspid="90" ordinal="0" offset="0" sl="10" sc="40" el="10" ec="44" bec="0" bev="0" fileid="8" />
              </SequencePoints>
              <BranchPoints />
              <MethodPoint xsi:type="SequencePoint" vc="0" uspid="90" ordinal="0" offset="0" sl="10" sc="40" el="10" ec="44" bec="0" bev="0" fileid="8" />
            </Method>
            <Method visited="true" cyclomaticComplexity="1" sequenceCoverage="100" branchCoverage="100" isConstructor="false" isStatic="false" isGetter="false" isSetter="true">
              <Summary numSequencePoints="1" visitedSequencePoints="1" numBranchPoints="1" visitedBranchPoints="1" sequenceCoverage="100" branchCoverage="100" maxCyclomaticComplexity="1" minCyclomaticComplexity="1" visitedClasses="0" numClasses="0" visitedMethods="1" numMethods="1" />
              <MetadataToken>100663328</MetadataToken>
              <Name>System.Void Task.API.Response.ApiHttpResponse::set_ContentResult(System.Object)</Name>
              <FileRef uid="8" />
              <SequencePoints>
                <SequencePoint vc="12" uspid="91" ordinal="0" offset="0" sl="10" sc="45" el="10" ec="49" bec="0" bev="0" fileid="8" />
              </SequencePoints>
              <BranchPoints />
              <MethodPoint xsi:type="SequencePoint" vc="12" uspid="91" ordinal="0" offset="0" sl="10" sc="45" el="10" ec="49" bec="0" bev="0" fileid="8" />
            </Method>
            <Method visited="false" cyclomaticComplexity="1" sequenceCoverage="0" branchCoverage="0" isConstructor="false" isStatic="false" isGetter="true" isSetter="false">
              <Summary numSequencePoints="1" visitedSequencePoints="0" numBranchPoints="1" visitedBranchPoints="0" sequenceCoverage="0" branchCoverage="0" maxCyclomaticComplexity="1" minCyclomaticComplexity="1" visitedClasses="0" numClasses="0" visitedMethods="0" numMethods="1" />
              <MetadataToken>100663329</MetadataToken>
              <Name>System.Collections.Generic.List`1&lt;Task.API.Response.ErrorStateResponse&gt; Task.API.Response.ApiHttpResponse::get_ErrorResponseMessageList()</Name>
              <FileRef uid="8" />
              <SequencePoints>
                <SequencePoint vc="0" uspid="92" ordinal="0" offset="0" sl="11" sc="68" el="11" ec="72" bec="0" bev="0" fileid="8" />
              </SequencePoints>
              <BranchPoints />
              <MethodPoint xsi:type="SequencePoint" vc="0" uspid="92" ordinal="0" offset="0" sl="11" sc="68" el="11" ec="72" bec="0" bev="0" fileid="8" />
            </Method>
            <Method visited="false" cyclomaticComplexity="1" sequenceCoverage="0" branchCoverage="0" isConstructor="false" isStatic="false" isGetter="false" isSetter="true">
              <Summary numSequencePoints="1" visitedSequencePoints="0" numBranchPoints="1" visitedBranchPoints="0" sequenceCoverage="0" branchCoverage="0" maxCyclomaticComplexity="1" minCyclomaticComplexity="1" visitedClasses="0" numClasses="0" visitedMethods="0" numMethods="1" />
              <MetadataToken>100663330</MetadataToken>
              <Name>System.Void Task.API.Response.ApiHttpResponse::set_ErrorResponseMessageList(System.Collections.Generic.List`1&lt;Task.API.Response.ErrorStateResponse&gt;)</Name>
              <FileRef uid="8" />
              <SequencePoints>
                <SequencePoint vc="0" uspid="93" ordinal="0" offset="0" sl="11" sc="73" el="11" ec="77" bec="0" bev="0" fileid="8" />
              </SequencePoints>
              <BranchPoints />
              <MethodPoint xsi:type="SequencePoint" vc="0" uspid="93" ordinal="0" offset="0" sl="11" sc="73" el="11" ec="77" bec="0" bev="0" fileid="8" />
            </Method>
            <Method visited="true" cyclomaticComplexity="10" sequenceCoverage="90" branchCoverage="64.71" isConstructor="true" isStatic="false" isGetter="false" isSetter="false">
              <Summary numSequencePoints="10" visitedSequencePoints="9" numBranchPoints="17" visitedBranchPoints="11" sequenceCoverage="90" branchCoverage="64.71" maxCyclomaticComplexity="10" minCyclomaticComplexity="10" visitedClasses="0" numClasses="0" visitedMethods="1" numMethods="1" />
              <MetadataToken>100663331</MetadataToken>
              <Name>System.Void Task.API.Response.ApiHttpResponse::.ctor(System.Net.HttpStatusCode,System.Object,System.Collections.Generic.List`1&lt;Task.API.Response.ErrorStateResponse&gt;)</Name>
              <FileRef uid="8" />
              <SequencePoints>
                <SequencePoint vc="12" uspid="94" ordinal="0" offset="0" sl="13" sc="9" el="13" ec="127" bec="0" bev="0" fileid="8" />
                <SequencePoint vc="12" uspid="95" ordinal="1" offset="7" sl="14" sc="9" el="14" ec="10" bec="0" bev="0" fileid="8" />
                <SequencePoint vc="12" uspid="96" ordinal="2" offset="8" sl="15" sc="13" el="15" ec="40" bec="0" bev="0" fileid="8" />
                <SequencePoint vc="12" uspid="97" ordinal="3" offset="16" sl="16" sc="13" el="16" ec="98" bec="6" bev="3" fileid="8" />
                <SequencePoint vc="12" uspid="98" ordinal="4" offset="46" sl="17" sc="17" el="17" ec="43" bec="0" bev="0" fileid="8" />
                <SequencePoint vc="12" uspid="99" ordinal="5" offset="54" sl="18" sc="13" el="18" ec="32" bec="6" bev="5" fileid="8" />
                <SequencePoint vc="12" uspid="100" ordinal="6" offset="216" sl="19" sc="17" el="19" ec="40" bec="0" bev="0" fileid="8" />
                <SequencePoint vc="12" uspid="101" ordinal="7" offset="224" sl="21" sc="13" el="21" ec="64" bec="4" bev="2" fileid="8" />
                <SequencePoint vc="0" uspid="102" ordinal="8" offset="243" sl="22" sc="17" el="22" ec="57" bec="0" bev="0" fileid="8" />
                <SequencePoint vc="12" uspid="103" ordinal="9" offset="251" sl="23" sc="9" el="23" ec="10" bec="0" bev="0" fileid="8" />
              </SequencePoints>
              <BranchPoints>
                <BranchPoint vc="12" uspid="104" ordinal="0" offset="22" sl="16" path="0" offsetend="24" fileid="8" />
                <BranchPoint vc="0" uspid="105" ordinal="1" offset="22" sl="16" path="1" offsetend="41" fileid="8" />
                <BranchPoint vc="0" uspid="106" ordinal="2" offset="25" sl="16" path="0" offsetend="27" fileid="8" />
                <BranchPoint vc="12" uspid="107" ordinal="3" offset="25" sl="16" path="1" offsetend="38" fileid="8" />
                <BranchPoint vc="12" uspid="108" ordinal="4" offset="44" sl="16" path="0" offsetend="46" fileid="8" />
                <BranchPoint vc="0" uspid="109" ordinal="5" offset="44" sl="16" path="1" offsetend="54" fileid="8" />
                <BranchPoint vc="11" uspid="110" ordinal="6" offset="59" sl="18" path="0" offsetchain="61" offsetend="107" fileid="8" />
                <BranchPoint vc="1" uspid="111" ordinal="7" offset="59" sl="18" path="1" offsetend="63" fileid="8" />
                <BranchPoint vc="11" uspid="112" ordinal="8" offset="127" sl="18" path="0" offsetchain="129" offsetend="185" fileid="8" />
                <BranchPoint vc="1" uspid="113" ordinal="9" offset="127" sl="18" path="1" offsetend="131" fileid="8" />
                <BranchPoint vc="12" uspid="114" ordinal="10" offset="214" sl="18" path="0" offsetend="216" fileid="8" />
                <BranchPoint vc="0" uspid="115" ordinal="11" offset="214" sl="18" path="1" offsetend="224" fileid="8" />
                <BranchPoint vc="0" uspid="116" ordinal="12" offset="225" sl="21" path="0" offsetend="227" fileid="8" />
                <BranchPoint vc="12" uspid="117" ordinal="13" offset="225" sl="21" path="1" offsetend="238" fileid="8" />
                <BranchPoint vc="0" uspid="118" ordinal="14" offset="241" sl="21" path="0" offsetend="243" fileid="8" />
                <BranchPoint vc="12" uspid="119" ordinal="15" offset="241" sl="21" path="1" offsetend="251" fileid="8" />
              </BranchPoints>
              <MethodPoint xsi:type="SequencePoint" vc="12" uspid="94" ordinal="0" offset="0" sl="13" sc="9" el="13" ec="127" bec="0" bev="0" fileid="8" />
            </Method>
            <Method visited="false" cyclomaticComplexity="1" sequenceCoverage="0" branchCoverage="0" isConstructor="true" isStatic="false" isGetter="false" isSetter="false">
              <Summary numSequencePoints="3" visitedSequencePoints="0" numBranchPoints="1" visitedBranchPoints="0" sequenceCoverage="0" branchCoverage="0" maxCyclomaticComplexity="1" minCyclomaticComplexity="1" visitedClasses="0" numClasses="0" visitedMethods="0" numMethods="1" />
              <MetadataToken>100663332</MetadataToken>
              <Name>System.Void Task.API.Response.ApiHttpResponse::.ctor()</Name>
              <FileRef uid="8" />
              <SequencePoints>
                <SequencePoint vc="0" uspid="120" ordinal="0" offset="0" sl="24" sc="9" el="24" ec="33" bec="0" bev="0" fileid="8" />
                <SequencePoint vc="0" uspid="121" ordinal="1" offset="7" sl="25" sc="9" el="25" ec="10" bec="0" bev="0" fileid="8" />
                <SequencePoint vc="0" uspid="122" ordinal="2" offset="8" sl="26" sc="9" el="26" ec="10" bec="0" bev="0" fileid="8" />
              </SequencePoints>
              <BranchPoints />
              <MethodPoint xsi:type="SequencePoint" vc="0" uspid="120" ordinal="0" offset="0" sl="24" sc="9" el="24" ec="33" bec="0" bev="0" fileid="8" />
            </Method>
          </Methods>
        </Class>
        <Class>
          <Summary numSequencePoints="0" visitedSequencePoints="0" numBranchPoints="0" visitedBranchPoints="0" sequenceCoverage="0" branchCoverage="0" maxCyclomaticComplexity="0" minCyclomaticComplexity="0" visitedClasses="0" numClasses="0" visitedMethods="0" numMethods="0" />
          <FullName>Task.API.Response.ApiHttpResponse/&lt;&gt;o__12</FullName>
          <Methods />
        </Class>
        <Class>
          <Summary numSequencePoints="37" visitedSequencePoints="6" numBranchPoints="11" visitedBranchPoints="1" sequenceCoverage="16.22" branchCoverage="9.09" maxCyclomaticComplexity="3" minCyclomaticComplexity="1" visitedClasses="1" numClasses="1" visitedMethods="1" numMethods="3" />
          <FullName>Task.API.Response.BaseResponseMessage</FullName>
          <Methods>
            <Method visited="true" cyclomaticComplexity="1" sequenceCoverage="100" branchCoverage="100" isConstructor="false" isStatic="true" isGetter="false" isSetter="false">
              <Summary numSequencePoints="6" visitedSequencePoints="6" numBranchPoints="1" visitedBranchPoints="1" sequenceCoverage="100" branchCoverage="100" maxCyclomaticComplexity="1" minCyclomaticComplexity="1" visitedClasses="0" numClasses="0" visitedMethods="1" numMethods="1" />
              <MetadataToken>100663333</MetadataToken>
              <Name>System.Net.Http.HttpResponseMessage Task.API.Response.BaseResponseMessage::BuildApiResponse(System.Net.Http.HttpRequestMessage,System.Net.HttpStatusCode,System.Object,System.Collections.Generic.List`1&lt;Task.API.Response.ErrorStateResponse&gt;)</Name>
              <FileRef uid="9" />
              <SequencePoints>
                <SequencePoint vc="12" uspid="123" ordinal="0" offset="0" sl="12" sc="9" el="12" ec="10" bec="0" bev="0" fileid="9" />
                <SequencePoint vc="12" uspid="124" ordinal="1" offset="1" sl="13" sc="13" el="13" ec="83" bec="0" bev="0" fileid="9" />
                <SequencePoint vc="12" uspid="125" ordinal="2" offset="10" sl="14" sc="13" el="14" ec="74" bec="0" bev="0" fileid="9" />
                <SequencePoint vc="12" uspid="126" ordinal="3" offset="19" sl="15" sc="13" el="15" ec="49" bec="0" bev="0" fileid="9" />
                <SequencePoint vc="12" uspid="127" ordinal="4" offset="32" sl="16" sc="13" el="16" ec="29" bec="0" bev="0" fileid="9" />
                <SequencePoint vc="12" uspid="128" ordinal="5" offset="36" sl="17" sc="9" el="17" ec="10" bec="0" bev="0" fileid="9" />
              </SequencePoints>
              <BranchPoints />
              <MethodPoint xsi:type="SequencePoint" vc="12" uspid="123" ordinal="0" offset="0" sl="12" sc="9" el="12" ec="10" bec="0" bev="0" fileid="9" />
            </Method>
            <Method visited="false" cyclomaticComplexity="3" sequenceCoverage="0" branchCoverage="0" isConstructor="false" isStatic="true" isGetter="false" isSetter="false">
              <Summary numSequencePoints="15" visitedSequencePoints="0" numBranchPoints="5" visitedBranchPoints="0" sequenceCoverage="0" branchCoverage="0" maxCyclomaticComplexity="3" minCyclomaticComplexity="3" visitedClasses="0" numClasses="0" visitedMethods="0" numMethods="1" />
              <MetadataToken>100663334</MetadataToken>
              <Name>System.Net.Http.HttpResponseMessage Task.API.Response.BaseResponseMessage::BuildApiResponse(System.Net.Http.HttpRequestMessage,System.Net.HttpStatusCode,System.Object,System.Collections.Generic.List`1&lt;Task.API.Response.ErrorStateResponse&gt;,System.Collections.Generic.List`1&lt;Task.API.Response.Header&gt;)</Name>
              <FileRef uid="9" />
              <SequencePoints>
                <SequencePoint vc="0" uspid="129" ordinal="0" offset="0" sl="20" sc="9" el="20" ec="10" bec="0" bev="0" fileid="9" />
                <SequencePoint vc="0" uspid="130" ordinal="1" offset="1" sl="21" sc="13" el="21" ec="83" bec="0" bev="0" fileid="9" />
                <SequencePoint vc="0" uspid="131" ordinal="2" offset="10" sl="22" sc="13" el="22" ec="74" bec="0" bev="0" fileid="9" />
                <SequencePoint vc="0" uspid="132" ordinal="3" offset="19" sl="23" sc="13" el="23" ec="32" bec="2" bev="0" fileid="9" />
                <SequencePoint vc="0" uspid="133" ordinal="4" offset="28" sl="24" sc="13" el="24" ec="14" bec="0" bev="0" fileid="9" />
                <SequencePoint vc="0" uspid="134" ordinal="5" offset="29" sl="25" sc="17" el="25" ec="24" bec="0" bev="0" fileid="9" />
                <SequencePoint vc="0" uspid="135" ordinal="6" offset="30" sl="25" sc="38" el="25" ec="44" bec="0" bev="0" fileid="9" />
                <SequencePoint vc="0" uspid="136" ordinal="7" offset="40" sl="25" sc="26" el="25" ec="34" bec="0" bev="0" fileid="9" />
                <SequencePoint vc="0" uspid="137" ordinal="8" offset="49" sl="26" sc="17" el="26" ec="18" bec="0" bev="0" fileid="9" />
                <SequencePoint vc="0" uspid="138" ordinal="9" offset="50" sl="27" sc="21" el="27" ec="77" bec="0" bev="0" fileid="9" />
                <SequencePoint vc="0" uspid="139" ordinal="10" offset="76" sl="28" sc="17" el="28" ec="18" bec="0" bev="0" fileid="9" />
                <SequencePoint vc="0" uspid="140" ordinal="11" offset="77" sl="25" sc="35" el="25" ec="37" bec="2" bev="0" fileid="9" />
                <SequencePoint vc="0" uspid="141" ordinal="12" offset="103" sl="29" sc="13" el="29" ec="14" bec="0" bev="0" fileid="9" />
                <SequencePoint vc="0" uspid="142" ordinal="13" offset="104" sl="30" sc="13" el="30" ec="29" bec="0" bev="0" fileid="9" />
                <SequencePoint vc="0" uspid="143" ordinal="14" offset="109" sl="31" sc="9" el="31" ec="10" bec="0" bev="0" fileid="9" />
              </SequencePoints>
              <BranchPoints>
                <BranchPoint vc="0" uspid="144" ordinal="0" offset="26" sl="23" path="0" offsetend="28" fileid="9" />
                <BranchPoint vc="0" uspid="145" ordinal="1" offset="26" sl="23" path="1" offsetend="104" fileid="9" />
                <BranchPoint vc="0" uspid="146" ordinal="2" offset="84" sl="25" path="0" offsetend="86" fileid="9" />
                <BranchPoint vc="0" uspid="147" ordinal="3" offset="84" sl="25" path="1" offsetend="40" fileid="9" />
              </BranchPoints>
              <MethodPoint xsi:type="SequencePoint" vc="0" uspid="129" ordinal="0" offset="0" sl="20" sc="9" el="20" ec="10" bec="0" bev="0" fileid="9" />
            </Method>
            <Method visited="false" cyclomaticComplexity="3" sequenceCoverage="0" branchCoverage="0" isConstructor="false" isStatic="true" isGetter="false" isSetter="false">
              <Summary numSequencePoints="16" visitedSequencePoints="0" numBranchPoints="5" visitedBranchPoints="0" sequenceCoverage="0" branchCoverage="0" maxCyclomaticComplexity="3" minCyclomaticComplexity="3" visitedClasses="0" numClasses="0" visitedMethods="0" numMethods="1" />
              <MetadataToken>100663335</MetadataToken>
              <Name>System.Net.Http.HttpResponseMessage Task.API.Response.BaseResponseMessage::BuildApiResponse(System.Net.Http.HttpRequestMessage,System.Net.HttpStatusCode,System.Object,System.Collections.Generic.List`1&lt;Task.API.Response.ErrorStateResponse&gt;,Newtonsoft.Json.JsonSerializerSettings)</Name>
              <FileRef uid="9" />
              <SequencePoints>
                <SequencePoint vc="0" uspid="148" ordinal="0" offset="0" sl="34" sc="9" el="34" ec="10" bec="0" bev="0" fileid="9" />
                <SequencePoint vc="0" uspid="149" ordinal="1" offset="1" sl="35" sc="13" el="35" ec="85" bec="0" bev="0" fileid="9" />
                <SequencePoint vc="0" uspid="150" ordinal="2" offset="10" sl="36" sc="13" el="36" ec="32" bec="2" bev="0" fileid="9" />
                <SequencePoint vc="0" uspid="151" ordinal="3" offset="18" sl="37" sc="13" el="37" ec="14" bec="0" bev="0" fileid="9" />
                <SequencePoint vc="0" uspid="152" ordinal="4" offset="19" sl="38" sc="17" el="38" ec="52" bec="2" bev="0" fileid="9" />
                <SequencePoint vc="0" uspid="153" ordinal="5" offset="36" sl="39" sc="17" el="39" ec="18" bec="0" bev="0" fileid="9" />
                <SequencePoint vc="0" uspid="154" ordinal="6" offset="37" sl="40" sc="21" el="40" ec="61" bec="0" bev="0" fileid="9" />
                <SequencePoint vc="0" uspid="155" ordinal="7" offset="45" sl="41" sc="17" el="41" ec="18" bec="0" bev="0" fileid="9" />
                <SequencePoint vc="0" uspid="156" ordinal="8" offset="48" sl="43" sc="17" el="43" ec="18" bec="0" bev="0" fileid="9" />
                <SequencePoint vc="0" uspid="157" ordinal="9" offset="49" sl="44" sc="21" el="44" ec="62" bec="0" bev="0" fileid="9" />
                <SequencePoint vc="0" uspid="158" ordinal="10" offset="57" sl="45" sc="17" el="45" ec="18" bec="0" bev="0" fileid="9" />
                <SequencePoint vc="0" uspid="159" ordinal="11" offset="58" sl="46" sc="13" el="46" ec="14" bec="0" bev="0" fileid="9" />
                <SequencePoint vc="0" uspid="160" ordinal="12" offset="59" sl="47" sc="13" el="47" ec="83" bec="0" bev="0" fileid="9" />
                <SequencePoint vc="0" uspid="161" ordinal="13" offset="68" sl="48" sc="13" el="48" ec="74" bec="0" bev="0" fileid="9" />
                <SequencePoint vc="0" uspid="162" ordinal="14" offset="77" sl="49" sc="13" el="49" ec="29" bec="0" bev="0" fileid="9" />
                <SequencePoint vc="0" uspid="163" ordinal="15" offset="82" sl="50" sc="9" el="50" ec="10" bec="0" bev="0" fileid="9" />
              </SequencePoints>
              <BranchPoints>
                <BranchPoint vc="0" uspid="164" ordinal="0" offset="16" sl="36" path="0" offsetend="18" fileid="9" />
                <BranchPoint vc="0" uspid="165" ordinal="1" offset="16" sl="36" path="1" offsetend="59" fileid="9" />
                <BranchPoint vc="0" uspid="166" ordinal="2" offset="34" sl="38" path="0" offsetend="36" fileid="9" />
[...]
              <MetadataToken>100663318</MetadataToken>
              <Name>System.Void TaskManager.DataAccess.Task::set_Start_Date(System.DateTime)</Name>
              <FileRef uid="115" />
              <SequencePoints>
                <SequencePoint vc="95" uspid="2752" ordinal="0" offset="0" sl="20" sc="50" el="20" ec="54" bec="0" bev="0" fileid="115" />
              </SequencePoints>
              <BranchPoints />
              <MethodPoint xsi:type="SequencePoint" vc="95" uspid="2752" ordinal="0" offset="0" sl="20" sc="50" el="20" ec="54" bec="0" bev="0" fileid="115" />
            </Method>
            <Method visited="true" cyclomaticComplexity="1" sequenceCoverage="100" branchCoverage="100" isConstructor="false" isStatic="false" isGetter="true" isSetter="false">
              <Summary numSequencePoints="1" visitedSequencePoints="1" numBranchPoints="1" visitedBranchPoints="1" sequenceCoverage="100" branchCoverage="100" maxCyclomaticComplexity="1" minCyclomaticComplexity="1" visitedClasses="0" numClasses="0" visitedMethods="1" numMethods="1" />
              <MetadataToken>100663319</MetadataToken>
              <Name>System.DateTime TaskManager.DataAccess.Task::get_End_Date()</Name>
              <FileRef uid="115" />
              <SequencePoints>
                <SequencePoint vc="281" uspid="2753" ordinal="0" offset="0" sl="21" sc="43" el="21" ec="47" bec="0" bev="0" fileid="115" />
              </SequencePoints>
              <BranchPoints />
              <MethodPoint xsi:type="SequencePoint" vc="281" uspid="2753" ordinal="0" offset="0" sl="21" sc="43" el="21" ec="47" bec="0" bev="0" fileid="115" />
            </Method>
            <Method visited="true" cyclomaticComplexity="1" sequenceCoverage="100" branchCoverage="100" isConstructor="false" isStatic="false" isGetter="false" isSetter="true">
              <Summary numSequencePoints="1" visitedSequencePoints="1" numBranchPoints="1" visitedBranchPoints="1" sequenceCoverage="100" branchCoverage="100" maxCyclomaticComplexity="1" minCyclomaticComplexity="1" visitedClasses="0" numClasses="0" visitedMethods="1" numMethods="1" />
              <MetadataToken>100663320</MetadataToken>
              <Name>System.Void TaskManager.DataAccess.Task::set_End_Date(System.DateTime)</Name>
              <FileRef uid="115" />
              <SequencePoints>
                <SequencePoint vc="95" uspid="2754" ordinal="0" offset="0" sl="21" sc="48" el="21" ec="52" bec="0" bev="0" fileid="115" />
              </SequencePoints>
              <BranchPoints />
              <MethodPoint xsi:type="SequencePoint" vc="95" uspid="2754" ordinal="0" offset="0" sl="21" sc="48" el="21" ec="52" bec="0" bev="0" fileid="115" />
            </Method>
            <Method visited="true" cyclomaticComplexity="1" sequenceCoverage="100" branchCoverage="100" isConstructor="false" isStatic="false" isGetter="true" isSetter="false">
              <Summary numSequencePoints="1" visitedSequencePoints="1" numBranchPoints="1" visitedBranchPoints="1" sequenceCoverage="100" branchCoverage="100" maxCyclomaticComplexity="1" minCyclomaticComplexity="1" visitedClasses="0" numClasses="0" visitedMethods="1" numMethods="1" />
              <MetadataToken>100663321</MetadataToken>
              <Name>System.Int32 TaskManager.DataAccess.Task::get_Priority()</Name>
              <FileRef uid="115" />
              <SequencePoints>
                <SequencePoint vc="195" uspid="2755" ordinal="0" offset="0" sl="22" sc="31" el="22" ec="35" bec="0" bev="0" fileid="115" />
              </SequencePoints>
              <BranchPoints />
              <MethodPoint xsi:type="SequencePoint" vc="195" uspid="2755" ordinal="0" offset="0" sl="22" sc="31" el="22" ec="35" bec="0" bev="0" fileid="115" />
            </Method>
            <Method visited="true" cyclomaticComplexity="1" sequenceCoverage="100" branchCoverage="100" isConstructor="false" isStatic="false" isGetter="false" isSetter="true">
              <Summary numSequencePoints="1" visitedSequencePoints="1" numBranchPoints="1" visitedBranchPoints="1" sequenceCoverage="100" branchCoverage="100" maxCyclomaticComplexity="1" minCyclomaticComplexity="1" visitedClasses="0" numClasses="0" visitedMethods="1" numMethods="1" />
              <MetadataToken>100663322</MetadataToken>
              <Name>System.Void TaskManager.DataAccess.Task::set_Priority(System.Int32)</Name>
              <FileRef uid="115" />
              <SequencePoints>
                <SequencePoint vc="94" uspid="2756" ordinal="0" offset="0" sl="22" sc="36" el="22" ec="40" bec="0" bev="0" fileid="115" />
              </SequencePoints>
              <BranchPoints />
              <MethodPoint xsi:type="SequencePoint" vc="94" uspid="2756" ordinal="0" offset="0" sl="22" sc="36" el="22" ec="40" bec="0" bev="0" fileid="115" />
            </Method>
            <Method visited="true" cyclomaticComplexity="1" sequenceCoverage="100" branchCoverage="100" isConstructor="false" isStatic="false" isGetter="true" isSetter="false">
              <Summary numSequencePoints="1" visitedSequencePoints="1" numBranchPoints="1" visitedBranchPoints="1" sequenceCoverage="100" branchCoverage="100" maxCyclomaticComplexity="1" minCyclomaticComplexity="1" visitedClasses="0" numClasses="0" visitedMethods="1" numMethods="1" />
              <MetadataToken>100663323</MetadataToken>
              <Name>TaskManager.DataAccess.ParentTask TaskManager.DataAccess.Task::get_ParentTask()</Name>
              <FileRef uid="115" />
              <SequencePoints>
                <SequencePoint vc="22" uspid="2757" ordinal="0" offset="0" sl="24" sc="48" el="24" ec="52" bec="0" bev="0" fileid="115" />
              </SequencePoints>
              <BranchPoints />
              <MethodPoint xsi:type="SequencePoint" vc="22" uspid="2757" ordinal="0" offset="0" sl="24" sc="48" el="24" ec="52" bec="0" bev="0" fileid="115" />
            </Method>
            <Method visited="true" cyclomaticComplexity="1" sequenceCoverage="100" branchCoverage="100" isConstructor="false" isStatic="false" isGetter="false" isSetter="true">
              <Summary numSequencePoints="1" visitedSequencePoints="1" numBranchPoints="1" visitedBranchPoints="1" sequenceCoverage="100" branchCoverage="100" maxCyclomaticComplexity="1" minCyclomaticComplexity="1" visitedClasses="0" numClasses="0" visitedMethods="1" numMethods="1" />
              <MetadataToken>100663324</MetadataToken>
              <Name>System.Void TaskManager.DataAccess.Task::set_ParentTask(TaskManager.DataAccess.ParentTask)</Name>
              <FileRef uid="115" />
              <SequencePoints>
                <SequencePoint vc="2" uspid="2758" ordinal="0" offset="0" sl="24" sc="53" el="24" ec="57" bec="0" bev="0" fileid="115" />
              </SequencePoints>
              <BranchPoints />
              <MethodPoint xsi:type="SequencePoint" vc="2" uspid="2758" ordinal="0" offset="0" sl="24" sc="53" el="24" ec="57" bec="0" bev="0" fileid="115" />
            </Method>
            <Method visited="true" cyclomaticComplexity="1" sequenceCoverage="0" branchCoverage="0" isConstructor="true" isStatic="false" isGetter="false" isSetter="false">
              <Summary numSequencePoints="0" visitedSequencePoints="0" numBranchPoints="0" visitedBranchPoints="0" sequenceCoverage="0" branchCoverage="0" maxCyclomaticComplexity="1" minCyclomaticComplexity="1" visitedClasses="0" numClasses="0" visitedMethods="0" numMethods="0" />
              <MetadataToken>100663325</MetadataToken>
              <Name>System.Void TaskManager.DataAccess.Task::.ctor()</Name>
              <SequencePoints />
              <BranchPoints />
              <MethodPoint vc="96" uspid="2759" ordinal="0" offset="0" />
            </Method>
          </Methods>
        </Class>
        <Class>
          <Summary numSequencePoints="9" visitedSequencePoints="7" numBranchPoints="6" visitedBranchPoints="5" sequenceCoverage="77.78" branchCoverage="83.33" maxCyclomaticComplexity="1" minCyclomaticComplexity="1" visitedClasses="1" numClasses="1" visitedMethods="5" numMethods="6" />
          <FullName>TaskManager.DataAccess.TaskManagerEntities</FullName>
          <Methods>
            <Method visited="true" cyclomaticComplexity="1" sequenceCoverage="100" branchCoverage="100" isConstructor="false" isStatic="false" isGetter="true" isSetter="false">
              <Summary numSequencePoints="1" visitedSequencePoints="1" numBranchPoints="1" visitedBranchPoints="1" sequenceCoverage="100" branchCoverage="100" maxCyclomaticComplexity="1" minCyclomaticComplexity="1" visitedClasses="0" numClasses="0" visitedMethods="1" numMethods="1" />
              <MetadataToken>100663328</MetadataToken>
              <Name>System.Data.Entity.DbSet`1&lt;TaskManager.DataAccess.ParentTask&gt; TaskManager.DataAccess.TaskManagerEntities::get_ParentTasks()</Name>
              <FileRef uid="116" />
              <SequencePoints>
                <SequencePoint vc="4" uspid="2760" ordinal="0" offset="0" sl="28" sc="56" el="28" ec="60" bec="0" bev="0" fileid="116" />
              </SequencePoints>
              <BranchPoints />
              <MethodPoint xsi:type="SequencePoint" vc="4" uspid="2760" ordinal="0" offset="0" sl="28" sc="56" el="28" ec="60" bec="0" bev="0" fileid="116" />
            </Method>
            <Method visited="true" cyclomaticComplexity="1" sequenceCoverage="100" branchCoverage="100" isConstructor="false" isStatic="false" isGetter="false" isSetter="true">
              <Summary numSequencePoints="1" visitedSequencePoints="1" numBranchPoints="1" visitedBranchPoints="1" sequenceCoverage="100" branchCoverage="100" maxCyclomaticComplexity="1" minCyclomaticComplexity="1" visitedClasses="0" numClasses="0" visitedMethods="1" numMethods="1" />
              <MetadataToken>100663329</MetadataToken>
              <Name>System.Void TaskManager.DataAccess.TaskManagerEntities::set_ParentTasks(System.Data.Entity.DbSet`1&lt;TaskManager.DataAccess.ParentTask&gt;)</Name>
              <FileRef uid="116" />
              <SequencePoints>
                <SequencePoint vc="14" uspid="2761" ordinal="0" offset="0" sl="28" sc="61" el="28" ec="65" bec="0" bev="0" fileid="116" />
              </SequencePoints>
              <BranchPoints />
              <MethodPoint xsi:type="SequencePoint" vc="14" uspid="2761" ordinal="0" offset="0" sl="28" sc="61" el="28" ec="65" bec="0" bev="0" fileid="116" />
            </Method>
            <Method visited="true" cyclomaticComplexity="1" sequenceCoverage="100" branchCoverage="100" isConstructor="false" isStatic="false" isGetter="true" isSetter="false">
              <Summary numSequencePoints="1" visitedSequencePoints="1" numBranchPoints="1" visitedBranchPoints="1" sequenceCoverage="100" branchCoverage="100" maxCyclomaticComplexity="1" minCyclomaticComplexity="1" visitedClasses="0" numClasses="0" visitedMethods="1" numMethods="1" />
              <MetadataToken>100663330</MetadataToken>
              <Name>System.Data.Entity.DbSet`1&lt;TaskManager.DataAccess.Task&gt; TaskManager.DataAccess.TaskManagerEntities::get_Tasks()</Name>
              <FileRef uid="116" />
              <SequencePoints>
                <SequencePoint vc="16" uspid="2762" ordinal="0" offset="0" sl="29" sc="44" el="29" ec="48" bec="0" bev="0" fileid="116" />
              </SequencePoints>
              <BranchPoints />
              <MethodPoint xsi:type="SequencePoint" vc="16" uspid="2762" ordinal="0" offset="0" sl="29" sc="44" el="29" ec="48" bec="0" bev="0" fileid="116" />
            </Method>
            <Method visited="true" cyclomaticComplexity="1" sequenceCoverage="100" branchCoverage="100" isConstructor="false" isStatic="false" isGetter="false" isSetter="true">
              <Summary numSequencePoints="1" visitedSequencePoints="1" numBranchPoints="1" visitedBranchPoints="1" sequenceCoverage="100" branchCoverage="100" maxCyclomaticComplexity="1" minCyclomaticComplexity="1" visitedClasses="0" numClasses="0" visitedMethods="1" numMethods="1" />
              <MetadataToken>100663331</MetadataToken>
              <Name>System.Void TaskManager.DataAccess.TaskManagerEntities::set_Tasks(System.Data.Entity.DbSet`1&lt;TaskManager.DataAccess.Task&gt;)</Name>
              <FileRef uid="116" />
              <SequencePoints>
                <SequencePoint vc="14" uspid="2763" ordinal="0" offset="0" sl="29" sc="49" el="29" ec="53" bec="0" bev="0" fileid="116" />
              </SequencePoints>
              <BranchPoints />
              <MethodPoint xsi:type="SequencePoint" vc="14" uspid="2763" ordinal="0" offset="0" sl="29" sc="49" el="29" ec="53" bec="0" bev="0" fileid="116" />
            </Method>
            <Method visited="true" cyclomaticComplexity="1" sequenceCoverage="100" branchCoverage="100" isConstructor="true" isStatic="false" isGetter="false" isSetter="false">
              <Summary numSequencePoints="3" visitedSequencePoints="3" numBranchPoints="1" visitedBranchPoints="1" sequenceCoverage="100" branchCoverage="100" maxCyclomaticComplexity="1" minCyclomaticComplexity="1" visitedClasses="0" numClasses="0" visitedMethods="1" numMethods="1" />
              <MetadataToken>100663326</MetadataToken>
              <Name>System.Void TaskManager.DataAccess.TaskManagerEntities::.ctor()</Name>
              <FileRef uid="116" />
              <SequencePoints>
                <SequencePoint vc="14" uspid="2764" ordinal="0" offset="0" sl="19" sc="15" el="19" ec="47" bec="0" bev="0" fileid="116" />
                <SequencePoint vc="14" uspid="2765" ordinal="1" offset="12" sl="20" sc="9" el="20" ec="10" bec="0" bev="0" fileid="116" />
                <SequencePoint vc="14" uspid="2766" ordinal="2" offset="13" sl="21" sc="9" el="21" ec="10" bec="0" bev="0" fileid="116" />
              </SequencePoints>
              <BranchPoints />
              <MethodPoint xsi:type="SequencePoint" vc="14" uspid="2764" ordinal="0" offset="0" sl="19" sc="15" el="19" ec="47" bec="0" bev="0" fileid="116" />
            </Method>
            <Method visited="false" cyclomaticComplexity="1" sequenceCoverage="0" branchCoverage="0" isConstructor="false" isStatic="false" isGetter="false" isSetter="false">
              <Summary numSequencePoints="2" visitedSequencePoints="0" numBranchPoints="1" visitedBranchPoints="0" sequenceCoverage="0" branchCoverage="0" maxCyclomaticComplexity="1" minCyclomaticComplexity="1" visitedClasses="0" numClasses="0" visitedMethods="0" numMethods="1" />
              <MetadataToken>100663327</MetadataToken>
              <Name>System.Void TaskManager.DataAccess.TaskManagerEntities::OnModelCreating(System.Data.Entity.DbModelBuilder)</Name>
              <FileRef uid="116" />
              <SequencePoints>
                <SequencePoint vc="0" uspid="2767" ordinal="0" offset="0" sl="24" sc="9" el="24" ec="10" bec="0" bev="0" fileid="116" />
                <SequencePoint vc="0" uspid="2768" ordinal="1" offset="1" sl="25" sc="13" el="25" ec="57" bec="0" bev="0" fileid="116" />
              </SequencePoints>
              <BranchPoints />
              <MethodPoint xsi:type="SequencePoint" vc="0" uspid="2767" ordinal="0" offset="0" sl="24" sc="9" el="24" ec="10" bec="0" bev="0" fileid="116" />
            </Method>
          </Methods>
        </Class>
      </Classes>
    </Module>
    <Module skippedDueTo="MissingPdb" hash="C6-86-9E-2D-E3-08-09-F9-44-E1-2B-79-F2-16-CE-6C-FB-68-C9-CC">
      <FullName>C:\Users\Administrator\Source\Repos\FSE_Cap_TaskMGRAPI\UnitTest\TaskManager.DataAccess.Tests\bin\Debug\EntityFramework.dll</FullName>
      <ModuleName>EntityFramework</ModuleName>
      <Classes />
    </Module>
    <Module skippedDueTo="Filter" hash="8E-31-7E-A0-09-4A-19-0E-70-44-6D-0D-D0-70-DF-DB-DB-AD-E7-E3">
      <FullName>C:\Windows\Microsoft.Net\assembly\GAC_64\System.Data\v4.0_4.0.0.0__b77a5c561934e089\System.Data.dll</FullName>
      <ModuleName>System.Data</ModuleName>
      <Classes />
    </Module>
    <Module skippedDueTo="MissingPdb" hash="4C-C8-46-ED-D6-9A-AC-12-E1-88-9C-10-62-C2-5E-B3-0B-57-11-4F">
      <FullName>C:\Users\Administrator\Source\Repos\FSE_Cap_TaskMGRAPI\UnitTest\TaskManager.DataAccess.Tests\bin\Debug\EntityFramework.SqlServer.dll</FullName>
      <ModuleName>EntityFramework.SqlServer</ModuleName>
      <Classes />
    </Module>
    <Module skippedDueTo="MissingPdb" hash="">
      <FullName>RefEmit_InMemoryManifestModule</FullName>
      <ModuleName>Anonymously Hosted DynamicMethods Assembly</ModuleName>
      <Classes />
    </Module>
    <Module skippedDueTo="Filter" hash="E7-1A-67-23-94-8C-50-55-9D-7E-AA-D5-B6-55-A7-09-01-B6-AE-9C">
      <FullName>C:\Windows\Microsoft.Net\assembly\GAC_64\System.Transactions\v4.0_4.0.0.0__b77a5c561934e089\System.Transactions.dll</FullName>
      <ModuleName>System.Transactions</ModuleName>
      <Classes />
    </Module>
    <Module skippedDueTo="Filter" hash="53-BE-40-65-72-CF-40-9A-6B-43-AD-5D-1B-BB-67-61-8D-23-0F-4F">
      <FullName>C:\Windows\Microsoft.Net\assembly\GAC_MSIL\System.Numerics\v4.0_4.0.0.0__b77a5c561934e089\System.Numerics.dll</FullName>
      <ModuleName>System.Numerics</ModuleName>
      <Classes />
    </Module>
    <Module skippedDueTo="Filter" hash="84-7B-1F-4A-05-84-B7-7D-F9-42-AA-52-26-D7-4D-63-03-6D-E9-19">
      <FullName>C:\Windows\Microsoft.Net\assembly\GAC_64\System.Data.OracleClient\v4.0_4.0.0.0__b77a5c561934e089\System.Data.OracleClient.dll</FullName>
      <ModuleName>System.Data.OracleClient</ModuleName>
      <Classes />
    </Module>
    <Module skippedDueTo="Filter" hash="BC-E7-A1-CB-53-F2-8B-70-A3-AF-F6-77-E3-8F-51-A7-98-F5-7F-55">
      <FullName>C:\Windows\Microsoft.Net\assembly\GAC_MSIL\System.Xml.Linq\v4.0_4.0.0.0__b77a5c561934e089\System.Xml.Linq.dll</FullName>
      <ModuleName>System.Xml.Linq</ModuleName>
      <Classes />
    </Module>
    <Module skippedDueTo="Filter" hash="C8-1F-BC-76-09-92-8C-59-EC-98-C7-50-72-E1-1B-96-23-99-B6-BE">
      <FullName>C:\Windows\Microsoft.Net\assembly\GAC_64\System.EnterpriseServices\v4.0_4.0.0.0__b03f5f7f11d50a3a\System.EnterpriseServices.dll</FullName>
      <ModuleName>System.EnterpriseServices</ModuleName>
      <Classes />
    </Module>
    <Module skippedDueTo="MissingPdb" hash="">
      <FullName>RefEmit_InMemoryManifestModule</FullName>
      <ModuleName>EntityFrameworkDynamicProxies-TaskManager.DataAccess</ModuleName>
      <Classes />
    </Module>
    <Module skippedDueTo="Filter" hash="83-A7-AC-A7-94-93-CF-44-03-54-13-06-6E-76-C1-AE-60-EF-BA-1F">
      <FullName>C:\Windows\Microsoft.Net\assembly\GAC_MSIL\System.Web.Extensions\v4.0_4.0.0.0__31bf3856ad364e35\System.Web.Extensions.dll</FullName>
      <ModuleName>System.Web.Extensions</ModuleName>
      <Classes />
    </Module>
    <Module skippedDueTo="MissingPdb" hash="C3-9D-4E-A9-3E-A4-48-75-50-DD-26-99-59-BB-B9-BB-BE-78-68-6C">
      <FullName>C:\Windows\Microsoft.Net\assembly\GAC_MSIL\Microsoft.CSharp\v4.0_4.0.0.0__b03f5f7f11d50a3a\Microsoft.CSharp.dll</FullName>
      <ModuleName>Microsoft.CSharp</ModuleName>
      <Classes />
    </Module>
    <Module skippedDueTo="Filter" hash="BC-73-FB-90-98-40-AC-AF-59-BA-B1-B4-D8-62-DB-E5-06-33-1E-C5">
      <FullName>C:\Windows\Microsoft.Net\assembly\GAC_MSIL\System.ServiceModel.Internals\v4.0_4.0.0.0__31bf3856ad364e35\System.ServiceModel.Internals.dll</FullName>
      <ModuleName>System.ServiceModel.Internals</ModuleName>
      <Classes />
    </Module>
    <Module skippedDueTo="Filter" hash="B0-AB-62-4B-AA-32-AD-A8-2E-19-2B-B2-98-82-02-06-E8-CF-C0-67">
      <FullName>C:\Windows\Microsoft.Net\assembly\GAC_MSIL\System.ComponentModel.DataAnnotations\v4.0_4.0.0.0__31bf3856ad364e35\System.ComponentModel.DataAnnotations.dll</FullName>
      <ModuleName>System.ComponentModel.DataAnnotations</ModuleName>
      <Classes />
    </Module>
  </Modules>
</CoverageSession>